[0.025s] Invoking command in '/home/ubuntu/ros2_ws/build/cv_bridge': CMAKE_PREFIX_PATH=/opt/ros/foxy /usr/bin/cmake /home/ubuntu/ros2_ws/src/vision_opencv/cv_bridge -DUSE_PANGOLIN_VIEWER=OFF -DUSE_SOCKET_PUBLISHER=OFF -DAMENT_CMAKE_SYMLINK_INSTALL=1 -DCMAKE_INSTALL_PREFIX=/home/ubuntu/ros2_ws/install/cv_bridge
[0.035s] -- Found ament_cmake_ros: 0.9.2 (/opt/ros/foxy/share/ament_cmake_ros/cmake)
[0.053s] -- Found PythonInterp: /usr/bin/python3 (found suitable version "3.8.10", minimum required is "3") 
[0.053s] -- Using PYTHON_EXECUTABLE: /usr/bin/python3
[0.231s] -- Override CMake install command with custom implementation using symlinks instead of copying resources
[0.239s] -- Found PythonLibs: /usr/lib/x86_64-linux-gnu/libpython3.8.so (found version "3.8.10") 
[0.246s] -- Found rcpputils: 1.3.2 (/opt/ros/foxy/share/rcpputils/cmake)
[0.259s] -- Found sensor_msgs: 2.0.5 (/opt/ros/foxy/share/sensor_msgs/cmake)
[0.266s] -- Using all available rosidl_typesupport_c: rosidl_typesupport_fastrtps_c;rosidl_typesupport_introspection_c
[0.268s] -- Found rosidl_adapter: 1.3.0 (/opt/ros/foxy/share/rosidl_adapter/cmake)
[0.373s] -- Using all available rosidl_typesupport_cpp: rosidl_typesupport_fastrtps_cpp;rosidl_typesupport_introspection_cpp
[0.515s] -- Found PythonInterp: /usr/bin/python3 (found version "3.8.10") 
[0.517s] -- Found PythonLibs: /usr/lib/x86_64-linux-gnu/libpython3.8.so (found suitable version "3.8.10", minimum required is "3.8") 
[0.518s] -- Found ament_lint_auto: 0.9.7 (/opt/ros/foxy/share/ament_lint_auto/cmake)
[0.573s] -- Found gtest sources under '/opt/ros/foxy/src/gtest_vendor': C++ tests using 'Google Test' will be built
[1.072s] CMake Warning at /opt/ros/foxy/share/ament_cmake_pytest/cmake/ament_add_pytest_test.cmake:77 (message):
[1.072s]   The Python module 'pytest' was not found, pytests can not be run (e.g.  on
[1.072s]   Ubuntu/Debian install the package 'python3-pytest')
[1.072s] Call Stack (most recent call first):
[1.072s]   test/CMakeLists.txt:29 (ament_add_pytest_test)
[1.072s] 
[1.073s] 
[1.523s] CMake Warning at /opt/ros/foxy/share/ament_cmake_pytest/cmake/ament_add_pytest_test.cmake:77 (message):
[1.523s]   The Python module 'pytest' was not found, pytests can not be run (e.g.  on
[1.523s]   Ubuntu/Debian install the package 'python3-pytest')
[1.524s] Call Stack (most recent call first):
[1.524s]   test/CMakeLists.txt:30 (ament_add_pytest_test)
[1.524s] 
[1.524s] 
[1.962s] CMake Warning at /opt/ros/foxy/share/ament_cmake_pytest/cmake/ament_add_pytest_test.cmake:77 (message):
[1.962s]   The Python module 'pytest' was not found, pytests can not be run (e.g.  on
[1.962s]   Ubuntu/Debian install the package 'python3-pytest')
[1.962s] Call Stack (most recent call first):
[1.962s]   test/CMakeLists.txt:31 (ament_add_pytest_test)
[1.963s] 
[1.963s] 
[2.020s] -- Configuring done
[2.032s] -- Generating done
[2.033s] CMake Warning:
[2.033s]   Manually-specified variables were not used by the project:
[2.033s] 
[2.033s]     USE_PANGOLIN_VIEWER
[2.033s] 
[2.033s] 
[2.034s] -- Build files have been written to: /home/ubuntu/ros2_ws/build/cv_bridge
