[0.023s] Invoking command in '/home/ubuntu/ros2_ws/build/image_geometry': CMAKE_PREFIX_PATH=/opt/ros/foxy /usr/bin/cmake --build /home/ubuntu/ros2_ws/build/image_geometry -- -j16 -l16
[0.066s] [ 18%] Built target gtest_main
[0.067s] [ 36%] Built target gtest
[0.070s] [ 63%] Built target image_geometry
[0.094s] [ 90%] Built target image_geometry-utest
[0.094s] [100%] Built target image_geometry-utest-equi
[0.106s] Invoked command in '/home/ubuntu/ros2_ws/build/image_geometry' returned '0': CMAKE_PREFIX_PATH=/opt/ros/foxy /usr/bin/cmake --build /home/ubuntu/ros2_ws/build/image_geometry -- -j16 -l16
[0.136s] Invoking command in '/home/ubuntu/ros2_ws/build/image_geometry': CMAKE_PREFIX_PATH=/opt/ros/foxy /usr/bin/cmake --install /home/ubuntu/ros2_ws/build/image_geometry
[0.142s] -- Install configuration: ""
[0.143s] -- Execute custom install script
[0.143s] -- Up-to-date symlink: /home/ubuntu/ros2_ws/install/image_geometry/share/image_geometry/environment/pythonpath.sh
[0.143s] -- Up-to-date symlink: /home/ubuntu/ros2_ws/install/image_geometry/share/image_geometry/environment/pythonpath.dsv
[0.143s] -- Up-to-date symlink: /home/ubuntu/ros2_ws/install/image_geometry/lib/python3.8/site-packages/image_geometry/__init__.py
[0.144s] -- Up-to-date symlink: /home/ubuntu/ros2_ws/install/image_geometry/lib/python3.8/site-packages/image_geometry/cameramodels.py
[0.144s] -- Up-to-date symlink: /home/ubuntu/ros2_ws/install/image_geometry/include/image_geometry/pinhole_camera_model.h
[0.144s] -- Up-to-date symlink: /home/ubuntu/ros2_ws/install/image_geometry/include/image_geometry/stereo_camera_model.h
[0.144s] -- Up-to-date symlink: /home/ubuntu/ros2_ws/install/image_geometry/include/image_geometry/visibility_control.hpp
[0.144s] -- Up-to-date symlink: /home/ubuntu/ros2_ws/install/image_geometry/lib/libimage_geometry.so
[0.144s] -- Up-to-date symlink: /home/ubuntu/ros2_ws/install/image_geometry/share/image_geometry/environment/library_path.sh
[0.145s] -- Up-to-date symlink: /home/ubuntu/ros2_ws/install/image_geometry/share/image_geometry/environment/library_path.dsv
[0.145s] -- Up-to-date symlink: /home/ubuntu/ros2_ws/install/image_geometry/share/ament_index/resource_index/package_run_dependencies/image_geometry
[0.145s] -- Up-to-date symlink: /home/ubuntu/ros2_ws/install/image_geometry/share/ament_index/resource_index/parent_prefix_path/image_geometry
[0.145s] -- Up-to-date symlink: /home/ubuntu/ros2_ws/install/image_geometry/share/image_geometry/environment/ament_prefix_path.sh
[0.145s] -- Up-to-date symlink: /home/ubuntu/ros2_ws/install/image_geometry/share/image_geometry/environment/ament_prefix_path.dsv
[0.146s] -- Up-to-date symlink: /home/ubuntu/ros2_ws/install/image_geometry/share/image_geometry/environment/path.sh
[0.146s] -- Up-to-date symlink: /home/ubuntu/ros2_ws/install/image_geometry/share/image_geometry/environment/path.dsv
[0.146s] -- Up-to-date symlink: /home/ubuntu/ros2_ws/install/image_geometry/share/image_geometry/local_setup.bash
[0.146s] -- Up-to-date symlink: /home/ubuntu/ros2_ws/install/image_geometry/share/image_geometry/local_setup.sh
[0.146s] -- Up-to-date symlink: /home/ubuntu/ros2_ws/install/image_geometry/share/image_geometry/local_setup.zsh
[0.147s] -- Up-to-date symlink: /home/ubuntu/ros2_ws/install/image_geometry/share/image_geometry/local_setup.dsv
[0.147s] -- Symlinking: /home/ubuntu/ros2_ws/install/image_geometry/share/image_geometry/package.dsv
[0.153s] -- Up-to-date symlink: /home/ubuntu/ros2_ws/install/image_geometry/share/ament_index/resource_index/packages/image_geometry
[0.154s] -- Up-to-date symlink: /home/ubuntu/ros2_ws/install/image_geometry/share/image_geometry/cmake/ament_cmake_export_libraries-extras.cmake
[0.154s] -- Up-to-date symlink: /home/ubuntu/ros2_ws/install/image_geometry/share/image_geometry/cmake/ament_cmake_export_dependencies-extras.cmake
[0.154s] -- Up-to-date symlink: /home/ubuntu/ros2_ws/install/image_geometry/share/image_geometry/cmake/ament_cmake_export_include_directories-extras.cmake
[0.154s] -- Up-to-date symlink: /home/ubuntu/ros2_ws/install/image_geometry/share/image_geometry/cmake/image_geometryConfig.cmake
[0.154s] -- Up-to-date symlink: /home/ubuntu/ros2_ws/install/image_geometry/share/image_geometry/cmake/image_geometryConfig-version.cmake
[0.155s] -- Up-to-date symlink: /home/ubuntu/ros2_ws/install/image_geometry/share/image_geometry/package.xml
[0.180s] Listing '/home/ubuntu/ros2_ws/install/image_geometry/lib/python3.8/site-packages/image_geometry'...
[0.184s] Invoked command in '/home/ubuntu/ros2_ws/build/image_geometry' returned '0': CMAKE_PREFIX_PATH=/opt/ros/foxy /usr/bin/cmake --install /home/ubuntu/ros2_ws/build/image_geometry
