[0.026s] Invoking command in '/home/ubuntu/ros2_ws/src/build/cv_bridge': CMAKE_PREFIX_PATH=/opt/ros/foxy /usr/bin/cmake /home/ubuntu/ros2_ws/src/vision_opencv/cv_bridge -DUSE_PANGOLIN_VIEWER=OFF -DUSE_SOCKET_PUBLISHER=OFF -DAMENT_CMAKE_SYMLINK_INSTALL=1 -DCMAKE_INSTALL_PREFIX=/home/ubuntu/ros2_ws/src/install/cv_bridge
[0.062s] -- The C compiler identification is GNU 9.4.0
[0.100s] -- The CXX compiler identification is GNU 9.4.0
[0.105s] -- Check for working C compiler: /usr/bin/cc
[0.153s] -- Check for working C compiler: /usr/bin/cc -- works
[0.154s] -- Detecting C compiler ABI info
[0.203s] -- Detecting C compiler ABI info - done
[0.215s] -- Detecting C compile features
[0.216s] -- Detecting C compile features - done
[0.217s] -- Check for working CXX compiler: /usr/bin/c++
[0.271s] -- Check for working CXX compiler: /usr/bin/c++ -- works
[0.271s] -- Detecting CXX compiler ABI info
[0.328s] -- Detecting CXX compiler ABI info - done
[0.336s] -- Detecting CXX compile features
[0.336s] -- Detecting CXX compile features - done
[0.339s] -- Found ament_cmake_ros: 0.9.2 (/opt/ros/foxy/share/ament_cmake_ros/cmake)
[0.364s] -- Found PythonInterp: /usr/bin/python3 (found suitable version "3.8.10", minimum required is "3") 
[0.364s] -- Using PYTHON_EXECUTABLE: /usr/bin/python3
[0.550s] -- Override CMake install command with custom implementation using symlinks instead of copying resources
[0.596s] -- Found PythonLibs: /usr/lib/x86_64-linux-gnu/libpython3.8.so (found version "3.8.10") 
[0.605s] -- Found Boost: /usr/lib/x86_64-linux-gnu/cmake/Boost-1.71.0/BoostConfig.cmake (found version "1.71.0") found components: python 
[0.607s] -- Found rcpputils: 1.3.2 (/opt/ros/foxy/share/rcpputils/cmake)
[0.613s] -- Found sensor_msgs: 2.0.5 (/opt/ros/foxy/share/sensor_msgs/cmake)
[0.626s] -- Using all available rosidl_typesupport_c: rosidl_typesupport_fastrtps_c;rosidl_typesupport_introspection_c
[0.630s] -- Found rosidl_adapter: 1.3.0 (/opt/ros/foxy/share/rosidl_adapter/cmake)
[0.703s] -- Found OpenSSL: /usr/lib/x86_64-linux-gnu/libcrypto.so (found version "1.1.1f")  
[0.735s] -- Found FastRTPS: /opt/ros/foxy/include  
[0.801s] -- Using all available rosidl_typesupport_cpp: rosidl_typesupport_fastrtps_cpp;rosidl_typesupport_introspection_cpp
[0.955s] -- Performing Test COMPILER_HAS_HIDDEN_VISIBILITY
[1.009s] -- Performing Test COMPILER_HAS_HIDDEN_VISIBILITY - Success
[1.009s] -- Performing Test COMPILER_HAS_HIDDEN_INLINE_VISIBILITY
[1.063s] -- Performing Test COMPILER_HAS_HIDDEN_INLINE_VISIBILITY - Success
[1.064s] -- Performing Test COMPILER_HAS_DEPRECATED_ATTR
[1.116s] -- Performing Test COMPILER_HAS_DEPRECATED_ATTR - Success
[1.135s] -- Found PythonInterp: /usr/bin/python3 (found version "3.8.10") 
[1.136s] -- Found PythonLibs: /usr/lib/x86_64-linux-gnu/libpython3.8.so (found suitable version "3.8.10", minimum required is "3.8") 
[1.218s] -- Found ament_lint_auto: 0.9.7 (/opt/ros/foxy/share/ament_lint_auto/cmake)
[1.290s] -- Found gtest sources under '/opt/ros/foxy/src/gtest_vendor': C++ tests using 'Google Test' will be built
[1.292s] -- Looking for pthread.h
[1.348s] -- Looking for pthread.h - found
[1.348s] -- Performing Test CMAKE_HAVE_LIBC_PTHREAD
[1.408s] -- Performing Test CMAKE_HAVE_LIBC_PTHREAD - Failed
[1.408s] -- Check if compiler accepts -pthread
[1.485s] -- Check if compiler accepts -pthread - yes
[1.486s] -- Found Threads: TRUE  
[2.373s] CMake Warning at /opt/ros/foxy/share/ament_cmake_pytest/cmake/ament_add_pytest_test.cmake:77 (message):
[2.373s]   The Python module 'pytest' was not found, pytests can not be run (e.g.  on
[2.373s]   Ubuntu/Debian install the package 'python3-pytest')
[2.373s] Call Stack (most recent call first):
[2.373s]   test/CMakeLists.txt:29 (ament_add_pytest_test)
[2.373s] 
[2.373s] 
[3.271s] CMake Warning at /opt/ros/foxy/share/ament_cmake_pytest/cmake/ament_add_pytest_test.cmake:77 (message):
[3.271s]   The Python module 'pytest' was not found, pytests can not be run (e.g.  on
[3.271s]   Ubuntu/Debian install the package 'python3-pytest')
[3.271s] Call Stack (most recent call first):
[3.271s]   test/CMakeLists.txt:30 (ament_add_pytest_test)
[3.272s] 
[3.272s] 
[3.841s] CMake Warning at /opt/ros/foxy/share/ament_cmake_pytest/cmake/ament_add_pytest_test.cmake:77 (message):
[3.841s]   The Python module 'pytest' was not found, pytests can not be run (e.g.  on
[3.841s]   Ubuntu/Debian install the package 'python3-pytest')
[3.842s] Call Stack (most recent call first):
[3.842s]   test/CMakeLists.txt:31 (ament_add_pytest_test)
[3.842s] 
[3.842s] 
[3.924s] -- Configuring done
[3.980s] -- Generating done
[3.982s] CMake Warning:
[3.982s]   Manually-specified variables were not used by the project:
[3.982s] 
[3.982s]     USE_PANGOLIN_VIEWER
[3.982s]     USE_SOCKET_PUBLISHER
[3.982s] 
[3.983s] 
[3.983s] -- Build files have been written to: /home/ubuntu/ros2_ws/src/build/cv_bridge
