[0.020s] Invoking command in '/home/ubuntu/ros2_ws/build/image_transport': CMAKE_PREFIX_PATH=/opt/ros/foxy /usr/bin/cmake /home/ubuntu/ros2_ws/src/image_common/image_transport -DUSE_PANGOLIN_VIEWER=OFF -DUSE_SOCKET_PUBLISHER=OFF -DAMENT_CMAKE_SYMLINK_INSTALL=1 -DCMAKE_INSTALL_PREFIX=/home/ubuntu/ros2_ws/install/image_transport
[0.029s] -- Found ament_cmake_ros: 0.9.2 (/opt/ros/foxy/share/ament_cmake_ros/cmake)
[0.048s] -- Using PYTHON_EXECUTABLE: /usr/bin/python3
[0.226s] -- Override CMake install command with custom implementation using symlinks instead of copying resources
[0.233s] -- Found message_filters: 3.2.5 (/opt/ros/foxy/share/message_filters/cmake)
[0.235s] -- Found pluginlib: 2.5.4 (/opt/ros/foxy/share/pluginlib/cmake)
[0.271s] -- Found rclcpp: 2.4.2 (/opt/ros/foxy/share/rclcpp/cmake)
[0.288s] -- Using all available rosidl_typesupport_c: rosidl_typesupport_fastrtps_c;rosidl_typesupport_introspection_c
[0.290s] -- Found rosidl_adapter: 1.3.0 (/opt/ros/foxy/share/rosidl_adapter/cmake)
[0.397s] -- Using all available rosidl_typesupport_cpp: rosidl_typesupport_fastrtps_cpp;rosidl_typesupport_introspection_cpp
[0.433s] -- Found rmw_implementation_cmake: 1.0.3 (/opt/ros/foxy/share/rmw_implementation_cmake/cmake)
[0.434s] -- Using RMW implementation 'rmw_fastrtps_cpp' as default
[0.540s] -- Found sensor_msgs: 2.0.5 (/opt/ros/foxy/share/sensor_msgs/cmake)
[0.628s] -- Found gtest sources under '/opt/ros/foxy/src/gtest_vendor': C++ tests using 'Google Test' will be built
[0.696s] -- Configuring done
[0.802s] -- Generating done
[0.804s] CMake Warning:
[0.804s]   Manually-specified variables were not used by the project:
[0.804s] 
[0.804s]     USE_PANGOLIN_VIEWER
[0.804s] 
[0.804s] 
[0.804s] -- Build files have been written to: /home/ubuntu/ros2_ws/build/image_transport
[0.810s] Invoked command in '/home/ubuntu/ros2_ws/build/image_transport' returned '0': CMAKE_PREFIX_PATH=/opt/ros/foxy /usr/bin/cmake /home/ubuntu/ros2_ws/src/image_common/image_transport -DUSE_PANGOLIN_VIEWER=OFF -DUSE_SOCKET_PUBLISHER=OFF -DAMENT_CMAKE_SYMLINK_INSTALL=1 -DCMAKE_INSTALL_PREFIX=/home/ubuntu/ros2_ws/install/image_transport
[0.811s] Invoking command in '/home/ubuntu/ros2_ws/build/image_transport': CMAKE_PREFIX_PATH=/opt/ros/foxy /usr/bin/cmake --build /home/ubuntu/ros2_ws/build/image_transport -- -j16 -l16
[0.852s] [ 13%] Built target gtest
[0.852s] [ 13%] Built target gtest_main
[0.860s] [ 16%] [32mBuilding CXX object CMakeFiles/image_transport.dir/src/camera_common.cpp.o[0m
[0.862s] [ 23%] [32mBuilding CXX object CMakeFiles/image_transport.dir/src/subscriber.cpp.o[0m
[0.862s] [ 23%] [32mBuilding CXX object CMakeFiles/image_transport.dir/src/publisher.cpp.o[0m
[0.863s] [ 26%] [32mBuilding CXX object CMakeFiles/image_transport.dir/src/single_subscriber_publisher.cpp.o[0m
[0.863s] [ 30%] [32mBuilding CXX object CMakeFiles/image_transport.dir/src/camera_publisher.cpp.o[0m
[0.863s] [ 33%] [32mBuilding CXX object CMakeFiles/image_transport.dir/src/camera_subscriber.cpp.o[0m
[0.863s] [ 36%] [32mBuilding CXX object CMakeFiles/image_transport.dir/src/image_transport.cpp.o[0m
[5.640s] [ 40%] [32m[1mLinking CXX shared library libimage_transport.so[0m
[5.935s] [ 40%] Built target image_transport
[5.955s] [ 43%] [32mBuilding CXX object CMakeFiles/image_transport-camera_common.dir/test/test_camera_common.cpp.o[0m
[5.958s] [ 46%] [32mBuilding CXX object CMakeFiles/list_transports.dir/src/list_transports.cpp.o[0m
[5.958s] [ 50%] [32mBuilding CXX object CMakeFiles/image_transport_plugins.dir/src/manifest.cpp.o[0m
[5.959s] [ 53%] [32mBuilding CXX object CMakeFiles/image_transport-single_subscriber_publisher.dir/test/test_single_subscriber_publisher.cpp.o[0m
[5.959s] [ 56%] [32mBuilding CXX object CMakeFiles/republish.dir/src/republish.cpp.o[0m
[5.960s] [ 60%] [32mBuilding CXX object CMakeFiles/image_transport-remapping.dir/test/test_remapping.cpp.o[0m
[5.961s] [ 63%] [32mBuilding CXX object CMakeFiles/image_transport-publisher.dir/test/test_publisher.cpp.o[0m
[5.961s] [ 66%] [32mBuilding CXX object CMakeFiles/image_transport-message_passing.dir/test/test_message_passing.cpp.o[0m
[5.963s] [ 70%] [32mBuilding CXX object CMakeFiles/image_transport-subscriber.dir/test/test_subscriber.cpp.o[0m
[6.554s] [ 73%] [32m[1mLinking CXX executable image_transport-camera_common[0m
[6.807s] [ 73%] Built target image_transport-camera_common
[7.890s] [ 76%] [32m[1mLinking CXX executable image_transport-subscriber[0m
[7.922s] [ 80%] [32m[1mLinking CXX executable image_transport-publisher[0m
[7.966s] [ 83%] [32m[1mLinking CXX executable image_transport-remapping[0m
[8.008s] [ 86%] [32m[1mLinking CXX executable image_transport-message_passing[0m
[8.474s] [ 90%] [32m[1mLinking CXX executable image_transport-single_subscriber_publisher[0m
[8.543s] [ 90%] Built target image_transport-subscriber
[8.608s] [ 90%] Built target image_transport-publisher
[8.645s] [ 90%] Built target image_transport-remapping
[8.667s] [ 90%] Built target image_transport-message_passing
[8.772s] [ 90%] Built target image_transport-single_subscriber_publisher
[9.867s] [ 93%] [32m[1mLinking CXX executable republish[0m
[9.934s] [ 96%] [32m[1mLinking CXX executable list_transports[0m
[10.011s] [100%] [32m[1mLinking CXX shared library libimage_transport_plugins.so[0m
[10.074s] [100%] Built target republish
[10.126s] [100%] Built target list_transports
[10.189s] [100%] Built target image_transport_plugins
