[0.018s] Invoking command in '/home/ubuntu/ros2_ws/build/image_tools': /usr/bin/cmake /home/ubuntu/ros2_ws/src/image_tools -DUSE_PANGOLIN_VIEWER=ON -DUSE_SOCKET_PUBLISHER=OFF -DAMENT_CMAKE_SYMLINK_INSTALL=1 -DCMAKE_INSTALL_PREFIX=/home/ubuntu/ros2_ws/install/image_tools
[0.028s] -- Found ament_cmake: 0.9.11 (/opt/ros/foxy/share/ament_cmake/cmake)
[0.045s] -- Found PythonInterp: /usr/bin/python3 (found suitable version "3.8.10", minimum required is "3") 
[0.045s] -- Using PYTHON_EXECUTABLE: /usr/bin/python3
[0.154s] Traceback (most recent call last):
[0.154s]   File "/opt/ros/foxy/share/ament_cmake_core/cmake/package_templates/templates_2_cmake.py", line 21, in <module>
[0.154s]     from ament_package.templates import get_environment_hook_template_path
[0.154s] ModuleNotFoundError: No module named 'ament_package'
[0.192s] CMake Error at /opt/ros/foxy/share/ament_cmake_core/cmake/ament_cmake_package_templates-extras.cmake:41 (message):
[0.192s]   execute_process(/usr/bin/python3
[0.192s]   /opt/ros/foxy/share/ament_cmake_core/cmake/package_templates/templates_2_cmake.py
[0.192s]   /home/ubuntu/ros2_ws/build/image_tools/ament_cmake_package_templates/templates.cmake)
[0.193s]   returned error code 1
[0.193s] Call Stack (most recent call first):
[0.193s]   /opt/ros/foxy/share/ament_cmake_core/cmake/ament_cmake_coreConfig.cmake:41 (include)
[0.193s]   /opt/ros/foxy/share/ament_cmake/cmake/ament_cmake_export_dependencies-extras.cmake:15 (find_package)
[0.193s]   /opt/ros/foxy/share/ament_cmake/cmake/ament_cmakeConfig.cmake:41 (include)
[0.193s]   CMakeLists.txt:14 (find_package)
[0.193s] 
[0.193s] 
[0.194s] -- Configuring incomplete, errors occurred!
[0.194s] See also "/home/ubuntu/ros2_ws/build/image_tools/CMakeFiles/CMakeOutput.log".
[0.194s] See also "/home/ubuntu/ros2_ws/build/image_tools/CMakeFiles/CMakeError.log".
