[35m[1mScanning dependencies of target cv_bridge[0m
[35m[1mScanning dependencies of target gtest[0m
[35m[1mScanning dependencies of target gtest_main[0m
[  6%] [32mBuilding CXX object gtest/CMakeFiles/gtest_main.dir/src/gtest_main.cc.o[0m
[ 12%] [32mBuilding CXX object gtest/CMakeFiles/gtest.dir/src/gtest-all.cc.o[0m
[ 25%] [32mBuilding CXX object src/CMakeFiles/cv_bridge.dir/rgb_colors.cpp.o[0m
[ 25%] [32mBuilding CXX object src/CMakeFiles/cv_bridge.dir/cv_bridge.cpp.o[0m
[ 31%] [32m[1mLinking CXX static library libgtest_main.a[0m
[ 31%] Built target gtest_main
[ 37%] [32m[1mLinking CXX static library libgtest.a[0m
[ 37%] Built target gtest
[ 43%] [32m[1mLinking CXX shared library libcv_bridge.so[0m
[ 43%] Built target cv_bridge
[35m[1mScanning dependencies of target cv_bridge_boost[0m
[35m[1mScanning dependencies of target cv_bridge-utest[0m
[ 50%] [32mBuilding CXX object src/CMakeFiles/cv_bridge_boost.dir/module_opencv3.cpp.o[0m
[ 56%] [32mBuilding CXX object src/CMakeFiles/cv_bridge_boost.dir/module.cpp.o[0m
[ 75%] [32mBuilding CXX object test/CMakeFiles/cv_bridge-utest.dir/test_compression.cpp.o[0m
[ 75%] [32mBuilding CXX object test/CMakeFiles/cv_bridge-utest.dir/test_endian.cpp.o[0m
[ 75%] [32mBuilding CXX object test/CMakeFiles/cv_bridge-utest.dir/utest.cpp.o[0m
[ 81%] [32mBuilding CXX object test/CMakeFiles/cv_bridge-utest.dir/utest2.cpp.o[0m
[ 87%] [32mBuilding CXX object test/CMakeFiles/cv_bridge-utest.dir/test_rgb_colors.cpp.o[0m
[ 93%] [32m[1mLinking CXX executable cv_bridge-utest[0m
make[2]: *** Deleting file 'test/cv_bridge-utest'
make[2]: *** [src/CMakeFiles/cv_bridge_boost.dir/build.make:63: src/CMakeFiles/cv_bridge_boost.dir/module.cpp.o] Interrupt
make[2]: *** [src/CMakeFiles/cv_bridge_boost.dir/build.make:76: src/CMakeFiles/cv_bridge_boost.dir/module_opencv3.cpp.o] Interrupt
make[1]: *** [CMakeFiles/Makefile2:194: src/CMakeFiles/cv_bridge_boost.dir/all] Interrupt
make[2]: *** [test/CMakeFiles/cv_bridge-utest.dir/build.make:179: test/cv_bridge-utest] Interrupt
make[1]: *** [CMakeFiles/Makefile2:250: test/CMakeFiles/cv_bridge-utest.dir/all] Interrupt
make: *** [Makefile:141: all] Interrupt
