[0.021s] Invoking command in '/home/ubuntu/ros2_ws/build/image_tools': CMAKE_PREFIX_PATH=/opt/ros/foxy /usr/bin/cmake /home/ubuntu/ros2_ws/src/image_tools -DUSE_PANGOLIN_VIEWER=ON -DUSE_SOCKET_PUBLISHER=OFF -DAMENT_CMAKE_SYMLINK_INSTALL=1 -DCMAKE_INSTALL_PREFIX=/home/ubuntu/ros2_ws/install/image_tools
[0.032s] -- Found ament_cmake: 0.9.11 (/opt/ros/foxy/share/ament_cmake/cmake)
[0.051s] -- Found PythonInterp: /usr/bin/python3 (found suitable version "3.8.10", minimum required is "3") 
[0.051s] -- Using PYTHON_EXECUTABLE: /usr/bin/python3
[0.229s] -- Override CMake install command with custom implementation using symlinks instead of copying resources
[0.238s] -- Found rclcpp: 2.4.2 (/opt/ros/foxy/share/rclcpp/cmake)
[0.282s] -- Using all available rosidl_typesupport_c: rosidl_typesupport_fastrtps_c;rosidl_typesupport_introspection_c
[0.286s] -- Found rosidl_adapter: 1.3.0 (/opt/ros/foxy/share/rosidl_adapter/cmake)
[0.404s] -- Using all available rosidl_typesupport_cpp: rosidl_typesupport_fastrtps_cpp;rosidl_typesupport_introspection_cpp
[0.441s] -- Found rmw_implementation_cmake: 1.0.3 (/opt/ros/foxy/share/rmw_implementation_cmake/cmake)
[0.442s] -- Using RMW implementation 'rmw_fastrtps_cpp' as default
[0.548s] -- Found rclcpp_components: 2.4.2 (/opt/ros/foxy/share/rclcpp_components/cmake)
[0.589s] -- Found sensor_msgs: 2.0.5 (/opt/ros/foxy/share/sensor_msgs/cmake)
[0.685s] -- Found ament_lint_auto: 0.9.7 (/opt/ros/foxy/share/ament_lint_auto/cmake)
[0.782s] -- Found python_cmake_module: 0.8.1 (/opt/ros/foxy/share/python_cmake_module/cmake)
[0.801s] -- Found PythonInterp: /usr/bin/python3 (found suitable version "3.8.10", minimum required is "3.5") 
[0.803s] -- Using PYTHON_EXECUTABLE: /usr/bin/python3
[0.803s] -- Using PYTHON_INCLUDE_DIRS: /usr/include/python3.8
[0.803s] -- Using PYTHON_LIBRARIES: /usr/lib/x86_64-linux-gnu/libpython3.8.so
[0.937s] -- Added test 'copyright' to check source files copyright and LICENSE
[0.938s] -- Added test 'cppcheck' to perform static code analysis on C / C++ code
[0.938s] -- Configured cppcheck include dirs: $<BUILD_INTERFACE:/home/ubuntu/ros2_ws/src/image_tools/include>
[0.938s] -- Configured cppcheck exclude dirs and/or files: 
[0.939s] -- Added test 'cpplint' to check C / C++ code against the Google style
[0.939s] -- Configured cpplint exclude dirs and/or files: 
[0.940s] -- Added test 'lint_cmake' to check CMake code style
[0.941s] -- Added test 'uncrustify' to check C / C++ code style
[0.941s] -- Configured uncrustify additional arguments: 
[0.941s] -- Added test 'xmllint' to check XML markup files
[0.946s] -- Configuring done
[0.948s] CMake Error at CMakeLists.txt:21 (add_library):
[0.948s]   Target "image_tools" links to target "rclcpp_components::component" but the
[0.948s]   target was not found.  Perhaps a find_package() call is missing for an
[0.948s]   IMPORTED target, or an ALIAS target is missing?
[0.948s] 
[0.948s] 
[0.962s] -- Generating done
[0.963s] CMake Warning:
[0.963s]   Manually-specified variables were not used by the project:
[0.963s] 
[0.963s]     USE_PANGOLIN_VIEWER
[0.963s] 
[0.963s] 
[0.963s] CMake Generate step failed.  Build files cannot be regenerated correctly.
[0.972s] Invoked command in '/home/ubuntu/ros2_ws/build/image_tools' returned '1': CMAKE_PREFIX_PATH=/opt/ros/foxy /usr/bin/cmake /home/ubuntu/ros2_ws/src/image_tools -DUSE_PANGOLIN_VIEWER=ON -DUSE_SOCKET_PUBLISHER=OFF -DAMENT_CMAKE_SYMLINK_INSTALL=1 -DCMAKE_INSTALL_PREFIX=/home/ubuntu/ros2_ws/install/image_tools
