[0.008s] Invoking command in '/home/ubuntu/ros2_ws/build/camera_info_manager': AMENT_PREFIX_PATH=/home/ubuntu/ros2_ws/install/camera_calibration_parsers:${AMENT_PREFIX_PATH} CMAKE_PREFIX_PATH=/home/ubuntu/ros2_ws/install/camera_calibration_parsers:/opt/ros/foxy LD_LIBRARY_PATH=/home/ubuntu/ros2_ws/install/camera_calibration_parsers/lib:${LD_LIBRARY_PATH} /usr/bin/cmake /home/ubuntu/ros2_ws/src/image_common/camera_info_manager -DUSE_PANGOLIN_VIEWER=ON -DUSE_SOCKET_PUBLISHER=OFF -DAMENT_CMAKE_SYMLINK_INSTALL=1 -DCMAKE_INSTALL_PREFIX=/home/ubuntu/ros2_ws/install/camera_info_manager
[0.018s] -- Found ament_cmake_ros: 0.9.2 (/opt/ros/foxy/share/ament_cmake_ros/cmake)
[0.036s] -- Using PYTHON_EXECUTABLE: /usr/bin/python3
[0.208s] -- Override CMake install command with custom implementation using symlinks instead of copying resources
[0.214s] -- Found ament_index_cpp: 1.1.0 (/opt/ros/foxy/share/ament_index_cpp/cmake)
[0.216s] -- Found camera_calibration_parsers: 2.4.0 (/home/ubuntu/ros2_ws/install/camera_calibration_parsers/share/camera_calibration_parsers/cmake)
[0.245s] -- Using all available rosidl_typesupport_c: rosidl_typesupport_fastrtps_c;rosidl_typesupport_introspection_c
[0.248s] -- Found rosidl_adapter: 1.3.0 (/opt/ros/foxy/share/rosidl_adapter/cmake)
[0.364s] -- Using all available rosidl_typesupport_cpp: rosidl_typesupport_fastrtps_cpp;rosidl_typesupport_introspection_cpp
[0.400s] -- Found rmw_implementation_cmake: 1.0.3 (/opt/ros/foxy/share/rmw_implementation_cmake/cmake)
[0.401s] -- Using RMW implementation 'rmw_fastrtps_cpp' as default
[0.599s] -- Setting yaml-cpp_DIR to: '/opt/ros/foxy/share/yaml_cpp_vendor/cmake/../../../opt/yaml_cpp_vendor/lib/cmake/yaml-cpp'
[0.619s] -- Found ament_cmake_cpplint: 0.9.7 (/opt/ros/foxy/share/ament_cmake_cpplint/cmake)
[0.619s] -- Found ament_cmake_lint_cmake: 0.9.7 (/opt/ros/foxy/share/ament_cmake_lint_cmake/cmake)
[0.620s] -- Found ament_cmake_uncrustify: 0.9.7 (/opt/ros/foxy/share/ament_cmake_uncrustify/cmake)
[0.677s] -- Configuring done
[0.688s] -- Generating done
[0.689s] CMake Warning:
[0.689s]   Manually-specified variables were not used by the project:
[0.689s] 
[0.689s]     USE_PANGOLIN_VIEWER
[0.689s] 
[0.689s] 
[0.689s] -- Build files have been written to: /home/ubuntu/ros2_ws/build/camera_info_manager
[0.696s] Invoked command in '/home/ubuntu/ros2_ws/build/camera_info_manager' returned '0': AMENT_PREFIX_PATH=/home/ubuntu/ros2_ws/install/camera_calibration_parsers:${AMENT_PREFIX_PATH} CMAKE_PREFIX_PATH=/home/ubuntu/ros2_ws/install/camera_calibration_parsers:/opt/ros/foxy LD_LIBRARY_PATH=/home/ubuntu/ros2_ws/install/camera_calibration_parsers/lib:${LD_LIBRARY_PATH} /usr/bin/cmake /home/ubuntu/ros2_ws/src/image_common/camera_info_manager -DUSE_PANGOLIN_VIEWER=ON -DUSE_SOCKET_PUBLISHER=OFF -DAMENT_CMAKE_SYMLINK_INSTALL=1 -DCMAKE_INSTALL_PREFIX=/home/ubuntu/ros2_ws/install/camera_info_manager
[0.696s] Invoking command in '/home/ubuntu/ros2_ws/build/camera_info_manager': AMENT_PREFIX_PATH=/home/ubuntu/ros2_ws/install/camera_calibration_parsers:${AMENT_PREFIX_PATH} CMAKE_PREFIX_PATH=/home/ubuntu/ros2_ws/install/camera_calibration_parsers:/opt/ros/foxy LD_LIBRARY_PATH=/home/ubuntu/ros2_ws/install/camera_calibration_parsers/lib:${LD_LIBRARY_PATH} /usr/bin/cmake --build /home/ubuntu/ros2_ws/build/camera_info_manager -- -j16 -l16
[0.739s] [100%] Built target camera_info_manager
[0.747s] Invoked command in '/home/ubuntu/ros2_ws/build/camera_info_manager' returned '0': AMENT_PREFIX_PATH=/home/ubuntu/ros2_ws/install/camera_calibration_parsers:${AMENT_PREFIX_PATH} CMAKE_PREFIX_PATH=/home/ubuntu/ros2_ws/install/camera_calibration_parsers:/opt/ros/foxy LD_LIBRARY_PATH=/home/ubuntu/ros2_ws/install/camera_calibration_parsers/lib:${LD_LIBRARY_PATH} /usr/bin/cmake --build /home/ubuntu/ros2_ws/build/camera_info_manager -- -j16 -l16
[0.764s] Invoking command in '/home/ubuntu/ros2_ws/build/camera_info_manager': AMENT_PREFIX_PATH=/home/ubuntu/ros2_ws/install/camera_calibration_parsers:${AMENT_PREFIX_PATH} CMAKE_PREFIX_PATH=/home/ubuntu/ros2_ws/install/camera_calibration_parsers:/opt/ros/foxy LD_LIBRARY_PATH=/home/ubuntu/ros2_ws/install/camera_calibration_parsers/lib:${LD_LIBRARY_PATH} /usr/bin/cmake --install /home/ubuntu/ros2_ws/build/camera_info_manager
[0.770s] -- Install configuration: ""
[0.770s] -- Execute custom install script
[0.770s] -- Up-to-date symlink: /home/ubuntu/ros2_ws/install/camera_info_manager/lib/libcamera_info_manager.so
[0.771s] -- Up-to-date symlink: /home/ubuntu/ros2_ws/install/camera_info_manager/include/camera_info_manager/camera_info_manager.h
[0.771s] -- Up-to-date symlink: /home/ubuntu/ros2_ws/install/camera_info_manager/include/camera_info_manager/camera_info_manager.hpp
[0.771s] -- Up-to-date symlink: /home/ubuntu/ros2_ws/install/camera_info_manager/include/camera_info_manager/visibility_control.h
[0.771s] -- Up-to-date symlink: /home/ubuntu/ros2_ws/install/camera_info_manager/share/camera_info_manager/environment/library_path.sh
[0.771s] -- Up-to-date symlink: /home/ubuntu/ros2_ws/install/camera_info_manager/share/camera_info_manager/environment/library_path.dsv
[0.772s] -- Up-to-date symlink: /home/ubuntu/ros2_ws/install/camera_info_manager/share/ament_index/resource_index/package_run_dependencies/camera_info_manager
[0.772s] -- Up-to-date symlink: /home/ubuntu/ros2_ws/install/camera_info_manager/share/ament_index/resource_index/parent_prefix_path/camera_info_manager
[0.772s] -- Up-to-date symlink: /home/ubuntu/ros2_ws/install/camera_info_manager/share/camera_info_manager/environment/ament_prefix_path.sh
[0.772s] -- Up-to-date symlink: /home/ubuntu/ros2_ws/install/camera_info_manager/share/camera_info_manager/environment/ament_prefix_path.dsv
[0.772s] -- Up-to-date symlink: /home/ubuntu/ros2_ws/install/camera_info_manager/share/camera_info_manager/environment/path.sh
[0.772s] -- Up-to-date symlink: /home/ubuntu/ros2_ws/install/camera_info_manager/share/camera_info_manager/environment/path.dsv
[0.773s] -- Up-to-date symlink: /home/ubuntu/ros2_ws/install/camera_info_manager/share/camera_info_manager/local_setup.bash
[0.773s] -- Up-to-date symlink: /home/ubuntu/ros2_ws/install/camera_info_manager/share/camera_info_manager/local_setup.sh
[0.773s] -- Up-to-date symlink: /home/ubuntu/ros2_ws/install/camera_info_manager/share/camera_info_manager/local_setup.zsh
[0.773s] -- Up-to-date symlink: /home/ubuntu/ros2_ws/install/camera_info_manager/share/camera_info_manager/local_setup.dsv
[0.773s] -- Symlinking: /home/ubuntu/ros2_ws/install/camera_info_manager/share/camera_info_manager/package.dsv
[0.780s] -- Up-to-date symlink: /home/ubuntu/ros2_ws/install/camera_info_manager/share/ament_index/resource_index/packages/camera_info_manager
[0.780s] -- Up-to-date symlink: /home/ubuntu/ros2_ws/install/camera_info_manager/share/camera_info_manager/cmake/ament_cmake_export_include_directories-extras.cmake
[0.780s] -- Up-to-date symlink: /home/ubuntu/ros2_ws/install/camera_info_manager/share/camera_info_manager/cmake/ament_cmake_export_dependencies-extras.cmake
[0.780s] -- Up-to-date symlink: /home/ubuntu/ros2_ws/install/camera_info_manager/share/camera_info_manager/cmake/ament_cmake_export_libraries-extras.cmake
[0.780s] -- Up-to-date symlink: /home/ubuntu/ros2_ws/install/camera_info_manager/share/camera_info_manager/cmake/camera_info_managerConfig.cmake
[0.781s] -- Up-to-date symlink: /home/ubuntu/ros2_ws/install/camera_info_manager/share/camera_info_manager/cmake/camera_info_managerConfig-version.cmake
[0.781s] -- Up-to-date symlink: /home/ubuntu/ros2_ws/install/camera_info_manager/share/camera_info_manager/package.xml
[0.782s] Invoked command in '/home/ubuntu/ros2_ws/build/camera_info_manager' returned '0': AMENT_PREFIX_PATH=/home/ubuntu/ros2_ws/install/camera_calibration_parsers:${AMENT_PREFIX_PATH} CMAKE_PREFIX_PATH=/home/ubuntu/ros2_ws/install/camera_calibration_parsers:/opt/ros/foxy LD_LIBRARY_PATH=/home/ubuntu/ros2_ws/install/camera_calibration_parsers/lib:${LD_LIBRARY_PATH} /usr/bin/cmake --install /home/ubuntu/ros2_ws/build/camera_info_manager
