[0.022s] Invoking command in '/home/ubuntu/ros2_ws/src/build/image_geometry': CMAKE_PREFIX_PATH=/opt/ros/foxy /usr/bin/cmake --build /home/ubuntu/ros2_ws/src/build/image_geometry -- -j16 -l16
[0.064s] [ 18%] Built target gtest_main
[0.065s] [ 36%] Built target gtest
[0.071s] [ 63%] Built target image_geometry
[0.097s] [ 81%] Built target image_geometry-utest
[0.101s] [100%] Built target image_geometry-utest-equi
[0.120s] Invoked command in '/home/ubuntu/ros2_ws/src/build/image_geometry' returned '0': CMAKE_PREFIX_PATH=/opt/ros/foxy /usr/bin/cmake --build /home/ubuntu/ros2_ws/src/build/image_geometry -- -j16 -l16
[0.158s] Invoking command in '/home/ubuntu/ros2_ws/src/build/image_geometry': CMAKE_PREFIX_PATH=/opt/ros/foxy /usr/bin/cmake --install /home/ubuntu/ros2_ws/src/build/image_geometry
[0.165s] -- Install configuration: ""
[0.165s] -- Execute custom install script
[0.165s] -- Symlinking: /home/ubuntu/ros2_ws/src/install/image_geometry/share/image_geometry/environment/pythonpath.sh
[0.173s] -- Symlinking: /home/ubuntu/ros2_ws/src/install/image_geometry/share/image_geometry/environment/pythonpath.dsv
[0.181s] -- Symlinking: /home/ubuntu/ros2_ws/src/install/image_geometry/lib/python3.8/site-packages/image_geometry/__init__.py
[0.188s] -- Symlinking: /home/ubuntu/ros2_ws/src/install/image_geometry/lib/python3.8/site-packages/image_geometry/cameramodels.py
[0.196s] -- Symlinking: /home/ubuntu/ros2_ws/src/install/image_geometry/include/image_geometry/pinhole_camera_model.h
[0.202s] -- Symlinking: /home/ubuntu/ros2_ws/src/install/image_geometry/include/image_geometry/stereo_camera_model.h
[0.209s] -- Symlinking: /home/ubuntu/ros2_ws/src/install/image_geometry/include/image_geometry/visibility_control.hpp
[0.216s] -- Symlinking: /home/ubuntu/ros2_ws/src/install/image_geometry/lib/libimage_geometry.so
[0.224s] -- Symlinking: /home/ubuntu/ros2_ws/src/install/image_geometry/share/image_geometry/environment/library_path.sh
[0.231s] -- Symlinking: /home/ubuntu/ros2_ws/src/install/image_geometry/share/image_geometry/environment/library_path.dsv
[0.238s] -- Symlinking: /home/ubuntu/ros2_ws/src/install/image_geometry/share/ament_index/resource_index/package_run_dependencies/image_geometry
[0.245s] -- Symlinking: /home/ubuntu/ros2_ws/src/install/image_geometry/share/ament_index/resource_index/parent_prefix_path/image_geometry
[0.252s] -- Symlinking: /home/ubuntu/ros2_ws/src/install/image_geometry/share/image_geometry/environment/ament_prefix_path.sh
[0.260s] -- Symlinking: /home/ubuntu/ros2_ws/src/install/image_geometry/share/image_geometry/environment/ament_prefix_path.dsv
[0.374s] -- Symlinking: /home/ubuntu/ros2_ws/src/install/image_geometry/share/image_geometry/environment/path.sh
[0.381s] -- Symlinking: /home/ubuntu/ros2_ws/src/install/image_geometry/share/image_geometry/environment/path.dsv
[0.388s] -- Symlinking: /home/ubuntu/ros2_ws/src/install/image_geometry/share/image_geometry/local_setup.bash
[0.395s] -- Symlinking: /home/ubuntu/ros2_ws/src/install/image_geometry/share/image_geometry/local_setup.sh
[0.402s] -- Symlinking: /home/ubuntu/ros2_ws/src/install/image_geometry/share/image_geometry/local_setup.zsh
[0.409s] -- Symlinking: /home/ubuntu/ros2_ws/src/install/image_geometry/share/image_geometry/local_setup.dsv
[0.417s] -- Symlinking: /home/ubuntu/ros2_ws/src/install/image_geometry/share/image_geometry/package.dsv
[0.424s] -- Symlinking: /home/ubuntu/ros2_ws/src/install/image_geometry/share/ament_index/resource_index/packages/image_geometry
[0.433s] -- Symlinking: /home/ubuntu/ros2_ws/src/install/image_geometry/share/image_geometry/cmake/ament_cmake_export_libraries-extras.cmake
[0.440s] -- Symlinking: /home/ubuntu/ros2_ws/src/install/image_geometry/share/image_geometry/cmake/ament_cmake_export_dependencies-extras.cmake
[0.447s] -- Symlinking: /home/ubuntu/ros2_ws/src/install/image_geometry/share/image_geometry/cmake/ament_cmake_export_include_directories-extras.cmake
[0.454s] -- Symlinking: /home/ubuntu/ros2_ws/src/install/image_geometry/share/image_geometry/cmake/image_geometryConfig.cmake
[0.461s] -- Symlinking: /home/ubuntu/ros2_ws/src/install/image_geometry/share/image_geometry/cmake/image_geometryConfig-version.cmake
[0.468s] -- Symlinking: /home/ubuntu/ros2_ws/src/install/image_geometry/share/image_geometry/package.xml
[0.500s] Listing '/home/ubuntu/ros2_ws/src/install/image_geometry/lib/python3.8/site-packages/image_geometry'...
[0.500s] Compiling '/home/ubuntu/ros2_ws/src/install/image_geometry/lib/python3.8/site-packages/image_geometry/__init__.py'...
[0.500s] Compiling '/home/ubuntu/ros2_ws/src/install/image_geometry/lib/python3.8/site-packages/image_geometry/cameramodels.py'...
[0.516s] Invoked command in '/home/ubuntu/ros2_ws/src/build/image_geometry' returned '0': CMAKE_PREFIX_PATH=/opt/ros/foxy /usr/bin/cmake --install /home/ubuntu/ros2_ws/src/build/image_geometry
