[0.018s] Invoking command in '/home/ubuntu/ros2_ws/build/image_geometry': /usr/bin/cmake /home/ubuntu/ros2_ws/src/vision_opencv/image_geometry -DUSE_PANGOLIN_VIEWER=ON -DUSE_SOCKET_PUBLISHER=OFF -DAMENT_CMAKE_SYMLINK_INSTALL=1 -DCMAKE_INSTALL_PREFIX=/home/ubuntu/ros2_ws/install/image_geometry
[0.027s] -- Found ament_cmake_python: 0.9.11 (/opt/ros/foxy/share/ament_cmake_python/cmake)
[0.028s] -- Found ament_cmake_ros: 0.9.2 (/opt/ros/foxy/share/ament_cmake_ros/cmake)
[0.046s] -- Using PYTHON_EXECUTABLE: /usr/bin/python3
[0.152s] Traceback (most recent call last):
[0.152s]   File "/opt/ros/foxy/share/ament_cmake_core/cmake/package_templates/templates_2_cmake.py", line 21, in <module>
[0.152s]     from ament_package.templates import get_environment_hook_template_path
[0.152s] ModuleNotFoundError: No module named 'ament_package'
[0.190s] CMake Error at /opt/ros/foxy/share/ament_cmake_core/cmake/ament_cmake_package_templates-extras.cmake:41 (message):
[0.192s]   execute_process(/usr/bin/python3
[0.192s]   /opt/ros/foxy/share/ament_cmake_core/cmake/package_templates/templates_2_cmake.py
[0.192s]   /home/ubuntu/ros2_ws/build/image_geometry/ament_cmake_package_templates/templates.cmake)
[0.192s]   returned error code 1
[0.193s] Call Stack (most recent call first):
[0.193s]   /opt/ros/foxy/share/ament_cmake_core/cmake/ament_cmake_coreConfig.cmake:41 (include)
[0.193s]   /opt/ros/foxy/share/ament_cmake_test/cmake/ament_cmake_test-extras.cmake:39 (find_package)
[0.193s]   /opt/ros/foxy/share/ament_cmake_test/cmake/ament_cmake_testConfig.cmake:41 (include)
[0.194s]   /opt/ros/foxy/share/ament_cmake_pytest/cmake/ament_cmake_pytest-extras.cmake:17 (find_package)
[0.194s]   /opt/ros/foxy/share/ament_cmake_pytest/cmake/ament_cmake_pytestConfig.cmake:41 (include)
[0.194s]   /opt/ros/foxy/share/ament_cmake_ros/cmake/ament_cmake_ros-extras.cmake:19 (find_package)
[0.195s]   /opt/ros/foxy/share/ament_cmake_ros/cmake/ament_cmake_rosConfig.cmake:41 (include)
[0.195s]   CMakeLists.txt:5 (find_package)
[0.195s] 
[0.195s] 
[0.195s] -- Configuring incomplete, errors occurred!
[0.196s] See also "/home/ubuntu/ros2_ws/build/image_geometry/CMakeFiles/CMakeOutput.log".
[0.196s] See also "/home/ubuntu/ros2_ws/build/image_geometry/CMakeFiles/CMakeError.log".
[0.197s] Invoked command in '/home/ubuntu/ros2_ws/build/image_geometry' returned '1': /usr/bin/cmake /home/ubuntu/ros2_ws/src/vision_opencv/image_geometry -DUSE_PANGOLIN_VIEWER=ON -DUSE_SOCKET_PUBLISHER=OFF -DAMENT_CMAKE_SYMLINK_INSTALL=1 -DCMAKE_INSTALL_PREFIX=/home/ubuntu/ros2_ws/install/image_geometry
