[0.020s] Invoking command in '/home/ubuntu/ros2_ws/src/build/image_geometry': CMAKE_PREFIX_PATH=/opt/ros/foxy /usr/bin/cmake /home/ubuntu/ros2_ws/src/vision_opencv/image_geometry -DUSE_PANGOLIN_VIEWER=OFF -DUSE_SOCKET_PUBLISHER=OFF -DAMENT_CMAKE_SYMLINK_INSTALL=1 -DCMAKE_INSTALL_PREFIX=/home/ubuntu/ros2_ws/src/install/image_geometry
[0.058s] -- The C compiler identification is GNU 9.4.0
[0.093s] -- The CXX compiler identification is GNU 9.4.0
[0.096s] -- Check for working C compiler: /usr/bin/cc
[0.146s] -- Check for working C compiler: /usr/bin/cc -- works
[0.147s] -- Detecting C compiler ABI info
[0.196s] -- Detecting C compiler ABI info - done
[0.204s] -- Detecting C compile features
[0.204s] -- Detecting C compile features - done
[0.206s] -- Check for working CXX compiler: /usr/bin/c++
[0.264s] -- Check for working CXX compiler: /usr/bin/c++ -- works
[0.265s] -- Detecting CXX compiler ABI info
[0.321s] -- Detecting CXX compiler ABI info - done
[0.329s] -- Detecting CXX compile features
[0.329s] -- Detecting CXX compile features - done
[0.332s] -- Found ament_cmake_python: 0.9.11 (/opt/ros/foxy/share/ament_cmake_python/cmake)
[0.333s] -- Found ament_cmake_ros: 0.9.2 (/opt/ros/foxy/share/ament_cmake_ros/cmake)
[0.357s] -- Found PythonInterp: /usr/bin/python3 (found suitable version "3.8.10", minimum required is "3") 
[0.357s] -- Using PYTHON_EXECUTABLE: /usr/bin/python3
[0.543s] -- Override CMake install command with custom implementation using symlinks instead of copying resources
[0.591s] -- Found OpenCV: /usr (found version "4.2.0") found components: calib3d core highgui imgproc 
[0.592s] -- Found sensor_msgs: 2.0.5 (/opt/ros/foxy/share/sensor_msgs/cmake)
[0.615s] -- Using all available rosidl_typesupport_c: rosidl_typesupport_fastrtps_c;rosidl_typesupport_introspection_c
[0.620s] -- Found rosidl_adapter: 1.3.0 (/opt/ros/foxy/share/rosidl_adapter/cmake)
[0.693s] -- Found OpenSSL: /usr/lib/x86_64-linux-gnu/libcrypto.so (found version "1.1.1f")  
[0.727s] -- Found FastRTPS: /opt/ros/foxy/include  
[0.805s] -- Using all available rosidl_typesupport_cpp: rosidl_typesupport_fastrtps_cpp;rosidl_typesupport_introspection_cpp
[0.931s] -- Found gtest sources under '/opt/ros/foxy/src/gtest_vendor': C++ tests using 'Google Test' will be built
[0.933s] -- Looking for pthread.h
[0.983s] -- Looking for pthread.h - found
[0.983s] -- Performing Test CMAKE_HAVE_LIBC_PTHREAD
[1.034s] -- Performing Test CMAKE_HAVE_LIBC_PTHREAD - Failed
[1.034s] -- Check if compiler accepts -pthread
[1.084s] -- Check if compiler accepts -pthread - yes
[1.084s] -- Found Threads: TRUE  
[1.146s] -- Configuring done
[1.183s] -- Generating done
[1.184s] CMake Warning:
[1.184s]   Manually-specified variables were not used by the project:
[1.184s] 
[1.184s]     USE_PANGOLIN_VIEWER
[1.184s]     USE_SOCKET_PUBLISHER
[1.185s] 
[1.185s] 
[1.185s] -- Build files have been written to: /home/ubuntu/ros2_ws/src/build/image_geometry
[1.190s] Invoked command in '/home/ubuntu/ros2_ws/src/build/image_geometry' returned '0': CMAKE_PREFIX_PATH=/opt/ros/foxy /usr/bin/cmake /home/ubuntu/ros2_ws/src/vision_opencv/image_geometry -DUSE_PANGOLIN_VIEWER=OFF -DUSE_SOCKET_PUBLISHER=OFF -DAMENT_CMAKE_SYMLINK_INSTALL=1 -DCMAKE_INSTALL_PREFIX=/home/ubuntu/ros2_ws/src/install/image_geometry
[1.192s] Invoking command in '/home/ubuntu/ros2_ws/src/build/image_geometry': CMAKE_PREFIX_PATH=/opt/ros/foxy /usr/bin/cmake --build /home/ubuntu/ros2_ws/src/build/image_geometry -- -j16 -l16
[1.221s] [35m[1mScanning dependencies of target image_geometry[0m
[1.221s] [35m[1mScanning dependencies of target gtest[0m
[1.221s] [35m[1mScanning dependencies of target gtest_main[0m
[1.231s] [  9%] [32mBuilding CXX object gtest/CMakeFiles/gtest_main.dir/src/gtest_main.cc.o[0m
[1.233s] [ 18%] [32mBuilding CXX object gtest/CMakeFiles/gtest.dir/src/gtest-all.cc.o[0m
[1.242s] [ 27%] [32mBuilding CXX object CMakeFiles/image_geometry.dir/src/pinhole_camera_model.cpp.o[0m
[1.244s] [ 36%] [32mBuilding CXX object CMakeFiles/image_geometry.dir/src/stereo_camera_model.cpp.o[0m
[1.909s] [ 45%] [32m[1mLinking CXX static library libgtest_main.a[0m
[2.032s] [ 45%] Built target gtest_main
[2.681s] [ 54%] [32m[1mLinking CXX shared library libimage_geometry.so[0m
[2.835s] [ 54%] Built target image_geometry
[4.549s] [ 63%] [32m[1mLinking CXX static library libgtest.a[0m
[4.588s] [ 63%] Built target gtest
[4.596s] [35m[1mScanning dependencies of target image_geometry-utest[0m
[4.596s] [35m[1mScanning dependencies of target image_geometry-utest-equi[0m
[4.621s] [ 81%] [32mBuilding CXX object test/CMakeFiles/image_geometry-utest.dir/utest.cpp.o[0m
[4.621s] [ 81%] [32mBuilding CXX object test/CMakeFiles/image_geometry-utest-equi.dir/utest_equi.cpp.o[0m
[5.694s] [ 90%] [32m[1mLinking CXX executable image_geometry-utest-equi[0m
[5.772s] [100%] [32m[1mLinking CXX executable image_geometry-utest[0m
[5.807s] [100%] Built target image_geometry-utest-equi
[5.883s] [100%] Built target image_geometry-utest
