[0.024s] Invoking command in '/home/ubuntu/ros2_ws/build/cv_bridge': CMAKE_PREFIX_PATH=/opt/ros/foxy /usr/bin/cmake /home/ubuntu/ros2_ws/src/vision_opencv/cv_bridge -DUSE_PANGOLIN_VIEWER=OFF -DUSE_SOCKET_PUBLISHER=OFF -DAMENT_CMAKE_SYMLINK_INSTALL=1 -DCMAKE_INSTALL_PREFIX=/home/ubuntu/ros2_ws/install/cv_bridge
[0.034s] -- Found ament_cmake_ros: 0.9.2 (/opt/ros/foxy/share/ament_cmake_ros/cmake)
[0.052s] -- Found PythonInterp: /usr/bin/python3 (found suitable version "3.8.10", minimum required is "3") 
[0.052s] -- Using PYTHON_EXECUTABLE: /usr/bin/python3
[0.235s] -- Override CMake install command with custom implementation using symlinks instead of copying resources
[0.243s] -- Found PythonLibs: /usr/lib/x86_64-linux-gnu/libpython3.8.so (found version "3.8.10") 
[0.250s] -- Found rcpputils: 1.3.2 (/opt/ros/foxy/share/rcpputils/cmake)
[0.260s] -- Found sensor_msgs: 2.0.5 (/opt/ros/foxy/share/sensor_msgs/cmake)
[0.268s] -- Using all available rosidl_typesupport_c: rosidl_typesupport_fastrtps_c;rosidl_typesupport_introspection_c
[0.270s] -- Found rosidl_adapter: 1.3.0 (/opt/ros/foxy/share/rosidl_adapter/cmake)
[0.381s] -- Using all available rosidl_typesupport_cpp: rosidl_typesupport_fastrtps_cpp;rosidl_typesupport_introspection_cpp
[0.527s] -- Found PythonInterp: /usr/bin/python3 (found version "3.8.10") 
[0.528s] -- Found PythonLibs: /usr/lib/x86_64-linux-gnu/libpython3.8.so (found suitable version "3.8.10", minimum required is "3.8") 
[0.530s] -- Found ament_lint_auto: 0.9.7 (/opt/ros/foxy/share/ament_lint_auto/cmake)
[0.585s] -- Found gtest sources under '/opt/ros/foxy/src/gtest_vendor': C++ tests using 'Google Test' will be built
[1.246s] CMake Warning at /opt/ros/foxy/share/ament_cmake_pytest/cmake/ament_add_pytest_test.cmake:77 (message):
[1.246s]   The Python module 'pytest' was not found, pytests can not be run (e.g.  on
[1.246s]   Ubuntu/Debian install the package 'python3-pytest')
[1.246s] Call Stack (most recent call first):
[1.246s]   test/CMakeLists.txt:29 (ament_add_pytest_test)
[1.246s] 
[1.247s] 
[1.779s] CMake Warning at /opt/ros/foxy/share/ament_cmake_pytest/cmake/ament_add_pytest_test.cmake:77 (message):
[1.779s]   The Python module 'pytest' was not found, pytests can not be run (e.g.  on
[1.779s]   Ubuntu/Debian install the package 'python3-pytest')
[1.779s] Call Stack (most recent call first):
[1.779s]   test/CMakeLists.txt:30 (ament_add_pytest_test)
[1.779s] 
[1.779s] 
[2.289s] CMake Warning at /opt/ros/foxy/share/ament_cmake_pytest/cmake/ament_add_pytest_test.cmake:77 (message):
[2.289s]   The Python module 'pytest' was not found, pytests can not be run (e.g.  on
[2.289s]   Ubuntu/Debian install the package 'python3-pytest')
[2.289s] Call Stack (most recent call first):
[2.289s]   test/CMakeLists.txt:31 (ament_add_pytest_test)
[2.289s] 
[2.289s] 
[2.361s] -- Configuring done
[2.382s] -- Generating done
[2.384s] CMake Warning:
[2.384s]   Manually-specified variables were not used by the project:
[2.384s] 
[2.384s]     USE_PANGOLIN_VIEWER
[2.384s] 
[2.384s] 
[2.384s] -- Build files have been written to: /home/ubuntu/ros2_ws/build/cv_bridge
