[0.116s] Invoking command in '/home/ubuntu/ros2_ws/build/image_transport': CMAKE_PREFIX_PATH=/opt/ros/foxy /usr/bin/cmake /home/ubuntu/ros2_ws/src/image_common/image_transport -DUSE_PANGOLIN_VIEWER=ON -DUSE_SOCKET_PUBLISHER=OFF -DAMENT_CMAKE_SYMLINK_INSTALL=1 -DCMAKE_INSTALL_PREFIX=/home/ubuntu/ros2_ws/install/image_transport
[2.467s] -- The C compiler identification is GNU 9.4.0
[5.344s] -- The CXX compiler identification is GNU 9.4.0
[5.395s] -- Check for working C compiler: /usr/bin/cc
[5.582s] -- Check for working C compiler: /usr/bin/cc -- works
[5.583s] -- Detecting C compiler ABI info
[5.637s] -- Detecting C compiler ABI info - done
[5.645s] -- Detecting C compile features
[5.646s] -- Detecting C compile features - done
[5.649s] -- Check for working CXX compiler: /usr/bin/c++
[5.714s] -- Check for working CXX compiler: /usr/bin/c++ -- works
[5.715s] -- Detecting CXX compiler ABI info
[5.780s] -- Detecting CXX compiler ABI info - done
[5.788s] -- Detecting CXX compile features
[5.789s] -- Detecting CXX compile features - done
[5.886s] -- Found ament_cmake_ros: 0.9.2 (/opt/ros/foxy/share/ament_cmake_ros/cmake)
[6.385s] -- Found PythonInterp: /usr/bin/python3 (found suitable version "3.8.10", minimum required is "3") 
[6.385s] -- Using PYTHON_EXECUTABLE: /usr/bin/python3
[6.717s] -- Override CMake install command with custom implementation using symlinks instead of copying resources
[6.967s] -- Found message_filters: 3.2.5 (/opt/ros/foxy/share/message_filters/cmake)
[7.129s] -- Found pluginlib: 2.5.4 (/opt/ros/foxy/share/pluginlib/cmake)
[8.019s] -- Found rclcpp: 2.4.2 (/opt/ros/foxy/share/rclcpp/cmake)
[8.413s] -- Using all available rosidl_typesupport_c: rosidl_typesupport_fastrtps_c;rosidl_typesupport_introspection_c
[8.552s] -- Found rosidl_adapter: 1.3.0 (/opt/ros/foxy/share/rosidl_adapter/cmake)
[9.159s] -- Found OpenSSL: /usr/lib/x86_64-linux-gnu/libcrypto.so (found version "1.1.1f")  
[9.256s] -- Found FastRTPS: /opt/ros/foxy/include  
[9.491s] -- Using all available rosidl_typesupport_cpp: rosidl_typesupport_fastrtps_cpp;rosidl_typesupport_introspection_cpp
[9.901s] -- Found rmw_implementation_cmake: 1.0.3 (/opt/ros/foxy/share/rmw_implementation_cmake/cmake)
[9.919s] -- Using RMW implementation 'rmw_fastrtps_cpp' as default
[9.923s] -- Looking for pthread.h
[10.153s] -- Looking for pthread.h - found
[10.153s] -- Performing Test CMAKE_HAVE_LIBC_PTHREAD
[10.222s] -- Performing Test CMAKE_HAVE_LIBC_PTHREAD - Failed
[10.222s] -- Looking for pthread_create in pthreads
[10.275s] -- Looking for pthread_create in pthreads - not found
[10.275s] -- Looking for pthread_create in pthread
[10.325s] -- Looking for pthread_create in pthread - found
[10.326s] -- Found Threads: TRUE  
[10.883s] -- Found sensor_msgs: 2.0.5 (/opt/ros/foxy/share/sensor_msgs/cmake)
[10.971s] -- Found gtest sources under '/opt/ros/foxy/src/gtest_vendor': C++ tests using 'Google Test' will be built
[11.614s] -- Check if compiler accepts -pthread
[11.717s] -- Check if compiler accepts -pthread - yes
[11.876s] -- Configuring done
[12.078s] -- Generating done
[12.079s] CMake Warning:
[12.079s]   Manually-specified variables were not used by the project:
[12.080s] 
[12.080s]     USE_PANGOLIN_VIEWER
[12.080s]     USE_SOCKET_PUBLISHER
[12.080s] 
[12.080s] 
[12.080s] -- Build files have been written to: /home/ubuntu/ros2_ws/build/image_transport
[12.086s] Invoked command in '/home/ubuntu/ros2_ws/build/image_transport' returned '0': CMAKE_PREFIX_PATH=/opt/ros/foxy /usr/bin/cmake /home/ubuntu/ros2_ws/src/image_common/image_transport -DUSE_PANGOLIN_VIEWER=ON -DUSE_SOCKET_PUBLISHER=OFF -DAMENT_CMAKE_SYMLINK_INSTALL=1 -DCMAKE_INSTALL_PREFIX=/home/ubuntu/ros2_ws/install/image_transport
[12.088s] Invoking command in '/home/ubuntu/ros2_ws/build/image_transport': CMAKE_PREFIX_PATH=/opt/ros/foxy /usr/bin/cmake --build /home/ubuntu/ros2_ws/build/image_transport -- -j16 -l16
[12.116s] [35m[1mScanning dependencies of target gtest[0m
[12.117s] [35m[1mScanning dependencies of target gtest_main[0m
[12.117s] [35m[1mScanning dependencies of target image_transport[0m
[12.373s] [  6%] [32mBuilding CXX object gtest/CMakeFiles/gtest.dir/src/gtest-all.cc.o[0m
[12.373s] [  6%] [32mBuilding CXX object gtest/CMakeFiles/gtest_main.dir/src/gtest_main.cc.o[0m
[17.248s] [ 10%] [32mBuilding CXX object CMakeFiles/image_transport.dir/src/camera_common.cpp.o[0m
[17.252s] [ 13%] [32mBuilding CXX object CMakeFiles/image_transport.dir/src/publisher.cpp.o[0m
[17.254s] [ 16%] [32mBuilding CXX object CMakeFiles/image_transport.dir/src/camera_publisher.cpp.o[0m
[17.254s] [ 20%] [32mBuilding CXX object CMakeFiles/image_transport.dir/src/camera_subscriber.cpp.o[0m
[17.259s] [ 26%] [32mBuilding CXX object CMakeFiles/image_transport.dir/src/subscriber.cpp.o[0m
[17.259s] [ 26%] [32mBuilding CXX object CMakeFiles/image_transport.dir/src/image_transport.cpp.o[0m
[17.266s] [ 30%] [32mBuilding CXX object CMakeFiles/image_transport.dir/src/single_subscriber_publisher.cpp.o[0m
[17.410s] [ 33%] [32m[1mLinking CXX static library libgtest_main.a[0m
[17.709s] [ 33%] Built target gtest_main
[19.777s] [ 36%] [32m[1mLinking CXX static library libgtest.a[0m
[19.816s] [ 36%] Built target gtest
[22.804s] [ 40%] [32m[1mLinking CXX shared library libimage_transport.so[0m
[23.319s] [ 40%] Built target image_transport
[23.327s] [35m[1mScanning dependencies of target republish[0m
[23.327s] [35m[1mScanning dependencies of target image_transport_plugins[0m
[23.327s] [35m[1mScanning dependencies of target image_transport-camera_common[0m
[23.327s] [35m[1mScanning dependencies of target image_transport-remapping[0m
[23.327s] [35m[1mScanning dependencies of target image_transport-subscriber[0m
[23.327s] [35m[1mScanning dependencies of target image_transport-publisher[0m
[23.327s] [35m[1mScanning dependencies of target image_transport-single_subscriber_publisher[0m
[23.328s] [35m[1mScanning dependencies of target list_transports[0m
[23.331s] [35m[1mScanning dependencies of target image_transport-message_passing[0m
[23.337s] [ 43%] [32mBuilding CXX object CMakeFiles/image_transport-camera_common.dir/test/test_camera_common.cpp.o[0m
[23.357s] [ 46%] [32mBuilding CXX object CMakeFiles/republish.dir/src/republish.cpp.o[0m
[23.360s] [ 56%] [32mBuilding CXX object CMakeFiles/image_transport-publisher.dir/test/test_publisher.cpp.o[0m
[23.361s] [ 56%] [32mBuilding CXX object CMakeFiles/image_transport-subscriber.dir/test/test_subscriber.cpp.o[0m
[23.361s] [ 56%] [32mBuilding CXX object CMakeFiles/image_transport-single_subscriber_publisher.dir/test/test_single_subscriber_publisher.cpp.o[0m
[23.361s] [ 60%] [32mBuilding CXX object CMakeFiles/image_transport-remapping.dir/test/test_remapping.cpp.o[0m
[23.364s] [ 63%] [32mBuilding CXX object CMakeFiles/list_transports.dir/src/list_transports.cpp.o[0m
[23.376s] [ 66%] [32mBuilding CXX object CMakeFiles/image_transport-message_passing.dir/test/test_message_passing.cpp.o[0m
[23.399s] [ 70%] [32mBuilding CXX object CMakeFiles/image_transport_plugins.dir/src/manifest.cpp.o[0m
[23.939s] [ 73%] [32m[1mLinking CXX executable image_transport-camera_common[0m
[24.194s] [ 73%] Built target image_transport-camera_common
[25.251s] [ 76%] [32m[1mLinking CXX executable image_transport-single_subscriber_publisher[0m
[25.260s] [ 80%] [32m[1mLinking CXX executable image_transport-publisher[0m
[25.465s] [ 83%] [32m[1mLinking CXX executable image_transport-remapping[0m
[25.494s] [ 86%] [32m[1mLinking CXX executable image_transport-message_passing[0m
[25.836s] [ 86%] Built target image_transport-single_subscriber_publisher
[25.853s] [ 86%] Built target image_transport-publisher
[25.919s] [ 90%] [32m[1mLinking CXX executable image_transport-subscriber[0m
[26.018s] [ 90%] Built target image_transport-remapping
[26.027s] [ 90%] Built target image_transport-message_passing
[26.154s] [ 90%] Built target image_transport-subscriber
[26.843s] [ 93%] [32m[1mLinking CXX executable list_transports[0m
[27.005s] [ 93%] Built target list_transports
[27.227s] [ 96%] [32m[1mLinking CXX executable republish[0m
[27.393s] [ 96%] Built target republish
[27.601s] [100%] [32m[1mLinking CXX shared library libimage_transport_plugins.so[0m
[27.755s] [100%] Built target image_transport_plugins
