[0.019s] Invoking command in '/home/ubuntu/ros2_ws/build/image_geometry': CMAKE_PREFIX_PATH=/opt/ros/foxy /usr/bin/cmake /home/ubuntu/ros2_ws/src/vision_opencv/image_geometry -DUSE_PANGOLIN_VIEWER=ON -DUSE_SOCKET_PUBLISHER=OFF -DAMENT_CMAKE_SYMLINK_INSTALL=1 -DCMAKE_INSTALL_PREFIX=/home/ubuntu/ros2_ws/install/image_geometry
[0.028s] -- Found ament_cmake_python: 0.9.11 (/opt/ros/foxy/share/ament_cmake_python/cmake)
[0.028s] -- Found ament_cmake_ros: 0.9.2 (/opt/ros/foxy/share/ament_cmake_ros/cmake)
[0.047s] -- Using PYTHON_EXECUTABLE: /usr/bin/python3
[0.222s] -- Override CMake install command with custom implementation using symlinks instead of copying resources
[0.236s] -- Found sensor_msgs: 2.0.5 (/opt/ros/foxy/share/sensor_msgs/cmake)
[0.254s] -- Using all available rosidl_typesupport_c: rosidl_typesupport_fastrtps_c;rosidl_typesupport_introspection_c
[0.256s] -- Found rosidl_adapter: 1.3.0 (/opt/ros/foxy/share/rosidl_adapter/cmake)
[0.367s] -- Using all available rosidl_typesupport_cpp: rosidl_typesupport_fastrtps_cpp;rosidl_typesupport_introspection_cpp
[0.488s] -- Found gtest sources under '/opt/ros/foxy/src/gtest_vendor': C++ tests using 'Google Test' will be built
[0.549s] -- Configuring done
[0.560s] -- Generating done
[0.561s] CMake Warning:
[0.561s]   Manually-specified variables were not used by the project:
[0.561s] 
[0.561s]     USE_PANGOLIN_VIEWER
[0.562s] 
[0.562s] 
[0.562s] -- Build files have been written to: /home/ubuntu/ros2_ws/build/image_geometry
[0.566s] Invoked command in '/home/ubuntu/ros2_ws/build/image_geometry' returned '0': CMAKE_PREFIX_PATH=/opt/ros/foxy /usr/bin/cmake /home/ubuntu/ros2_ws/src/vision_opencv/image_geometry -DUSE_PANGOLIN_VIEWER=ON -DUSE_SOCKET_PUBLISHER=OFF -DAMENT_CMAKE_SYMLINK_INSTALL=1 -DCMAKE_INSTALL_PREFIX=/home/ubuntu/ros2_ws/install/image_geometry
[0.569s] Invoking command in '/home/ubuntu/ros2_ws/build/image_geometry': CMAKE_PREFIX_PATH=/opt/ros/foxy /usr/bin/cmake --build /home/ubuntu/ros2_ws/build/image_geometry -- -j16 -l16
[0.604s] [ 36%] Built target gtest_main
[0.604s] [ 36%] Built target gtest
[0.611s] [ 63%] Built target image_geometry
[0.633s] [100%] Built target image_geometry-utest
[0.633s] [100%] Built target image_geometry-utest-equi
[0.641s] Invoked command in '/home/ubuntu/ros2_ws/build/image_geometry' returned '0': CMAKE_PREFIX_PATH=/opt/ros/foxy /usr/bin/cmake --build /home/ubuntu/ros2_ws/build/image_geometry -- -j16 -l16
[0.670s] Invoking command in '/home/ubuntu/ros2_ws/build/image_geometry': CMAKE_PREFIX_PATH=/opt/ros/foxy /usr/bin/cmake --install /home/ubuntu/ros2_ws/build/image_geometry
[0.676s] -- Install configuration: ""
[0.676s] -- Execute custom install script
[0.677s] -- Up-to-date symlink: /home/ubuntu/ros2_ws/install/image_geometry/share/image_geometry/environment/pythonpath.sh
[0.677s] -- Up-to-date symlink: /home/ubuntu/ros2_ws/install/image_geometry/share/image_geometry/environment/pythonpath.dsv
[0.678s] -- Up-to-date symlink: /home/ubuntu/ros2_ws/install/image_geometry/lib/python3.8/site-packages/image_geometry/__init__.py
[0.678s] -- Up-to-date symlink: /home/ubuntu/ros2_ws/install/image_geometry/lib/python3.8/site-packages/image_geometry/cameramodels.py
[0.678s] -- Up-to-date symlink: /home/ubuntu/ros2_ws/install/image_geometry/include/image_geometry/pinhole_camera_model.h
[0.678s] -- Up-to-date symlink: /home/ubuntu/ros2_ws/install/image_geometry/include/image_geometry/stereo_camera_model.h
[0.678s] -- Up-to-date symlink: /home/ubuntu/ros2_ws/install/image_geometry/include/image_geometry/visibility_control.hpp
[0.678s] -- Up-to-date symlink: /home/ubuntu/ros2_ws/install/image_geometry/lib/libimage_geometry.so
[0.678s] -- Up-to-date symlink: /home/ubuntu/ros2_ws/install/image_geometry/share/image_geometry/environment/library_path.sh
[0.678s] -- Up-to-date symlink: /home/ubuntu/ros2_ws/install/image_geometry/share/image_geometry/environment/library_path.dsv
[0.679s] -- Up-to-date symlink: /home/ubuntu/ros2_ws/install/image_geometry/share/ament_index/resource_index/package_run_dependencies/image_geometry
[0.679s] -- Up-to-date symlink: /home/ubuntu/ros2_ws/install/image_geometry/share/ament_index/resource_index/parent_prefix_path/image_geometry
[0.679s] -- Up-to-date symlink: /home/ubuntu/ros2_ws/install/image_geometry/share/image_geometry/environment/ament_prefix_path.sh
[0.679s] -- Up-to-date symlink: /home/ubuntu/ros2_ws/install/image_geometry/share/image_geometry/environment/ament_prefix_path.dsv
[0.679s] -- Up-to-date symlink: /home/ubuntu/ros2_ws/install/image_geometry/share/image_geometry/environment/path.sh
[0.680s] -- Up-to-date symlink: /home/ubuntu/ros2_ws/install/image_geometry/share/image_geometry/environment/path.dsv
[0.680s] -- Up-to-date symlink: /home/ubuntu/ros2_ws/install/image_geometry/share/image_geometry/local_setup.bash
[0.680s] -- Up-to-date symlink: /home/ubuntu/ros2_ws/install/image_geometry/share/image_geometry/local_setup.sh
[0.680s] -- Up-to-date symlink: /home/ubuntu/ros2_ws/install/image_geometry/share/image_geometry/local_setup.zsh
[0.680s] -- Up-to-date symlink: /home/ubuntu/ros2_ws/install/image_geometry/share/image_geometry/local_setup.dsv
[0.681s] -- Symlinking: /home/ubuntu/ros2_ws/install/image_geometry/share/image_geometry/package.dsv
[0.687s] -- Up-to-date symlink: /home/ubuntu/ros2_ws/install/image_geometry/share/ament_index/resource_index/packages/image_geometry
[0.687s] -- Up-to-date symlink: /home/ubuntu/ros2_ws/install/image_geometry/share/image_geometry/cmake/ament_cmake_export_libraries-extras.cmake
[0.687s] -- Up-to-date symlink: /home/ubuntu/ros2_ws/install/image_geometry/share/image_geometry/cmake/ament_cmake_export_dependencies-extras.cmake
[0.688s] -- Up-to-date symlink: /home/ubuntu/ros2_ws/install/image_geometry/share/image_geometry/cmake/ament_cmake_export_include_directories-extras.cmake
[0.688s] -- Up-to-date symlink: /home/ubuntu/ros2_ws/install/image_geometry/share/image_geometry/cmake/image_geometryConfig.cmake
[0.688s] -- Up-to-date symlink: /home/ubuntu/ros2_ws/install/image_geometry/share/image_geometry/cmake/image_geometryConfig-version.cmake
[0.688s] -- Up-to-date symlink: /home/ubuntu/ros2_ws/install/image_geometry/share/image_geometry/package.xml
[0.710s] Listing '/home/ubuntu/ros2_ws/install/image_geometry/lib/python3.8/site-packages/image_geometry'...
[0.715s] Invoked command in '/home/ubuntu/ros2_ws/build/image_geometry' returned '0': CMAKE_PREFIX_PATH=/opt/ros/foxy /usr/bin/cmake --install /home/ubuntu/ros2_ws/build/image_geometry
