[0.127s] Invoking command in '/home/ubuntu/ros2_ws/build/cv_bridge': CMAKE_PREFIX_PATH=/opt/ros/foxy /usr/bin/cmake /home/ubuntu/ros2_ws/src/vision_opencv/cv_bridge -DUSE_PANGOLIN_VIEWER=ON -DUSE_SOCKET_PUBLISHER=OFF -DAMENT_CMAKE_SYMLINK_INSTALL=1 -DCMAKE_INSTALL_PREFIX=/home/ubuntu/ros2_ws/install/cv_bridge
[2.495s] -- The C compiler identification is GNU 9.4.0
[5.370s] -- The CXX compiler identification is GNU 9.4.0
[5.420s] -- Check for working C compiler: /usr/bin/cc
[5.609s] -- Check for working C compiler: /usr/bin/cc -- works
[5.610s] -- Detecting C compiler ABI info
[5.664s] -- Detecting C compiler ABI info - done
[5.679s] -- Detecting C compile features
[5.679s] -- Detecting C compile features - done
[5.682s] -- Check for working CXX compiler: /usr/bin/c++
[5.747s] -- Check for working CXX compiler: /usr/bin/c++ -- works
[5.748s] -- Detecting CXX compiler ABI info
[5.816s] -- Detecting CXX compiler ABI info - done
[5.828s] -- Detecting CXX compile features
[5.828s] -- Detecting CXX compile features - done
[5.913s] -- Found ament_cmake_ros: 0.9.2 (/opt/ros/foxy/share/ament_cmake_ros/cmake)
[6.413s] -- Found PythonInterp: /usr/bin/python3 (found suitable version "3.8.10", minimum required is "3") 
[6.414s] -- Using PYTHON_EXECUTABLE: /usr/bin/python3
[6.744s] -- Override CMake install command with custom implementation using symlinks instead of copying resources
[7.098s] -- Found PythonLibs: /usr/lib/x86_64-linux-gnu/libpython3.8.so (found version "3.8.10") 
[8.517s] -- Found Boost: /usr/lib/x86_64-linux-gnu/cmake/Boost-1.71.0/BoostConfig.cmake (found version "1.71.0") found components: python 
[8.524s] -- Found rcpputils: 1.3.2 (/opt/ros/foxy/share/rcpputils/cmake)
[8.544s] -- Found sensor_msgs: 2.0.5 (/opt/ros/foxy/share/sensor_msgs/cmake)
[8.561s] -- Using all available rosidl_typesupport_c: rosidl_typesupport_fastrtps_c;rosidl_typesupport_introspection_c
[8.579s] -- Found rosidl_adapter: 1.3.0 (/opt/ros/foxy/share/rosidl_adapter/cmake)
[9.189s] -- Found OpenSSL: /usr/lib/x86_64-linux-gnu/libcrypto.so (found version "1.1.1f")  
[9.286s] -- Found FastRTPS: /opt/ros/foxy/include  
[9.518s] -- Using all available rosidl_typesupport_cpp: rosidl_typesupport_fastrtps_cpp;rosidl_typesupport_introspection_cpp
[10.182s] -- Performing Test COMPILER_HAS_HIDDEN_VISIBILITY
[10.235s] -- Performing Test COMPILER_HAS_HIDDEN_VISIBILITY - Success
[10.236s] -- Performing Test COMPILER_HAS_HIDDEN_INLINE_VISIBILITY
[10.289s] -- Performing Test COMPILER_HAS_HIDDEN_INLINE_VISIBILITY - Success
[10.289s] -- Performing Test COMPILER_HAS_DEPRECATED_ATTR
[10.343s] -- Performing Test COMPILER_HAS_DEPRECATED_ATTR - Success
[10.377s] -- Found PythonInterp: /usr/bin/python3 (found version "3.8.10") 
[10.378s] -- Found PythonLibs: /usr/lib/x86_64-linux-gnu/libpython3.8.so (found suitable version "3.8.10", minimum required is "3.8") 
[13.312s] -- Found ament_lint_auto: 0.9.7 (/opt/ros/foxy/share/ament_lint_auto/cmake)
[13.427s] -- Found gtest sources under '/opt/ros/foxy/src/gtest_vendor': C++ tests using 'Google Test' will be built
[13.516s] -- Looking for pthread.h
[13.600s] -- Looking for pthread.h - found
[13.600s] -- Performing Test CMAKE_HAVE_LIBC_PTHREAD
[13.650s] -- Performing Test CMAKE_HAVE_LIBC_PTHREAD - Failed
[13.650s] -- Check if compiler accepts -pthread
[13.729s] -- Check if compiler accepts -pthread - yes
[13.731s] -- Found Threads: TRUE  
[20.620s] CMake Warning at /opt/ros/foxy/share/ament_cmake_pytest/cmake/ament_add_pytest_test.cmake:77 (message):
[20.620s]   The Python module 'pytest' was not found, pytests can not be run (e.g.  on
[20.620s]   Ubuntu/Debian install the package 'python3-pytest')
[20.620s] Call Stack (most recent call first):
[20.620s]   test/CMakeLists.txt:29 (ament_add_pytest_test)
[20.620s] 
[20.620s] 
[21.122s] CMake Warning at /opt/ros/foxy/share/ament_cmake_pytest/cmake/ament_add_pytest_test.cmake:77 (message):
[21.122s]   The Python module 'pytest' was not found, pytests can not be run (e.g.  on
[21.122s]   Ubuntu/Debian install the package 'python3-pytest')
[21.122s] Call Stack (most recent call first):
[21.123s]   test/CMakeLists.txt:30 (ament_add_pytest_test)
[21.123s] 
[21.123s] 
[21.615s] CMake Warning at /opt/ros/foxy/share/ament_cmake_pytest/cmake/ament_add_pytest_test.cmake:77 (message):
[21.615s]   The Python module 'pytest' was not found, pytests can not be run (e.g.  on
[21.615s]   Ubuntu/Debian install the package 'python3-pytest')
[21.615s] Call Stack (most recent call first):
[21.615s]   test/CMakeLists.txt:31 (ament_add_pytest_test)
[21.615s] 
[21.615s] 
[21.677s] -- Configuring done
[22.006s] -- Generating done
[22.007s] CMake Warning:
[22.007s]   Manually-specified variables were not used by the project:
[22.007s] 
[22.007s]     USE_PANGOLIN_VIEWER
[22.007s]     USE_SOCKET_PUBLISHER
[22.007s] 
[22.007s] 
[22.007s] -- Build files have been written to: /home/ubuntu/ros2_ws/build/cv_bridge
