[0.030s] Invoking command in '/home/ubuntu/ros2_ws/src/build/camera_calibration_parsers': CMAKE_PREFIX_PATH=/opt/ros/foxy /usr/bin/cmake /home/ubuntu/ros2_ws/src/image_common/camera_calibration_parsers -DUSE_PANGOLIN_VIEWER=OFF -DUSE_SOCKET_PUBLISHER=OFF -DAMENT_CMAKE_SYMLINK_INSTALL=1 -DCMAKE_INSTALL_PREFIX=/home/ubuntu/ros2_ws/src/install/camera_calibration_parsers
[0.068s] -- The C compiler identification is GNU 9.4.0
[0.106s] -- The CXX compiler identification is GNU 9.4.0
[0.109s] -- Check for working C compiler: /usr/bin/cc
[0.160s] -- Check for working C compiler: /usr/bin/cc -- works
[0.161s] -- Detecting C compiler ABI info
[0.210s] -- Detecting C compiler ABI info - done
[0.218s] -- Detecting C compile features
[0.218s] -- Detecting C compile features - done
[0.220s] -- Check for working CXX compiler: /usr/bin/c++
[0.278s] -- Check for working CXX compiler: /usr/bin/c++ -- works
[0.279s] -- Detecting CXX compiler ABI info
[0.334s] -- Detecting CXX compiler ABI info - done
[0.343s] -- Detecting CXX compile features
[0.343s] -- Detecting CXX compile features - done
[0.345s] -- Found ament_cmake_ros: 0.9.2 (/opt/ros/foxy/share/ament_cmake_ros/cmake)
[0.371s] -- Found PythonInterp: /usr/bin/python3 (found suitable version "3.8.10", minimum required is "3") 
[0.371s] -- Using PYTHON_EXECUTABLE: /usr/bin/python3
[0.556s] -- Override CMake install command with custom implementation using symlinks instead of copying resources
[0.580s] -- Found rclcpp: 2.4.2 (/opt/ros/foxy/share/rclcpp/cmake)
[0.615s] -- Using all available rosidl_typesupport_c: rosidl_typesupport_fastrtps_c;rosidl_typesupport_introspection_c
[0.620s] -- Found rosidl_adapter: 1.3.0 (/opt/ros/foxy/share/rosidl_adapter/cmake)
[0.693s] -- Found OpenSSL: /usr/lib/x86_64-linux-gnu/libcrypto.so (found version "1.1.1f")  
[0.721s] -- Found FastRTPS: /opt/ros/foxy/include  
[0.790s] -- Using all available rosidl_typesupport_cpp: rosidl_typesupport_fastrtps_cpp;rosidl_typesupport_introspection_cpp
[0.832s] -- Found rmw_implementation_cmake: 1.0.3 (/opt/ros/foxy/share/rmw_implementation_cmake/cmake)
[0.833s] -- Using RMW implementation 'rmw_fastrtps_cpp' as default
[0.833s] -- Looking for pthread.h
[0.881s] -- Looking for pthread.h - found
[0.882s] -- Performing Test CMAKE_HAVE_LIBC_PTHREAD
[0.931s] -- Performing Test CMAKE_HAVE_LIBC_PTHREAD - Failed
[0.931s] -- Looking for pthread_create in pthreads
[0.970s] -- Looking for pthread_create in pthreads - not found
[0.971s] -- Looking for pthread_create in pthread
[1.018s] -- Looking for pthread_create in pthread - found
[1.020s] -- Found Threads: TRUE  
[1.133s] -- Found sensor_msgs: 2.0.5 (/opt/ros/foxy/share/sensor_msgs/cmake)
[1.229s] -- Found yaml_cpp_vendor: 7.0.3 (/opt/ros/foxy/share/yaml_cpp_vendor/cmake)
[1.229s] -- Setting yaml-cpp_DIR to: '/opt/ros/foxy/share/yaml_cpp_vendor/cmake/../../../opt/yaml_cpp_vendor/lib/cmake/yaml-cpp'
[1.233s] -- Found ament_cmake_cppcheck: 0.9.7 (/opt/ros/foxy/share/ament_cmake_cppcheck/cmake)
[1.234s] -- Found ament_cmake_cpplint: 0.9.7 (/opt/ros/foxy/share/ament_cmake_cpplint/cmake)
[1.235s] -- Found ament_cmake_lint_cmake: 0.9.7 (/opt/ros/foxy/share/ament_cmake_lint_cmake/cmake)
[1.236s] -- Found ament_cmake_uncrustify: 0.9.7 (/opt/ros/foxy/share/ament_cmake_uncrustify/cmake)
[1.238s] -- Found gtest sources under '/opt/ros/foxy/src/gtest_vendor': C++ tests using 'Google Test' will be built
[1.240s] -- Check if compiler accepts -pthread
[1.294s] -- Check if compiler accepts -pthread - yes
[1.366s] -- Configuring done
[1.385s] -- Generating done
[1.386s] CMake Warning:
[1.386s]   Manually-specified variables were not used by the project:
[1.387s] 
[1.387s]     USE_PANGOLIN_VIEWER
[1.387s]     USE_SOCKET_PUBLISHER
[1.387s] 
[1.387s] 
[1.387s] -- Build files have been written to: /home/ubuntu/ros2_ws/src/build/camera_calibration_parsers
[1.396s] Invoked command in '/home/ubuntu/ros2_ws/src/build/camera_calibration_parsers' returned '0': CMAKE_PREFIX_PATH=/opt/ros/foxy /usr/bin/cmake /home/ubuntu/ros2_ws/src/image_common/camera_calibration_parsers -DUSE_PANGOLIN_VIEWER=OFF -DUSE_SOCKET_PUBLISHER=OFF -DAMENT_CMAKE_SYMLINK_INSTALL=1 -DCMAKE_INSTALL_PREFIX=/home/ubuntu/ros2_ws/src/install/camera_calibration_parsers
[1.398s] Invoking command in '/home/ubuntu/ros2_ws/src/build/camera_calibration_parsers': CMAKE_PREFIX_PATH=/opt/ros/foxy /usr/bin/cmake --build /home/ubuntu/ros2_ws/src/build/camera_calibration_parsers -- -j16 -l16
[1.432s] [35m[1mScanning dependencies of target camera_calibration_parsers[0m
[1.435s] [35m[1mScanning dependencies of target gtest_main[0m
[1.436s] [35m[1mScanning dependencies of target gtest[0m
[1.449s] [  7%] [32mBuilding CXX object gtest/CMakeFiles/gtest_main.dir/src/gtest_main.cc.o[0m
[1.458s] [ 14%] [32mBuilding CXX object gtest/CMakeFiles/gtest.dir/src/gtest-all.cc.o[0m
[1.466s] [ 21%] [32mBuilding CXX object CMakeFiles/camera_calibration_parsers.dir/src/parse_yml.cpp.o[0m
[1.466s] [ 35%] [32mBuilding CXX object CMakeFiles/camera_calibration_parsers.dir/src/parse_ini.cpp.o[0m
[1.466s] [ 35%] [32mBuilding CXX object CMakeFiles/camera_calibration_parsers.dir/src/parse.cpp.o[0m
[2.394s] [ 42%] [32m[1mLinking CXX static library libgtest_main.a[0m
[2.441s] [ 42%] Built target gtest_main
[3.826s] [ 50%] [32m[1mLinking CXX shared library libcamera_calibration_parsers.so[0m
[4.005s] [ 50%] Built target camera_calibration_parsers
[4.013s] [35m[1mScanning dependencies of target convert[0m
[4.032s] [ 57%] [32mBuilding CXX object CMakeFiles/convert.dir/src/convert.cpp.o[0m
[4.463s] [ 64%] [32m[1mLinking CXX executable convert[0m
[4.543s] [ 71%] [32m[1mLinking CXX static library libgtest.a[0m
[4.567s] [ 71%] Built target convert
[4.584s] [ 71%] Built target gtest
[4.592s] [35m[1mScanning dependencies of target camera_calibration_parsers-parse_yml[0m
[4.592s] [35m[1mScanning dependencies of target camera_calibration_parsers-parse_ini[0m
[4.604s] [ 85%] [32mBuilding CXX object CMakeFiles/camera_calibration_parsers-parse_yml.dir/test/test_parse_yml.cpp.o[0m
[4.604s] [ 85%] [32mBuilding CXX object CMakeFiles/camera_calibration_parsers-parse_ini.dir/test/test_parse_ini.cpp.o[0m
[5.340s] [ 92%] [32m[1mLinking CXX executable camera_calibration_parsers-parse_yml[0m
[5.346s] [100%] [32m[1mLinking CXX executable camera_calibration_parsers-parse_ini[0m
[5.500s] [100%] Built target camera_calibration_parsers-parse_yml
[5.506s] [100%] Built target camera_calibration_parsers-parse_ini
