[0.224s] Invoking command in '/home/ubuntu/ros2_ws/build/vision_opencv': AMENT_PREFIX_PATH=/home/ubuntu/ros2_ws/install/image_geometry:/home/ubuntu/ros2_ws/install/cv_bridge:${AMENT_PREFIX_PATH} CMAKE_PREFIX_PATH=/home/ubuntu/ros2_ws/install/image_geometry:/home/ubuntu/ros2_ws/install/cv_bridge:/opt/ros/foxy LD_LIBRARY_PATH=/home/ubuntu/ros2_ws/install/image_geometry/lib:/home/ubuntu/ros2_ws/install/cv_bridge/lib:${LD_LIBRARY_PATH} PYTHONPATH=/home/ubuntu/ros2_ws/install/image_geometry/lib/python3.8/site-packages:/home/ubuntu/ros2_ws/install/cv_bridge/lib/python3.8/site-packages:${PYTHONPATH} /usr/bin/cmake /home/ubuntu/ros2_ws/src/vision_opencv/vision_opencv -DUSE_PANGOLIN_VIEWER=ON -DUSE_SOCKET_PUBLISHER=OFF -DAMENT_CMAKE_SYMLINK_INSTALL=1 -DCMAKE_INSTALL_PREFIX=/home/ubuntu/ros2_ws/install/vision_opencv
[0.259s] -- The C compiler identification is GNU 9.4.0
[0.295s] -- The CXX compiler identification is GNU 9.4.0
[0.299s] -- Check for working C compiler: /usr/bin/cc
[0.347s] -- Check for working C compiler: /usr/bin/cc -- works
[0.347s] -- Detecting C compiler ABI info
[0.395s] -- Detecting C compiler ABI info - done
[0.403s] -- Detecting C compile features
[0.403s] -- Detecting C compile features - done
[0.405s] -- Check for working CXX compiler: /usr/bin/c++
[0.459s] -- Check for working CXX compiler: /usr/bin/c++ -- works
[0.460s] -- Detecting CXX compiler ABI info
[0.513s] -- Detecting CXX compiler ABI info - done
[0.522s] -- Detecting CXX compile features
[0.522s] -- Detecting CXX compile features - done
[0.524s] -- Found ament_cmake: 0.9.11 (/opt/ros/foxy/share/ament_cmake/cmake)
[0.543s] -- Found PythonInterp: /usr/bin/python3 (found suitable version "3.8.10", minimum required is "3") 
[0.543s] -- Using PYTHON_EXECUTABLE: /usr/bin/python3
[0.717s] -- Override CMake install command with custom implementation using symlinks instead of copying resources
[0.787s] -- Configuring done
[0.788s] -- Generating done
[0.788s] CMake Warning:
[0.789s]   Manually-specified variables were not used by the project:
[0.789s] 
[0.789s]     USE_PANGOLIN_VIEWER
[0.789s]     USE_SOCKET_PUBLISHER
[0.789s] 
[0.789s] 
[0.789s] -- Build files have been written to: /home/ubuntu/ros2_ws/build/vision_opencv
