[0.024s] Invoking command in '/home/ubuntu/ros2_ws/build/cv_bridge': CMAKE_PREFIX_PATH=/opt/ros/foxy /usr/bin/cmake /home/ubuntu/ros2_ws/src/vision_opencv/cv_bridge -DUSE_PANGOLIN_VIEWER=ON -DUSE_SOCKET_PUBLISHER=OFF -DAMENT_CMAKE_SYMLINK_INSTALL=1 -DCMAKE_INSTALL_PREFIX=/home/ubuntu/ros2_ws/install/cv_bridge
[0.035s] -- Found ament_cmake_ros: 0.9.2 (/opt/ros/foxy/share/ament_cmake_ros/cmake)
[0.054s] -- Found PythonInterp: /usr/bin/python3 (found suitable version "3.8.10", minimum required is "3") 
[0.054s] -- Using PYTHON_EXECUTABLE: /usr/bin/python3
[0.237s] -- Override CMake install command with custom implementation using symlinks instead of copying resources
[0.245s] -- Found PythonLibs: /usr/lib/x86_64-linux-gnu/libpython3.8.so (found version "3.8.10") 
[0.252s] -- Found rcpputils: 1.3.2 (/opt/ros/foxy/share/rcpputils/cmake)
[0.265s] -- Found sensor_msgs: 2.0.5 (/opt/ros/foxy/share/sensor_msgs/cmake)
[0.272s] -- Using all available rosidl_typesupport_c: rosidl_typesupport_fastrtps_c;rosidl_typesupport_introspection_c
[0.275s] -- Found rosidl_adapter: 1.3.0 (/opt/ros/foxy/share/rosidl_adapter/cmake)
[0.382s] -- Using all available rosidl_typesupport_cpp: rosidl_typesupport_fastrtps_cpp;rosidl_typesupport_introspection_cpp
[0.526s] -- Found PythonInterp: /usr/bin/python3 (found version "3.8.10") 
[0.528s] -- Found PythonLibs: /usr/lib/x86_64-linux-gnu/libpython3.8.so (found suitable version "3.8.10", minimum required is "3.8") 
[0.529s] -- Found ament_lint_auto: 0.9.7 (/opt/ros/foxy/share/ament_lint_auto/cmake)
[0.586s] -- Found gtest sources under '/opt/ros/foxy/src/gtest_vendor': C++ tests using 'Google Test' will be built
[1.076s] CMake Warning at /opt/ros/foxy/share/ament_cmake_pytest/cmake/ament_add_pytest_test.cmake:77 (message):
[1.076s]   The Python module 'pytest' was not found, pytests can not be run (e.g.  on
[1.076s]   Ubuntu/Debian install the package 'python3-pytest')
[1.076s] Call Stack (most recent call first):
[1.076s]   test/CMakeLists.txt:29 (ament_add_pytest_test)
[1.076s] 
[1.076s] 
[1.516s] CMake Warning at /opt/ros/foxy/share/ament_cmake_pytest/cmake/ament_add_pytest_test.cmake:77 (message):
[1.516s]   The Python module 'pytest' was not found, pytests can not be run (e.g.  on
[1.516s]   Ubuntu/Debian install the package 'python3-pytest')
[1.516s] Call Stack (most recent call first):
[1.516s]   test/CMakeLists.txt:30 (ament_add_pytest_test)
[1.516s] 
[1.516s] 
[1.948s] CMake Warning at /opt/ros/foxy/share/ament_cmake_pytest/cmake/ament_add_pytest_test.cmake:77 (message):
[1.948s]   The Python module 'pytest' was not found, pytests can not be run (e.g.  on
[1.948s]   Ubuntu/Debian install the package 'python3-pytest')
[1.949s] Call Stack (most recent call first):
[1.949s]   test/CMakeLists.txt:31 (ament_add_pytest_test)
[1.949s] 
[1.949s] 
[2.006s] -- Configuring done
[2.019s] -- Generating done
[2.020s] CMake Warning:
[2.020s]   Manually-specified variables were not used by the project:
[2.020s] 
[2.020s]     USE_PANGOLIN_VIEWER
[2.020s] 
[2.020s] 
[2.020s] -- Build files have been written to: /home/ubuntu/ros2_ws/build/cv_bridge
