[0.229s] Invoking command in '/home/ubuntu/ros2_ws/build/stella_vslam_ros': CMAKE_PREFIX_PATH=/home/ubuntu/ros2_ws/install/image_transport:/home/ubuntu/ros2_ws/install/cv_bridge:/home/ubuntu/ros2_ws/install/vision_opencv:/home/ubuntu/ros2_ws/install/image_common:/home/ubuntu/ros2_ws/install/image_geometry:/home/ubuntu/ros2_ws/install/camera_info_manager:/home/ubuntu/ros2_ws/install/camera_calibration_parsers:/home/ubuntu/ros2_ws/install/opencv_tests:/opt/ros/foxy LD_LIBRARY_PATH=/home/ubuntu/ros2_ws/install/image_transport/lib:/home/ubuntu/ros2_ws/install/cv_bridge/lib:/home/ubuntu/ros2_ws/install/image_geometry/lib:/home/ubuntu/ros2_ws/install/camera_info_manager/lib:/home/ubuntu/ros2_ws/install/camera_calibration_parsers/lib:/usr/lib/x86_64-linux-gnu/gazebo-11/plugins:/opt/ros/foxy/opt/yaml_cpp_vendor/lib:/opt/ros/foxy/opt/rviz_ogre_vendor/lib:/opt/ros/foxy/lib/x86_64-linux-gnu:/opt/ros/foxy/lib PYTHONPATH=/home/ubuntu/ros2_ws/install/cv_bridge/lib/python3.8/site-packages:/home/ubuntu/ros2_ws/build/opencv_tests:/home/ubuntu/ros2_ws/install/opencv_tests/lib/python3.8/site-packages:/home/ubuntu/ros2_ws/install/image_geometry/lib/python3.8/site-packages:/opt/ros/foxy/lib/python3.8/site-packages /usr/bin/cmake /home/ubuntu/ros2_ws/stella_vslam_ros -DUSE_PANGOLIN_VIEWER=ON -DUSE_SOCKET_PUBLISHER=OFF -DAMENT_CMAKE_SYMLINK_INSTALL=1 -DCMAKE_INSTALL_PREFIX=/home/ubuntu/ros2_ws/install/stella_vslam_ros
[0.279s] -- The CXX compiler identification is GNU 9.4.0
[0.313s] -- The C compiler identification is GNU 9.4.0
[0.315s] -- Check for working CXX compiler: /usr/bin/c++
[0.376s] -- Check for working CXX compiler: /usr/bin/c++ -- works
[0.377s] -- Detecting CXX compiler ABI info
[0.438s] -- Detecting CXX compiler ABI info - done
[0.446s] -- Detecting CXX compile features
[0.447s] -- Detecting CXX compile features - done
[0.449s] -- Check for working C compiler: /usr/bin/cc
[0.501s] -- Check for working C compiler: /usr/bin/cc -- works
[0.502s] -- Detecting C compiler ABI info
[0.551s] -- Detecting C compiler ABI info - done
[0.559s] -- Detecting C compile features
[0.559s] -- Detecting C compile features - done
[0.560s] -- Build type: Release
[0.560s] -- Address/Memory sanitizer: DISABLED
[0.560s] -- Stack trace logger: DISABLED
[0.560s] -- Google Perftools: DISABLED
[0.560s] -- Architecture-aware optimization (-march=native): DISABLED
[0.561s] -- Performing Test COMPILER_SUPPORTS_CXX17
[0.619s] -- Performing Test COMPILER_SUPPORTS_CXX17 - Success
[0.620s] -- Performing Test COMPILER_SUPPORTS_CXX14
[0.678s] -- Performing Test COMPILER_SUPPORTS_CXX14 - Success
[0.678s] -- Performing Test COMPILER_SUPPORTS_CXX11
[0.737s] -- Performing Test COMPILER_SUPPORTS_CXX11 - Success
[0.737s] -- Performing Test COMPILER_SUPPORTS_CXX0X
[0.794s] -- Performing Test COMPILER_SUPPORTS_CXX0X - Success
[0.794s] -- C++11 support: OK (-std=c++17)
[0.796s] -- Found ament_cmake: 0.9.11 (/opt/ros/foxy/share/ament_cmake/cmake)
[0.820s] -- Found PythonInterp: /usr/bin/python3 (found suitable version "3.8.10", minimum required is "3") 
[0.821s] -- Using PYTHON_EXECUTABLE: /usr/bin/python3
[0.997s] -- Override CMake install command with custom implementation using symlinks instead of copying resources
[1.018s] -- Found rclcpp: 2.4.2 (/opt/ros/foxy/share/rclcpp/cmake)
[1.059s] -- Using all available rosidl_typesupport_c: rosidl_typesupport_fastrtps_c;rosidl_typesupport_introspection_c
[1.065s] -- Found rosidl_adapter: 1.3.0 (/opt/ros/foxy/share/rosidl_adapter/cmake)
[1.139s] -- Found OpenSSL: /usr/lib/x86_64-linux-gnu/libcrypto.so (found version "1.1.1f")  
[1.171s] -- Found FastRTPS: /opt/ros/foxy/include  
[1.245s] -- Using all available rosidl_typesupport_cpp: rosidl_typesupport_fastrtps_cpp;rosidl_typesupport_introspection_cpp
[1.290s] -- Found rmw_implementation_cmake: 1.0.3 (/opt/ros/foxy/share/rmw_implementation_cmake/cmake)
[1.291s] -- Using RMW implementation 'rmw_fastrtps_cpp' as default
[1.292s] -- Looking for pthread.h
[1.344s] -- Looking for pthread.h - found
[1.344s] -- Performing Test CMAKE_HAVE_LIBC_PTHREAD
[1.398s] -- Performing Test CMAKE_HAVE_LIBC_PTHREAD - Failed
[1.398s] -- Looking for pthread_create in pthreads
[1.440s] -- Looking for pthread_create in pthreads - not found
[1.440s] -- Looking for pthread_create in pthread
[1.491s] -- Looking for pthread_create in pthread - found
[1.491s] -- Found Threads: TRUE  
[1.606s] -- Found cv_bridge: 3.0.6 (/home/ubuntu/ros2_ws/install/cv_bridge/share/cv_bridge/cmake)
[1.716s] -- Found image_transport: 2.4.0 (/home/ubuntu/ros2_ws/install/image_transport/share/image_transport/cmake)
[2.242s] -- Found nav_msgs: 2.0.5 (/opt/ros/foxy/share/nav_msgs/cmake)
[3.114s] -- Found tf2: 0.13.13 (/opt/ros/foxy/share/tf2/cmake)
[3.439s] -- Found tf2_eigen: 0.13.13 (/opt/ros/foxy/share/tf2_eigen/cmake)
[4.199s] -- Found tf2_geometry_msgs: 0.13.13 (/opt/ros/foxy/share/tf2_geometry_msgs/cmake)
[4.220s] -- Found Eigen3: TRUE (found version "3.3.7") 
[4.329s] -- Found OpenCV: /usr (found version "4.2.0") 
[4.438s] -- Found OpenGL: /usr/lib/x86_64-linux-gnu/libOpenGL.so   
[4.710s] -- Found OpenCV: /usr (found suitable version "4.2.0", minimum required is "4.0") 
[4.710s] -- Use OpenCV 4.2.0
[4.711s] -- Found Eigen3: TRUE (found suitable version "3.3.7", minimum required is "3.3") 
[4.713s] -- Viewer for examples: pangolin viewer
[4.802s] -- Configuring done
[4.962s] CMake Warning at src/CMakeLists.txt:12 (add_executable):
[4.962s]   Cannot generate a safe runtime search path for target run_slam because
[4.962s]   files in some directories may conflict with libraries in implicit
[4.962s]   directories:
[4.962s] 
[4.962s]     runtime library [libzstd.so.1] in /usr/lib/x86_64-linux-gnu may be hidden by files in:
[4.962s]       /opt/ros/foxy/lib
[4.962s] 
[4.962s]   Some of these libraries may not be found correctly.
[4.963s] 
[4.963s] 
[5.031s] -- Generating done
[5.032s] -- Build files have been written to: /home/ubuntu/ros2_ws/build/stella_vslam_ros
[5.038s] Invoked command in '/home/ubuntu/ros2_ws/build/stella_vslam_ros' returned '0': CMAKE_PREFIX_PATH=/home/ubuntu/ros2_ws/install/image_transport:/home/ubuntu/ros2_ws/install/cv_bridge:/home/ubuntu/ros2_ws/install/vision_opencv:/home/ubuntu/ros2_ws/install/image_common:/home/ubuntu/ros2_ws/install/image_geometry:/home/ubuntu/ros2_ws/install/camera_info_manager:/home/ubuntu/ros2_ws/install/camera_calibration_parsers:/home/ubuntu/ros2_ws/install/opencv_tests:/opt/ros/foxy LD_LIBRARY_PATH=/home/ubuntu/ros2_ws/install/image_transport/lib:/home/ubuntu/ros2_ws/install/cv_bridge/lib:/home/ubuntu/ros2_ws/install/image_geometry/lib:/home/ubuntu/ros2_ws/install/camera_info_manager/lib:/home/ubuntu/ros2_ws/install/camera_calibration_parsers/lib:/usr/lib/x86_64-linux-gnu/gazebo-11/plugins:/opt/ros/foxy/opt/yaml_cpp_vendor/lib:/opt/ros/foxy/opt/rviz_ogre_vendor/lib:/opt/ros/foxy/lib/x86_64-linux-gnu:/opt/ros/foxy/lib PYTHONPATH=/home/ubuntu/ros2_ws/install/cv_bridge/lib/python3.8/site-packages:/home/ubuntu/ros2_ws/build/opencv_tests:/home/ubuntu/ros2_ws/install/opencv_tests/lib/python3.8/site-packages:/home/ubuntu/ros2_ws/install/image_geometry/lib/python3.8/site-packages:/opt/ros/foxy/lib/python3.8/site-packages /usr/bin/cmake /home/ubuntu/ros2_ws/stella_vslam_ros -DUSE_PANGOLIN_VIEWER=ON -DUSE_SOCKET_PUBLISHER=OFF -DAMENT_CMAKE_SYMLINK_INSTALL=1 -DCMAKE_INSTALL_PREFIX=/home/ubuntu/ros2_ws/install/stella_vslam_ros
[5.040s] Invoking command in '/home/ubuntu/ros2_ws/build/stella_vslam_ros': CMAKE_PREFIX_PATH=/home/ubuntu/ros2_ws/install/image_transport:/home/ubuntu/ros2_ws/install/cv_bridge:/home/ubuntu/ros2_ws/install/vision_opencv:/home/ubuntu/ros2_ws/install/image_common:/home/ubuntu/ros2_ws/install/image_geometry:/home/ubuntu/ros2_ws/install/camera_info_manager:/home/ubuntu/ros2_ws/install/camera_calibration_parsers:/home/ubuntu/ros2_ws/install/opencv_tests:/opt/ros/foxy LD_LIBRARY_PATH=/home/ubuntu/ros2_ws/install/image_transport/lib:/home/ubuntu/ros2_ws/install/cv_bridge/lib:/home/ubuntu/ros2_ws/install/image_geometry/lib:/home/ubuntu/ros2_ws/install/camera_info_manager/lib:/home/ubuntu/ros2_ws/install/camera_calibration_parsers/lib:/usr/lib/x86_64-linux-gnu/gazebo-11/plugins:/opt/ros/foxy/opt/yaml_cpp_vendor/lib:/opt/ros/foxy/opt/rviz_ogre_vendor/lib:/opt/ros/foxy/lib/x86_64-linux-gnu:/opt/ros/foxy/lib PYTHONPATH=/home/ubuntu/ros2_ws/install/cv_bridge/lib/python3.8/site-packages:/home/ubuntu/ros2_ws/build/opencv_tests:/home/ubuntu/ros2_ws/install/opencv_tests/lib/python3.8/site-packages:/home/ubuntu/ros2_ws/install/image_geometry/lib/python3.8/site-packages:/opt/ros/foxy/lib/python3.8/site-packages /usr/bin/cmake --build /home/ubuntu/ros2_ws/build/stella_vslam_ros -- -j16 -l16
[5.073s] [35m[1mScanning dependencies of target run_slam[0m
[6.423s] [ 33%] [32mBuilding CXX object src/CMakeFiles/run_slam.dir/run_slam.cc.o[0m
[6.425s] [ 66%] [32mBuilding CXX object src/CMakeFiles/run_slam.dir/stella_vslam_ros.cc.o[0m
[20.237s] [100%] [32m[1mLinking CXX executable run_slam[0m
[23.086s] [100%] Built target run_slam
[23.093s] Invoked command in '/home/ubuntu/ros2_ws/build/stella_vslam_ros' returned '0': CMAKE_PREFIX_PATH=/home/ubuntu/ros2_ws/install/image_transport:/home/ubuntu/ros2_ws/install/cv_bridge:/home/ubuntu/ros2_ws/install/vision_opencv:/home/ubuntu/ros2_ws/install/image_common:/home/ubuntu/ros2_ws/install/image_geometry:/home/ubuntu/ros2_ws/install/camera_info_manager:/home/ubuntu/ros2_ws/install/camera_calibration_parsers:/home/ubuntu/ros2_ws/install/opencv_tests:/opt/ros/foxy LD_LIBRARY_PATH=/home/ubuntu/ros2_ws/install/image_transport/lib:/home/ubuntu/ros2_ws/install/cv_bridge/lib:/home/ubuntu/ros2_ws/install/image_geometry/lib:/home/ubuntu/ros2_ws/install/camera_info_manager/lib:/home/ubuntu/ros2_ws/install/camera_calibration_parsers/lib:/usr/lib/x86_64-linux-gnu/gazebo-11/plugins:/opt/ros/foxy/opt/yaml_cpp_vendor/lib:/opt/ros/foxy/opt/rviz_ogre_vendor/lib:/opt/ros/foxy/lib/x86_64-linux-gnu:/opt/ros/foxy/lib PYTHONPATH=/home/ubuntu/ros2_ws/install/cv_bridge/lib/python3.8/site-packages:/home/ubuntu/ros2_ws/build/opencv_tests:/home/ubuntu/ros2_ws/install/opencv_tests/lib/python3.8/site-packages:/home/ubuntu/ros2_ws/install/image_geometry/lib/python3.8/site-packages:/opt/ros/foxy/lib/python3.8/site-packages /usr/bin/cmake --build /home/ubuntu/ros2_ws/build/stella_vslam_ros -- -j16 -l16
[23.113s] Invoking command in '/home/ubuntu/ros2_ws/build/stella_vslam_ros': CMAKE_PREFIX_PATH=/home/ubuntu/ros2_ws/install/image_transport:/home/ubuntu/ros2_ws/install/cv_bridge:/home/ubuntu/ros2_ws/install/vision_opencv:/home/ubuntu/ros2_ws/install/image_common:/home/ubuntu/ros2_ws/install/image_geometry:/home/ubuntu/ros2_ws/install/camera_info_manager:/home/ubuntu/ros2_ws/install/camera_calibration_parsers:/home/ubuntu/ros2_ws/install/opencv_tests:/opt/ros/foxy LD_LIBRARY_PATH=/home/ubuntu/ros2_ws/install/image_transport/lib:/home/ubuntu/ros2_ws/install/cv_bridge/lib:/home/ubuntu/ros2_ws/install/image_geometry/lib:/home/ubuntu/ros2_ws/install/camera_info_manager/lib:/home/ubuntu/ros2_ws/install/camera_calibration_parsers/lib:/usr/lib/x86_64-linux-gnu/gazebo-11/plugins:/opt/ros/foxy/opt/yaml_cpp_vendor/lib:/opt/ros/foxy/opt/rviz_ogre_vendor/lib:/opt/ros/foxy/lib/x86_64-linux-gnu:/opt/ros/foxy/lib PYTHONPATH=/home/ubuntu/ros2_ws/install/cv_bridge/lib/python3.8/site-packages:/home/ubuntu/ros2_ws/build/opencv_tests:/home/ubuntu/ros2_ws/install/opencv_tests/lib/python3.8/site-packages:/home/ubuntu/ros2_ws/install/image_geometry/lib/python3.8/site-packages:/opt/ros/foxy/lib/python3.8/site-packages /usr/bin/cmake --install /home/ubuntu/ros2_ws/build/stella_vslam_ros
[23.119s] -- Install configuration: "Release"
[23.119s] -- Execute custom install script
[23.120s] -- Symlinking: /home/ubuntu/ros2_ws/install/stella_vslam_ros/lib/stella_vslam_ros/run_slam
[23.126s] -- Symlinking: /home/ubuntu/ros2_ws/install/stella_vslam_ros/share/ament_index/resource_index/package_run_dependencies/stella_vslam_ros
[23.134s] -- Symlinking: /home/ubuntu/ros2_ws/install/stella_vslam_ros/share/ament_index/resource_index/parent_prefix_path/stella_vslam_ros
[23.141s] -- Symlinking: /home/ubuntu/ros2_ws/install/stella_vslam_ros/share/stella_vslam_ros/environment/ament_prefix_path.sh
[23.148s] -- Symlinking: /home/ubuntu/ros2_ws/install/stella_vslam_ros/share/stella_vslam_ros/environment/ament_prefix_path.dsv
[23.154s] -- Symlinking: /home/ubuntu/ros2_ws/install/stella_vslam_ros/share/stella_vslam_ros/environment/path.sh
[23.160s] -- Symlinking: /home/ubuntu/ros2_ws/install/stella_vslam_ros/share/stella_vslam_ros/environment/path.dsv
[23.167s] -- Symlinking: /home/ubuntu/ros2_ws/install/stella_vslam_ros/share/stella_vslam_ros/local_setup.bash
[23.174s] -- Symlinking: /home/ubuntu/ros2_ws/install/stella_vslam_ros/share/stella_vslam_ros/local_setup.sh
[23.181s] -- Symlinking: /home/ubuntu/ros2_ws/install/stella_vslam_ros/share/stella_vslam_ros/local_setup.zsh
[23.187s] -- Symlinking: /home/ubuntu/ros2_ws/install/stella_vslam_ros/share/stella_vslam_ros/local_setup.dsv
[23.193s] -- Symlinking: /home/ubuntu/ros2_ws/install/stella_vslam_ros/share/stella_vslam_ros/package.dsv
[23.200s] -- Symlinking: /home/ubuntu/ros2_ws/install/stella_vslam_ros/share/ament_index/resource_index/packages/stella_vslam_ros
[23.207s] -- Symlinking: /home/ubuntu/ros2_ws/install/stella_vslam_ros/share/stella_vslam_ros/cmake/stella_vslam_rosConfig.cmake
[23.214s] -- Symlinking: /home/ubuntu/ros2_ws/install/stella_vslam_ros/share/stella_vslam_ros/cmake/stella_vslam_rosConfig-version.cmake
[23.220s] -- Symlinking: /home/ubuntu/ros2_ws/install/stella_vslam_ros/share/stella_vslam_ros/package.xml
[23.230s] Invoked command in '/home/ubuntu/ros2_ws/build/stella_vslam_ros' returned '0': CMAKE_PREFIX_PATH=/home/ubuntu/ros2_ws/install/image_transport:/home/ubuntu/ros2_ws/install/cv_bridge:/home/ubuntu/ros2_ws/install/vision_opencv:/home/ubuntu/ros2_ws/install/image_common:/home/ubuntu/ros2_ws/install/image_geometry:/home/ubuntu/ros2_ws/install/camera_info_manager:/home/ubuntu/ros2_ws/install/camera_calibration_parsers:/home/ubuntu/ros2_ws/install/opencv_tests:/opt/ros/foxy LD_LIBRARY_PATH=/home/ubuntu/ros2_ws/install/image_transport/lib:/home/ubuntu/ros2_ws/install/cv_bridge/lib:/home/ubuntu/ros2_ws/install/image_geometry/lib:/home/ubuntu/ros2_ws/install/camera_info_manager/lib:/home/ubuntu/ros2_ws/install/camera_calibration_parsers/lib:/usr/lib/x86_64-linux-gnu/gazebo-11/plugins:/opt/ros/foxy/opt/yaml_cpp_vendor/lib:/opt/ros/foxy/opt/rviz_ogre_vendor/lib:/opt/ros/foxy/lib/x86_64-linux-gnu:/opt/ros/foxy/lib PYTHONPATH=/home/ubuntu/ros2_ws/install/cv_bridge/lib/python3.8/site-packages:/home/ubuntu/ros2_ws/build/opencv_tests:/home/ubuntu/ros2_ws/install/opencv_tests/lib/python3.8/site-packages:/home/ubuntu/ros2_ws/install/image_geometry/lib/python3.8/site-packages:/opt/ros/foxy/lib/python3.8/site-packages /usr/bin/cmake --install /home/ubuntu/ros2_ws/build/stella_vslam_ros
