[0.024s] Invoking command in '/home/ubuntu/ros2_ws/build/image_geometry': CMAKE_PREFIX_PATH=/opt/ros/foxy /usr/bin/cmake --build /home/ubuntu/ros2_ws/build/image_geometry -- -j16 -l16
[0.067s] [ 18%] Built target gtest_main
[0.067s] [ 36%] Built target gtest
[0.078s] [ 63%] Built target image_geometry
[0.109s] [ 81%] Built target image_geometry-utest-equi
[0.111s] [100%] Built target image_geometry-utest
[0.122s] Invoked command in '/home/ubuntu/ros2_ws/build/image_geometry' returned '0': CMAKE_PREFIX_PATH=/opt/ros/foxy /usr/bin/cmake --build /home/ubuntu/ros2_ws/build/image_geometry -- -j16 -l16
[0.147s] Invoking command in '/home/ubuntu/ros2_ws/build/image_geometry': CMAKE_PREFIX_PATH=/opt/ros/foxy /usr/bin/cmake --install /home/ubuntu/ros2_ws/build/image_geometry
[0.153s] -- Install configuration: ""
[0.154s] -- Execute custom install script
[0.154s] -- Symlinking: /home/ubuntu/ros2_ws/install/image_geometry/share/image_geometry/environment/pythonpath.sh
[0.160s] -- Symlinking: /home/ubuntu/ros2_ws/install/image_geometry/share/image_geometry/environment/pythonpath.dsv
[0.167s] -- Symlinking: /home/ubuntu/ros2_ws/install/image_geometry/lib/python3.8/site-packages/image_geometry/__init__.py
[0.173s] -- Symlinking: /home/ubuntu/ros2_ws/install/image_geometry/lib/python3.8/site-packages/image_geometry/cameramodels.py
[0.182s] -- Symlinking: /home/ubuntu/ros2_ws/install/image_geometry/include/image_geometry/pinhole_camera_model.h
[0.187s] -- Symlinking: /home/ubuntu/ros2_ws/install/image_geometry/include/image_geometry/stereo_camera_model.h
[0.193s] -- Symlinking: /home/ubuntu/ros2_ws/install/image_geometry/include/image_geometry/visibility_control.hpp
[0.199s] -- Symlinking: /home/ubuntu/ros2_ws/install/image_geometry/lib/libimage_geometry.so
[0.206s] -- Symlinking: /home/ubuntu/ros2_ws/install/image_geometry/share/image_geometry/environment/library_path.sh
[0.213s] -- Symlinking: /home/ubuntu/ros2_ws/install/image_geometry/share/image_geometry/environment/library_path.dsv
[0.220s] -- Symlinking: /home/ubuntu/ros2_ws/install/image_geometry/share/ament_index/resource_index/package_run_dependencies/image_geometry
[0.227s] -- Symlinking: /home/ubuntu/ros2_ws/install/image_geometry/share/ament_index/resource_index/parent_prefix_path/image_geometry
[0.233s] -- Symlinking: /home/ubuntu/ros2_ws/install/image_geometry/share/image_geometry/environment/ament_prefix_path.sh
[0.240s] -- Symlinking: /home/ubuntu/ros2_ws/install/image_geometry/share/image_geometry/environment/ament_prefix_path.dsv
[0.247s] -- Symlinking: /home/ubuntu/ros2_ws/install/image_geometry/share/image_geometry/environment/path.sh
[0.254s] -- Symlinking: /home/ubuntu/ros2_ws/install/image_geometry/share/image_geometry/environment/path.dsv
[0.261s] -- Symlinking: /home/ubuntu/ros2_ws/install/image_geometry/share/image_geometry/local_setup.bash
[0.268s] -- Symlinking: /home/ubuntu/ros2_ws/install/image_geometry/share/image_geometry/local_setup.sh
[0.275s] -- Symlinking: /home/ubuntu/ros2_ws/install/image_geometry/share/image_geometry/local_setup.zsh
[0.281s] -- Symlinking: /home/ubuntu/ros2_ws/install/image_geometry/share/image_geometry/local_setup.dsv
[0.288s] -- Symlinking: /home/ubuntu/ros2_ws/install/image_geometry/share/image_geometry/package.dsv
[0.295s] -- Symlinking: /home/ubuntu/ros2_ws/install/image_geometry/share/ament_index/resource_index/packages/image_geometry
[0.302s] -- Symlinking: /home/ubuntu/ros2_ws/install/image_geometry/share/image_geometry/cmake/ament_cmake_export_libraries-extras.cmake
[0.309s] -- Symlinking: /home/ubuntu/ros2_ws/install/image_geometry/share/image_geometry/cmake/ament_cmake_export_dependencies-extras.cmake
[0.315s] -- Symlinking: /home/ubuntu/ros2_ws/install/image_geometry/share/image_geometry/cmake/ament_cmake_export_include_directories-extras.cmake
[0.322s] -- Symlinking: /home/ubuntu/ros2_ws/install/image_geometry/share/image_geometry/cmake/image_geometryConfig.cmake
[0.329s] -- Symlinking: /home/ubuntu/ros2_ws/install/image_geometry/share/image_geometry/cmake/image_geometryConfig-version.cmake
[0.336s] -- Symlinking: /home/ubuntu/ros2_ws/install/image_geometry/share/image_geometry/package.xml
[0.392s] Listing '/home/ubuntu/ros2_ws/install/image_geometry/lib/python3.8/site-packages/image_geometry'...
[0.393s] Compiling '/home/ubuntu/ros2_ws/install/image_geometry/lib/python3.8/site-packages/image_geometry/__init__.py'...
[0.393s] Compiling '/home/ubuntu/ros2_ws/install/image_geometry/lib/python3.8/site-packages/image_geometry/cameramodels.py'...
[0.417s] Invoked command in '/home/ubuntu/ros2_ws/build/image_geometry' returned '0': CMAKE_PREFIX_PATH=/opt/ros/foxy /usr/bin/cmake --install /home/ubuntu/ros2_ws/build/image_geometry
