[0.020s] Invoking command in '/home/ubuntu/ros2_ws/build/camera_calibration_parsers': /usr/bin/cmake /home/ubuntu/ros2_ws/src/image_common/camera_calibration_parsers -DUSE_PANGOLIN_VIEWER=ON -DUSE_SOCKET_PUBLISHER=OFF -DAMENT_CMAKE_SYMLINK_INSTALL=1 -DCMAKE_INSTALL_PREFIX=/home/ubuntu/ros2_ws/install/camera_calibration_parsers
[0.034s] -- Found ament_cmake_ros: 0.9.2 (/opt/ros/foxy/share/ament_cmake_ros/cmake)
[0.051s] -- Using PYTHON_EXECUTABLE: /usr/bin/python3
[0.158s] Traceback (most recent call last):
[0.159s]   File "/opt/ros/foxy/share/ament_cmake_core/cmake/package_templates/templates_2_cmake.py", line 21, in <module>
[0.159s]     from ament_package.templates import get_environment_hook_template_path
[0.159s] ModuleNotFoundError: No module named 'ament_package'
[0.185s] CMake Error at /opt/ros/foxy/share/ament_cmake_core/cmake/ament_cmake_package_templates-extras.cmake:41 (message):
[0.185s]   execute_process(/usr/bin/python3
[0.185s]   /opt/ros/foxy/share/ament_cmake_core/cmake/package_templates/templates_2_cmake.py
[0.185s]   /home/ubuntu/ros2_ws/build/camera_calibration_parsers/ament_cmake_package_templates/templates.cmake)
[0.185s]   returned error code 1
[0.185s] Call Stack (most recent call first):
[0.185s]   /opt/ros/foxy/share/ament_cmake_core/cmake/ament_cmake_coreConfig.cmake:41 (include)
[0.186s]   /opt/ros/foxy/share/ament_cmake_test/cmake/ament_cmake_test-extras.cmake:39 (find_package)
[0.186s]   /opt/ros/foxy/share/ament_cmake_test/cmake/ament_cmake_testConfig.cmake:41 (include)
[0.186s]   /opt/ros/foxy/share/ament_cmake_pytest/cmake/ament_cmake_pytest-extras.cmake:17 (find_package)
[0.186s]   /opt/ros/foxy/share/ament_cmake_pytest/cmake/ament_cmake_pytestConfig.cmake:41 (include)
[0.186s]   /opt/ros/foxy/share/ament_cmake_ros/cmake/ament_cmake_ros-extras.cmake:19 (find_package)
[0.186s]   /opt/ros/foxy/share/ament_cmake_ros/cmake/ament_cmake_rosConfig.cmake:41 (include)
[0.186s]   CMakeLists.txt:14 (find_package)
[0.186s] 
[0.186s] 
[0.186s] -- Configuring incomplete, errors occurred!
[0.186s] See also "/home/ubuntu/ros2_ws/build/camera_calibration_parsers/CMakeFiles/CMakeOutput.log".
[0.186s] See also "/home/ubuntu/ros2_ws/build/camera_calibration_parsers/CMakeFiles/CMakeError.log".
[0.189s] Invoked command in '/home/ubuntu/ros2_ws/build/camera_calibration_parsers' returned '1': /usr/bin/cmake /home/ubuntu/ros2_ws/src/image_common/camera_calibration_parsers -DUSE_PANGOLIN_VIEWER=ON -DUSE_SOCKET_PUBLISHER=OFF -DAMENT_CMAKE_SYMLINK_INSTALL=1 -DCMAKE_INSTALL_PREFIX=/home/ubuntu/ros2_ws/install/camera_calibration_parsers
