[0.027s] Invoking command in '/home/ubuntu/ros2_ws/build/cv_bridge': CMAKE_PREFIX_PATH=/opt/ros/foxy /usr/bin/cmake --build /home/ubuntu/ros2_ws/build/cv_bridge -- -j16 -l16
[0.067s] [ 12%] Built target gtest
[0.070s] [ 25%] Built target gtest_main
[0.077s] [ 43%] Built target cv_bridge
[0.102s] [ 62%] Built target cv_bridge_boost
[0.102s] [100%] Built target cv_bridge-utest
[0.118s] Invoked command in '/home/ubuntu/ros2_ws/build/cv_bridge' returned '0': CMAKE_PREFIX_PATH=/opt/ros/foxy /usr/bin/cmake --build /home/ubuntu/ros2_ws/build/cv_bridge -- -j16 -l16
[0.146s] Invoking command in '/home/ubuntu/ros2_ws/build/cv_bridge': CMAKE_PREFIX_PATH=/opt/ros/foxy /usr/bin/cmake --install /home/ubuntu/ros2_ws/build/cv_bridge
[0.153s] -- Install configuration: ""
[0.153s] -- Execute custom install script
[0.153s] -- Up-to-date symlink: /home/ubuntu/ros2_ws/install/cv_bridge/share/cv_bridge/environment/pythonpath.sh
[0.153s] -- Up-to-date symlink: /home/ubuntu/ros2_ws/install/cv_bridge/share/cv_bridge/environment/pythonpath.dsv
[0.153s] -- Up-to-date symlink: /home/ubuntu/ros2_ws/install/cv_bridge/lib/python3.8/site-packages/cv_bridge/__init__.py
[0.153s] -- Up-to-date symlink: /home/ubuntu/ros2_ws/install/cv_bridge/lib/python3.8/site-packages/cv_bridge/core.py
[0.154s] -- Up-to-date symlink: /home/ubuntu/ros2_ws/install/cv_bridge/lib/libcv_bridge.so
[0.154s] -- Up-to-date symlink: /home/ubuntu/ros2_ws/install/cv_bridge/include/cv_bridge/cv_bridge_export.h
[0.154s] -- Up-to-date symlink: /home/ubuntu/ros2_ws/install/cv_bridge/lib/python3.8/site-packages/cv_bridge/boost//cv_bridge_boost.so
[0.154s] -- Up-to-date symlink: /home/ubuntu/ros2_ws/install/cv_bridge/share/cv_bridge/environment/library_path.sh
[0.154s] -- Up-to-date symlink: /home/ubuntu/ros2_ws/install/cv_bridge/share/cv_bridge/environment/library_path.dsv
[0.155s] -- Up-to-date symlink: /home/ubuntu/ros2_ws/install/cv_bridge/include/cv_bridge/cv_bridge.h
[0.155s] -- Up-to-date symlink: /home/ubuntu/ros2_ws/install/cv_bridge/include/cv_bridge/rgb_colors.h
[0.155s] -- Up-to-date symlink: /home/ubuntu/ros2_ws/install/cv_bridge/lib/libcv_bridge.so
[0.155s] -- Up-to-date symlink: /home/ubuntu/ros2_ws/install/cv_bridge/share/ament_index/resource_index/package_run_dependencies/cv_bridge
[0.155s] -- Up-to-date symlink: /home/ubuntu/ros2_ws/install/cv_bridge/share/ament_index/resource_index/parent_prefix_path/cv_bridge
[0.156s] -- Up-to-date symlink: /home/ubuntu/ros2_ws/install/cv_bridge/share/cv_bridge/environment/ament_prefix_path.sh
[0.156s] -- Up-to-date symlink: /home/ubuntu/ros2_ws/install/cv_bridge/share/cv_bridge/environment/ament_prefix_path.dsv
[0.156s] -- Up-to-date symlink: /home/ubuntu/ros2_ws/install/cv_bridge/share/cv_bridge/environment/path.sh
[0.156s] -- Up-to-date symlink: /home/ubuntu/ros2_ws/install/cv_bridge/share/cv_bridge/environment/path.dsv
[0.156s] -- Up-to-date symlink: /home/ubuntu/ros2_ws/install/cv_bridge/share/cv_bridge/local_setup.bash
[0.157s] -- Up-to-date symlink: /home/ubuntu/ros2_ws/install/cv_bridge/share/cv_bridge/local_setup.sh
[0.157s] -- Up-to-date symlink: /home/ubuntu/ros2_ws/install/cv_bridge/share/cv_bridge/local_setup.zsh
[0.157s] -- Up-to-date symlink: /home/ubuntu/ros2_ws/install/cv_bridge/share/cv_bridge/local_setup.dsv
[0.157s] -- Symlinking: /home/ubuntu/ros2_ws/install/cv_bridge/share/cv_bridge/package.dsv
[0.164s] -- Up-to-date symlink: /home/ubuntu/ros2_ws/install/cv_bridge/share/ament_index/resource_index/packages/cv_bridge
[0.164s] -- Up-to-date symlink: /home/ubuntu/ros2_ws/install/cv_bridge/share/cv_bridge/cmake/cv_bridge-extras.cmake
[0.164s] -- Up-to-date symlink: /home/ubuntu/ros2_ws/install/cv_bridge/share/cv_bridge/cmake/ament_cmake_export_dependencies-extras.cmake
[0.164s] -- Up-to-date symlink: /home/ubuntu/ros2_ws/install/cv_bridge/share/cv_bridge/cmake/ament_cmake_export_include_directories-extras.cmake
[0.164s] -- Up-to-date symlink: /home/ubuntu/ros2_ws/install/cv_bridge/share/cv_bridge/cmake/ament_cmake_export_libraries-extras.cmake
[0.164s] -- Up-to-date symlink: /home/ubuntu/ros2_ws/install/cv_bridge/share/cv_bridge/cmake/cv_bridgeConfig.cmake
[0.165s] -- Up-to-date symlink: /home/ubuntu/ros2_ws/install/cv_bridge/share/cv_bridge/cmake/cv_bridgeConfig-version.cmake
[0.165s] -- Up-to-date symlink: /home/ubuntu/ros2_ws/install/cv_bridge/share/cv_bridge/package.xml
[0.188s] Listing '/home/ubuntu/ros2_ws/install/cv_bridge/lib/python3.8/site-packages/cv_bridge'...
[0.188s] Listing '/home/ubuntu/ros2_ws/install/cv_bridge/lib/python3.8/site-packages/cv_bridge/boost'...
[0.193s] Invoked command in '/home/ubuntu/ros2_ws/build/cv_bridge' returned '0': CMAKE_PREFIX_PATH=/opt/ros/foxy /usr/bin/cmake --install /home/ubuntu/ros2_ws/build/cv_bridge
