[0.099s] Invoking command in '/home/ubuntu/ros2_ws/build/camera_calibration_parsers': CMAKE_PREFIX_PATH=/opt/ros/foxy /usr/bin/cmake /home/ubuntu/ros2_ws/src/image_common/camera_calibration_parsers -DUSE_PANGOLIN_VIEWER=ON -DUSE_SOCKET_PUBLISHER=OFF -DAMENT_CMAKE_SYMLINK_INSTALL=1 -DCMAKE_INSTALL_PREFIX=/home/ubuntu/ros2_ws/install/camera_calibration_parsers
[2.553s] -- The C compiler identification is GNU 9.4.0
[5.430s] -- The CXX compiler identification is GNU 9.4.0
[5.480s] -- Check for working C compiler: /usr/bin/cc
[5.667s] -- Check for working C compiler: /usr/bin/cc -- works
[5.669s] -- Detecting C compiler ABI info
[5.723s] -- Detecting C compiler ABI info - done
[5.731s] -- Detecting C compile features
[5.732s] -- Detecting C compile features - done
[5.735s] -- Check for working CXX compiler: /usr/bin/c++
[5.799s] -- Check for working CXX compiler: /usr/bin/c++ -- works
[5.800s] -- Detecting CXX compiler ABI info
[5.867s] -- Detecting CXX compiler ABI info - done
[5.881s] -- Detecting CXX compile features
[5.882s] -- Detecting CXX compile features - done
[5.972s] -- Found ament_cmake_ros: 0.9.2 (/opt/ros/foxy/share/ament_cmake_ros/cmake)
[6.472s] -- Found PythonInterp: /usr/bin/python3 (found suitable version "3.8.10", minimum required is "3") 
[6.472s] -- Using PYTHON_EXECUTABLE: /usr/bin/python3
[6.803s] -- Override CMake install command with custom implementation using symlinks instead of copying resources
[7.208s] -- Found rclcpp: 2.4.2 (/opt/ros/foxy/share/rclcpp/cmake)
[8.498s] -- Using all available rosidl_typesupport_c: rosidl_typesupport_fastrtps_c;rosidl_typesupport_introspection_c
[8.638s] -- Found rosidl_adapter: 1.3.0 (/opt/ros/foxy/share/rosidl_adapter/cmake)
[9.249s] -- Found OpenSSL: /usr/lib/x86_64-linux-gnu/libcrypto.so (found version "1.1.1f")  
[9.345s] -- Found FastRTPS: /opt/ros/foxy/include  
[9.580s] -- Using all available rosidl_typesupport_cpp: rosidl_typesupport_fastrtps_cpp;rosidl_typesupport_introspection_cpp
[9.986s] -- Found rmw_implementation_cmake: 1.0.3 (/opt/ros/foxy/share/rmw_implementation_cmake/cmake)
[10.005s] -- Using RMW implementation 'rmw_fastrtps_cpp' as default
[10.009s] -- Looking for pthread.h
[10.238s] -- Looking for pthread.h - found
[10.239s] -- Performing Test CMAKE_HAVE_LIBC_PTHREAD
[10.308s] -- Performing Test CMAKE_HAVE_LIBC_PTHREAD - Failed
[10.308s] -- Looking for pthread_create in pthreads
[10.361s] -- Looking for pthread_create in pthreads - not found
[10.361s] -- Looking for pthread_create in pthread
[10.411s] -- Looking for pthread_create in pthread - found
[10.411s] -- Found Threads: TRUE  
[10.969s] -- Found sensor_msgs: 2.0.5 (/opt/ros/foxy/share/sensor_msgs/cmake)
[11.092s] -- Found yaml_cpp_vendor: 7.0.3 (/opt/ros/foxy/share/yaml_cpp_vendor/cmake)
[11.123s] -- Setting yaml-cpp_DIR to: '/opt/ros/foxy/share/yaml_cpp_vendor/cmake/../../../opt/yaml_cpp_vendor/lib/cmake/yaml-cpp'
[11.847s] -- Found ament_cmake_cppcheck: 0.9.7 (/opt/ros/foxy/share/ament_cmake_cppcheck/cmake)
[12.150s] -- Found ament_cmake_cpplint: 0.9.7 (/opt/ros/foxy/share/ament_cmake_cpplint/cmake)
[12.181s] -- Found ament_cmake_lint_cmake: 0.9.7 (/opt/ros/foxy/share/ament_cmake_lint_cmake/cmake)
[12.404s] -- Found ament_cmake_uncrustify: 0.9.7 (/opt/ros/foxy/share/ament_cmake_uncrustify/cmake)
[12.418s] -- Found gtest sources under '/opt/ros/foxy/src/gtest_vendor': C++ tests using 'Google Test' will be built
[12.427s] -- Check if compiler accepts -pthread
[12.508s] -- Check if compiler accepts -pthread - yes
[12.568s] -- Configuring done
[12.585s] -- Generating done
[12.586s] CMake Warning:
[12.586s]   Manually-specified variables were not used by the project:
[12.586s] 
[12.586s]     USE_PANGOLIN_VIEWER
[12.586s]     USE_SOCKET_PUBLISHER
[12.586s] 
[12.586s] 
[12.586s] -- Build files have been written to: /home/ubuntu/ros2_ws/build/camera_calibration_parsers
[12.592s] Invoked command in '/home/ubuntu/ros2_ws/build/camera_calibration_parsers' returned '0': CMAKE_PREFIX_PATH=/opt/ros/foxy /usr/bin/cmake /home/ubuntu/ros2_ws/src/image_common/camera_calibration_parsers -DUSE_PANGOLIN_VIEWER=ON -DUSE_SOCKET_PUBLISHER=OFF -DAMENT_CMAKE_SYMLINK_INSTALL=1 -DCMAKE_INSTALL_PREFIX=/home/ubuntu/ros2_ws/install/camera_calibration_parsers
[12.593s] Invoking command in '/home/ubuntu/ros2_ws/build/camera_calibration_parsers': CMAKE_PREFIX_PATH=/opt/ros/foxy /usr/bin/cmake --build /home/ubuntu/ros2_ws/build/camera_calibration_parsers -- -j16 -l16
[12.620s] [35m[1mScanning dependencies of target gtest[0m
[12.620s] [35m[1mScanning dependencies of target gtest_main[0m
[12.620s] [35m[1mScanning dependencies of target camera_calibration_parsers[0m
[12.629s] [  7%] [32mBuilding CXX object gtest/CMakeFiles/gtest_main.dir/src/gtest_main.cc.o[0m
[12.631s] [ 14%] [32mBuilding CXX object gtest/CMakeFiles/gtest.dir/src/gtest-all.cc.o[0m
[17.040s] [ 28%] [32mBuilding CXX object CMakeFiles/camera_calibration_parsers.dir/src/parse.cpp.o[0m
[17.040s] [ 28%] [32mBuilding CXX object CMakeFiles/camera_calibration_parsers.dir/src/parse_ini.cpp.o[0m
[17.043s] [ 35%] [32mBuilding CXX object CMakeFiles/camera_calibration_parsers.dir/src/parse_yml.cpp.o[0m
[17.496s] [ 42%] [32m[1mLinking CXX static library libgtest_main.a[0m
[17.795s] [ 42%] Built target gtest_main
[19.041s] [ 50%] [32m[1mLinking CXX shared library libcamera_calibration_parsers.so[0m
[19.953s] [ 57%] [32m[1mLinking CXX static library libgtest.a[0m
[19.992s] [ 57%] Built target gtest
[21.079s] [ 57%] Built target camera_calibration_parsers
[21.087s] [35m[1mScanning dependencies of target camera_calibration_parsers-parse_ini[0m
[21.087s] [35m[1mScanning dependencies of target camera_calibration_parsers-parse_yml[0m
[21.088s] [35m[1mScanning dependencies of target convert[0m
[21.101s] [ 64%] [32mBuilding CXX object CMakeFiles/camera_calibration_parsers-parse_yml.dir/test/test_parse_yml.cpp.o[0m
[21.102s] [ 71%] [32mBuilding CXX object CMakeFiles/convert.dir/src/convert.cpp.o[0m
[21.102s] [ 78%] [32mBuilding CXX object CMakeFiles/camera_calibration_parsers-parse_ini.dir/test/test_parse_ini.cpp.o[0m
[21.546s] [ 85%] [32m[1mLinking CXX executable convert[0m
[21.632s] [ 85%] Built target convert
[21.833s] [100%] [32m[1mLinking CXX executable camera_calibration_parsers-parse_ini[0m
[21.833s] [100%] [32m[1mLinking CXX executable camera_calibration_parsers-parse_yml[0m
[21.965s] [100%] Built target camera_calibration_parsers-parse_yml
[21.965s] [100%] Built target camera_calibration_parsers-parse_ini
