[0.027s] Invoking command in '/home/ubuntu/ros2_ws/build/cv_bridge': CMAKE_PREFIX_PATH=/opt/ros/foxy /usr/bin/cmake /home/ubuntu/ros2_ws/src/vision_opencv/cv_bridge -DUSE_PANGOLIN_VIEWER=ON -DUSE_SOCKET_PUBLISHER=OFF -DAMENT_CMAKE_SYMLINK_INSTALL=1 -DCMAKE_INSTALL_PREFIX=/home/ubuntu/ros2_ws/install/cv_bridge
[0.036s] -- Found ament_cmake_ros: 0.9.2 (/opt/ros/foxy/share/ament_cmake_ros/cmake)
[0.055s] -- Using PYTHON_EXECUTABLE: /usr/bin/python3
[0.238s] -- Override CMake install command with custom implementation using symlinks instead of copying resources
[0.250s] -- Found PythonLibs: /usr/lib/x86_64-linux-gnu/libpython3.8.so (found version "3.8.10") 
[0.260s] -- Found rcpputils: 1.3.2 (/opt/ros/foxy/share/rcpputils/cmake)
[0.277s] -- Found sensor_msgs: 2.0.5 (/opt/ros/foxy/share/sensor_msgs/cmake)
[0.285s] -- Using all available rosidl_typesupport_c: rosidl_typesupport_fastrtps_c;rosidl_typesupport_introspection_c
[0.287s] -- Found rosidl_adapter: 1.3.0 (/opt/ros/foxy/share/rosidl_adapter/cmake)
[0.384s] -- Using all available rosidl_typesupport_cpp: rosidl_typesupport_fastrtps_cpp;rosidl_typesupport_introspection_cpp
[0.528s] -- Found PythonInterp: /usr/bin/python3 (found version "3.8.10") 
[0.530s] -- Found PythonLibs: /usr/lib/x86_64-linux-gnu/libpython3.8.so (found suitable version "3.8.10", minimum required is "3.8") 
[0.531s] -- Found ament_lint_auto: 0.9.7 (/opt/ros/foxy/share/ament_lint_auto/cmake)
[0.587s] -- Found gtest sources under '/opt/ros/foxy/src/gtest_vendor': C++ tests using 'Google Test' will be built
[1.068s] CMake Warning at /opt/ros/foxy/share/ament_cmake_pytest/cmake/ament_add_pytest_test.cmake:77 (message):
[1.068s]   The Python module 'pytest' was not found, pytests can not be run (e.g.  on
[1.068s]   Ubuntu/Debian install the package 'python3-pytest')
[1.068s] Call Stack (most recent call first):
[1.068s]   test/CMakeLists.txt:29 (ament_add_pytest_test)
[1.068s] 
[1.068s] 
[1.507s] CMake Warning at /opt/ros/foxy/share/ament_cmake_pytest/cmake/ament_add_pytest_test.cmake:77 (message):
[1.507s]   The Python module 'pytest' was not found, pytests can not be run (e.g.  on
[1.507s]   Ubuntu/Debian install the package 'python3-pytest')
[1.507s] Call Stack (most recent call first):
[1.507s]   test/CMakeLists.txt:30 (ament_add_pytest_test)
[1.507s] 
[1.507s] 
[1.952s] CMake Warning at /opt/ros/foxy/share/ament_cmake_pytest/cmake/ament_add_pytest_test.cmake:77 (message):
[1.952s]   The Python module 'pytest' was not found, pytests can not be run (e.g.  on
[1.952s]   Ubuntu/Debian install the package 'python3-pytest')
[1.952s] Call Stack (most recent call first):
[1.952s]   test/CMakeLists.txt:31 (ament_add_pytest_test)
[1.952s] 
[1.952s] 
[2.009s] -- Configuring done
[2.021s] -- Generating done
[2.022s] -- Build files have been written to: /home/ubuntu/ros2_ws/build/cv_bridge
