[0.021s] Invoking command in '/home/ubuntu/ros2_ws/build/cv_bridge': CMAKE_PREFIX_PATH=/opt/ros/foxy /usr/bin/cmake /home/ubuntu/ros2_ws/src/vision_opencv/cv_bridge -DUSE_PANGOLIN_VIEWER=ON -DUSE_SOCKET_PUBLISHER=OFF -DAMENT_CMAKE_SYMLINK_INSTALL=1 -DCMAKE_INSTALL_PREFIX=/home/ubuntu/ros2_ws/install/cv_bridge
[0.030s] -- Found ament_cmake_ros: 0.9.2 (/opt/ros/foxy/share/ament_cmake_ros/cmake)
[0.050s] -- Found PythonInterp: /usr/bin/python3 (found suitable version "3.8.10", minimum required is "3") 
[0.050s] -- Using PYTHON_EXECUTABLE: /usr/bin/python3
[0.225s] -- Override CMake install command with custom implementation using symlinks instead of copying resources
[0.234s] -- Found PythonLibs: /usr/lib/x86_64-linux-gnu/libpython3.8.so (found version "3.8.10") 
[0.245s] -- Found rcpputils: 1.3.2 (/opt/ros/foxy/share/rcpputils/cmake)
[0.264s] -- Found sensor_msgs: 2.0.5 (/opt/ros/foxy/share/sensor_msgs/cmake)
[0.276s] -- Using all available rosidl_typesupport_c: rosidl_typesupport_fastrtps_c;rosidl_typesupport_introspection_c
[0.279s] -- Found rosidl_adapter: 1.3.0 (/opt/ros/foxy/share/rosidl_adapter/cmake)
[0.386s] -- Using all available rosidl_typesupport_cpp: rosidl_typesupport_fastrtps_cpp;rosidl_typesupport_introspection_cpp
[0.530s] -- Found PythonInterp: /usr/bin/python3 (found version "3.8.10") 
[0.531s] -- Found PythonLibs: /usr/lib/x86_64-linux-gnu/libpython3.8.so (found suitable version "3.8.10", minimum required is "3.8") 
[0.532s] -- Found ament_lint_auto: 0.9.7 (/opt/ros/foxy/share/ament_lint_auto/cmake)
[0.588s] -- Found gtest sources under '/opt/ros/foxy/src/gtest_vendor': C++ tests using 'Google Test' will be built
[1.084s] CMake Warning at /opt/ros/foxy/share/ament_cmake_pytest/cmake/ament_add_pytest_test.cmake:77 (message):
[1.084s]   The Python module 'pytest' was not found, pytests can not be run (e.g.  on
[1.084s]   Ubuntu/Debian install the package 'python3-pytest')
[1.084s] Call Stack (most recent call first):
[1.084s]   test/CMakeLists.txt:29 (ament_add_pytest_test)
[1.084s] 
[1.084s] 
[1.528s] CMake Warning at /opt/ros/foxy/share/ament_cmake_pytest/cmake/ament_add_pytest_test.cmake:77 (message):
[1.528s]   The Python module 'pytest' was not found, pytests can not be run (e.g.  on
[1.528s]   Ubuntu/Debian install the package 'python3-pytest')
[1.528s] Call Stack (most recent call first):
[1.528s]   test/CMakeLists.txt:30 (ament_add_pytest_test)
[1.528s] 
[1.528s] 
[1.976s] CMake Warning at /opt/ros/foxy/share/ament_cmake_pytest/cmake/ament_add_pytest_test.cmake:77 (message):
[1.976s]   The Python module 'pytest' was not found, pytests can not be run (e.g.  on
[1.976s]   Ubuntu/Debian install the package 'python3-pytest')
[1.976s] Call Stack (most recent call first):
[1.976s]   test/CMakeLists.txt:31 (ament_add_pytest_test)
[1.976s] 
[1.976s] 
[2.034s] -- Configuring done
[2.047s] -- Generating done
[2.048s] CMake Warning:
[2.048s]   Manually-specified variables were not used by the project:
[2.048s] 
[2.048s]     USE_PANGOLIN_VIEWER
[2.048s] 
[2.048s] 
[2.048s] -- Build files have been written to: /home/ubuntu/ros2_ws/build/cv_bridge
[2.053s] Invoked command in '/home/ubuntu/ros2_ws/build/cv_bridge' returned '0': CMAKE_PREFIX_PATH=/opt/ros/foxy /usr/bin/cmake /home/ubuntu/ros2_ws/src/vision_opencv/cv_bridge -DUSE_PANGOLIN_VIEWER=ON -DUSE_SOCKET_PUBLISHER=OFF -DAMENT_CMAKE_SYMLINK_INSTALL=1 -DCMAKE_INSTALL_PREFIX=/home/ubuntu/ros2_ws/install/cv_bridge
[2.055s] Invoking command in '/home/ubuntu/ros2_ws/build/cv_bridge': CMAKE_PREFIX_PATH=/opt/ros/foxy /usr/bin/cmake --build /home/ubuntu/ros2_ws/build/cv_bridge -- -j16 -l16
[2.088s] [ 25%] Built target gtest
[2.089s] [ 25%] Built target gtest_main
[2.095s] [ 43%] Built target cv_bridge
[2.117s] [ 75%] Built target cv_bridge_boost
[2.117s] [100%] Built target cv_bridge-utest
[2.124s] Invoked command in '/home/ubuntu/ros2_ws/build/cv_bridge' returned '0': CMAKE_PREFIX_PATH=/opt/ros/foxy /usr/bin/cmake --build /home/ubuntu/ros2_ws/build/cv_bridge -- -j16 -l16
[2.141s] Invoking command in '/home/ubuntu/ros2_ws/build/cv_bridge': CMAKE_PREFIX_PATH=/opt/ros/foxy /usr/bin/cmake --install /home/ubuntu/ros2_ws/build/cv_bridge
[2.147s] -- Install configuration: ""
[2.147s] -- Execute custom install script
[2.148s] -- Up-to-date symlink: /home/ubuntu/ros2_ws/install/cv_bridge/share/cv_bridge/environment/pythonpath.sh
[2.148s] -- Up-to-date symlink: /home/ubuntu/ros2_ws/install/cv_bridge/share/cv_bridge/environment/pythonpath.dsv
[2.148s] -- Up-to-date symlink: /home/ubuntu/ros2_ws/install/cv_bridge/lib/python3.8/site-packages/cv_bridge/__init__.py
[2.148s] -- Up-to-date symlink: /home/ubuntu/ros2_ws/install/cv_bridge/lib/python3.8/site-packages/cv_bridge/core.py
[2.149s] -- Up-to-date symlink: /home/ubuntu/ros2_ws/install/cv_bridge/lib/libcv_bridge.so
[2.149s] -- Up-to-date symlink: /home/ubuntu/ros2_ws/install/cv_bridge/include/cv_bridge/cv_bridge_export.h
[2.149s] -- Up-to-date symlink: /home/ubuntu/ros2_ws/install/cv_bridge/lib/python3.8/site-packages/cv_bridge/boost//cv_bridge_boost.so
[2.149s] -- Up-to-date symlink: /home/ubuntu/ros2_ws/install/cv_bridge/share/cv_bridge/environment/library_path.sh
[2.150s] -- Up-to-date symlink: /home/ubuntu/ros2_ws/install/cv_bridge/share/cv_bridge/environment/library_path.dsv
[2.150s] -- Up-to-date symlink: /home/ubuntu/ros2_ws/install/cv_bridge/include/cv_bridge/cv_bridge.h
[2.150s] -- Up-to-date symlink: /home/ubuntu/ros2_ws/install/cv_bridge/include/cv_bridge/rgb_colors.h
[2.150s] -- Up-to-date symlink: /home/ubuntu/ros2_ws/install/cv_bridge/lib/libcv_bridge.so
[2.150s] -- Up-to-date symlink: /home/ubuntu/ros2_ws/install/cv_bridge/share/ament_index/resource_index/package_run_dependencies/cv_bridge
[2.151s] -- Up-to-date symlink: /home/ubuntu/ros2_ws/install/cv_bridge/share/ament_index/resource_index/parent_prefix_path/cv_bridge
[2.151s] -- Up-to-date symlink: /home/ubuntu/ros2_ws/install/cv_bridge/share/cv_bridge/environment/ament_prefix_path.sh
[2.151s] -- Up-to-date symlink: /home/ubuntu/ros2_ws/install/cv_bridge/share/cv_bridge/environment/ament_prefix_path.dsv
[2.151s] -- Up-to-date symlink: /home/ubuntu/ros2_ws/install/cv_bridge/share/cv_bridge/environment/path.sh
[2.151s] -- Up-to-date symlink: /home/ubuntu/ros2_ws/install/cv_bridge/share/cv_bridge/environment/path.dsv
[2.152s] -- Up-to-date symlink: /home/ubuntu/ros2_ws/install/cv_bridge/share/cv_bridge/local_setup.bash
[2.152s] -- Up-to-date symlink: /home/ubuntu/ros2_ws/install/cv_bridge/share/cv_bridge/local_setup.sh
[2.152s] -- Up-to-date symlink: /home/ubuntu/ros2_ws/install/cv_bridge/share/cv_bridge/local_setup.zsh
[2.152s] -- Up-to-date symlink: /home/ubuntu/ros2_ws/install/cv_bridge/share/cv_bridge/local_setup.dsv
[2.152s] -- Symlinking: /home/ubuntu/ros2_ws/install/cv_bridge/share/cv_bridge/package.dsv
[2.158s] -- Up-to-date symlink: /home/ubuntu/ros2_ws/install/cv_bridge/share/ament_index/resource_index/packages/cv_bridge
[2.158s] -- Up-to-date symlink: /home/ubuntu/ros2_ws/install/cv_bridge/share/cv_bridge/cmake/cv_bridge-extras.cmake
[2.158s] -- Up-to-date symlink: /home/ubuntu/ros2_ws/install/cv_bridge/share/cv_bridge/cmake/ament_cmake_export_dependencies-extras.cmake
[2.159s] -- Up-to-date symlink: /home/ubuntu/ros2_ws/install/cv_bridge/share/cv_bridge/cmake/ament_cmake_export_include_directories-extras.cmake
[2.159s] -- Up-to-date symlink: /home/ubuntu/ros2_ws/install/cv_bridge/share/cv_bridge/cmake/ament_cmake_export_libraries-extras.cmake
[2.159s] -- Up-to-date symlink: /home/ubuntu/ros2_ws/install/cv_bridge/share/cv_bridge/cmake/cv_bridgeConfig.cmake
[2.159s] -- Up-to-date symlink: /home/ubuntu/ros2_ws/install/cv_bridge/share/cv_bridge/cmake/cv_bridgeConfig-version.cmake
[2.159s] -- Up-to-date symlink: /home/ubuntu/ros2_ws/install/cv_bridge/share/cv_bridge/package.xml
[2.182s] Listing '/home/ubuntu/ros2_ws/install/cv_bridge/lib/python3.8/site-packages/cv_bridge'...
[2.182s] Listing '/home/ubuntu/ros2_ws/install/cv_bridge/lib/python3.8/site-packages/cv_bridge/boost'...
[2.188s] Invoked command in '/home/ubuntu/ros2_ws/build/cv_bridge' returned '0': CMAKE_PREFIX_PATH=/opt/ros/foxy /usr/bin/cmake --install /home/ubuntu/ros2_ws/build/cv_bridge
