[0.169s] Invoking command in '/home/ubuntu/ros2_ws/build/image_tools': CMAKE_PREFIX_PATH=/opt/ros/foxy /usr/bin/cmake /home/ubuntu/ros2_ws/src/image_tools -DUSE_PANGOLIN_VIEWER=ON -DUSE_SOCKET_PUBLISHER=OFF -DAMENT_CMAKE_SYMLINK_INSTALL=1 -DCMAKE_INSTALL_PREFIX=/home/ubuntu/ros2_ws/install/image_tools
[2.461s] -- The C compiler identification is GNU 9.4.0
[5.337s] -- The CXX compiler identification is GNU 9.4.0
[5.388s] -- Check for working C compiler: /usr/bin/cc
[5.575s] -- Check for working C compiler: /usr/bin/cc -- works
[5.576s] -- Detecting C compiler ABI info
[5.630s] -- Detecting C compiler ABI info - done
[5.638s] -- Detecting C compile features
[5.639s] -- Detecting C compile features - done
[5.642s] -- Check for working CXX compiler: /usr/bin/c++
[5.707s] -- Check for working CXX compiler: /usr/bin/c++ -- works
[5.708s] -- Detecting CXX compiler ABI info
[5.773s] -- Detecting CXX compiler ABI info - done
[5.781s] -- Detecting CXX compile features
[5.782s] -- Detecting CXX compile features - done
[6.057s] -- Found ament_cmake: 0.9.11 (/opt/ros/foxy/share/ament_cmake/cmake)
[6.378s] -- Found PythonInterp: /usr/bin/python3 (found suitable version "3.8.10", minimum required is "3") 
[6.380s] -- Using PYTHON_EXECUTABLE: /usr/bin/python3
[6.710s] -- Override CMake install command with custom implementation using symlinks instead of copying resources
[7.116s] -- Found rclcpp: 2.4.2 (/opt/ros/foxy/share/rclcpp/cmake)
[8.406s] -- Using all available rosidl_typesupport_c: rosidl_typesupport_fastrtps_c;rosidl_typesupport_introspection_c
[8.544s] -- Found rosidl_adapter: 1.3.0 (/opt/ros/foxy/share/rosidl_adapter/cmake)
[9.156s] -- Found OpenSSL: /usr/lib/x86_64-linux-gnu/libcrypto.so (found version "1.1.1f")  
[9.251s] -- Found FastRTPS: /opt/ros/foxy/include  
[9.487s] -- Using all available rosidl_typesupport_cpp: rosidl_typesupport_fastrtps_cpp;rosidl_typesupport_introspection_cpp
[9.893s] -- Found rmw_implementation_cmake: 1.0.3 (/opt/ros/foxy/share/rmw_implementation_cmake/cmake)
[9.912s] -- Using RMW implementation 'rmw_fastrtps_cpp' as default
[9.916s] -- Looking for pthread.h
[10.146s] -- Looking for pthread.h - found
[10.146s] -- Performing Test CMAKE_HAVE_LIBC_PTHREAD
[10.215s] -- Performing Test CMAKE_HAVE_LIBC_PTHREAD - Failed
[10.216s] -- Looking for pthread_create in pthreads
[10.268s] -- Looking for pthread_create in pthreads - not found
[10.268s] -- Looking for pthread_create in pthread
[10.318s] -- Looking for pthread_create in pthread - found
[10.319s] -- Found Threads: TRUE  
[10.888s] -- Found rclcpp_components: 2.4.2 (/opt/ros/foxy/share/rclcpp_components/cmake)
[11.052s] -- Found sensor_msgs: 2.0.5 (/opt/ros/foxy/share/sensor_msgs/cmake)
[11.141s] -- Found OpenCV: /usr (found version "4.2.0") found components: core highgui imgcodecs imgproc videoio 
[11.900s] -- Found ament_lint_auto: 0.9.7 (/opt/ros/foxy/share/ament_lint_auto/cmake)
[12.692s] -- Found python_cmake_module: 0.8.1 (/opt/ros/foxy/share/python_cmake_module/cmake)
[12.718s] -- Found PythonInterp: /usr/bin/python3 (found suitable version "3.8.10", minimum required is "3.5") 
[12.722s] -- Found PythonLibs: /usr/lib/x86_64-linux-gnu/libpython3.8.so (found suitable version "3.8.10", minimum required is "3.5") 
[12.722s] -- Using PYTHON_EXECUTABLE: /usr/bin/python3
[12.722s] -- Using PYTHON_INCLUDE_DIRS: /usr/include/python3.8
[12.722s] -- Using PYTHON_LIBRARIES: /usr/lib/x86_64-linux-gnu/libpython3.8.so
[12.739s] -- Found PythonExtra: .so  
[13.276s] -- Added test 'copyright' to check source files copyright and LICENSE
[13.278s] -- Added test 'cppcheck' to perform static code analysis on C / C++ code
[13.278s] -- Configured cppcheck include dirs: $<BUILD_INTERFACE:/home/ubuntu/ros2_ws/src/image_tools/include>
[13.278s] -- Configured cppcheck exclude dirs and/or files: 
[13.296s] -- Added test 'cpplint' to check C / C++ code against the Google style
[13.296s] -- Configured cpplint exclude dirs and/or files: 
[13.303s] -- Added test 'lint_cmake' to check CMake code style
[13.305s] -- Added test 'uncrustify' to check C / C++ code style
[13.305s] -- Configured uncrustify additional arguments: 
[13.305s] -- Added test 'xmllint' to check XML markup files
[13.310s] -- Configuring done
[13.312s] CMake Error at CMakeLists.txt:21 (add_library):
[13.312s]   Target "image_tools" links to target "rclcpp_components::component" but the
[13.312s]   target was not found.  Perhaps a find_package() call is missing for an
[13.312s]   IMPORTED target, or an ALIAS target is missing?
[13.312s] 
[13.312s] 
[13.496s] -- Generating done
[13.501s] CMake Warning:
[13.502s]   Manually-specified variables were not used by the project:
[13.502s] 
[13.502s]     USE_PANGOLIN_VIEWER
[13.503s]     USE_SOCKET_PUBLISHER
[13.503s] 
[13.503s] 
[13.503s] CMake Generate step failed.  Build files cannot be regenerated correctly.
[13.519s] Invoked command in '/home/ubuntu/ros2_ws/build/image_tools' returned '1': CMAKE_PREFIX_PATH=/opt/ros/foxy /usr/bin/cmake /home/ubuntu/ros2_ws/src/image_tools -DUSE_PANGOLIN_VIEWER=ON -DUSE_SOCKET_PUBLISHER=OFF -DAMENT_CMAKE_SYMLINK_INSTALL=1 -DCMAKE_INSTALL_PREFIX=/home/ubuntu/ros2_ws/install/image_tools
