[0.053s] Invoking command in '/home/ubuntu/ros2_ws/build/camera_info_manager': CMAKE_PREFIX_PATH=/home/ubuntu/ros2_ws/install/camera_calibration_parsers:/home/ubuntu/ros2_ws/install/vision_opencv:/home/ubuntu/ros2_ws/install/image_common:/home/ubuntu/ros2_ws/install/image_transport:/home/ubuntu/ros2_ws/install/image_geometry:/home/ubuntu/ros2_ws/install/cv_bridge:/home/ubuntu/ros2_ws/install/camera_info_manager:/home/ubuntu/ros2_ws/install/opencv_tests:/opt/ros/foxy LD_LIBRARY_PATH=/home/ubuntu/ros2_ws/install/camera_calibration_parsers/lib:/home/ubuntu/ros2_ws/install/image_transport/lib:/home/ubuntu/ros2_ws/install/image_geometry/lib:/home/ubuntu/ros2_ws/install/cv_bridge/lib:/home/ubuntu/ros2_ws/install/camera_info_manager/lib:/usr/lib/x86_64-linux-gnu/gazebo-11/plugins:/opt/ros/foxy/opt/yaml_cpp_vendor/lib:/opt/ros/foxy/opt/rviz_ogre_vendor/lib:/opt/ros/foxy/lib/x86_64-linux-gnu:/opt/ros/foxy/lib /usr/bin/cmake --build /home/ubuntu/ros2_ws/build/camera_info_manager -- -j16 -l16
[0.101s] [100%] Built target camera_info_manager
[0.291s] Invoked command in '/home/ubuntu/ros2_ws/build/camera_info_manager' returned '0': CMAKE_PREFIX_PATH=/home/ubuntu/ros2_ws/install/camera_calibration_parsers:/home/ubuntu/ros2_ws/install/vision_opencv:/home/ubuntu/ros2_ws/install/image_common:/home/ubuntu/ros2_ws/install/image_transport:/home/ubuntu/ros2_ws/install/image_geometry:/home/ubuntu/ros2_ws/install/cv_bridge:/home/ubuntu/ros2_ws/install/camera_info_manager:/home/ubuntu/ros2_ws/install/opencv_tests:/opt/ros/foxy LD_LIBRARY_PATH=/home/ubuntu/ros2_ws/install/camera_calibration_parsers/lib:/home/ubuntu/ros2_ws/install/image_transport/lib:/home/ubuntu/ros2_ws/install/image_geometry/lib:/home/ubuntu/ros2_ws/install/cv_bridge/lib:/home/ubuntu/ros2_ws/install/camera_info_manager/lib:/usr/lib/x86_64-linux-gnu/gazebo-11/plugins:/opt/ros/foxy/opt/yaml_cpp_vendor/lib:/opt/ros/foxy/opt/rviz_ogre_vendor/lib:/opt/ros/foxy/lib/x86_64-linux-gnu:/opt/ros/foxy/lib /usr/bin/cmake --build /home/ubuntu/ros2_ws/build/camera_info_manager -- -j16 -l16
[0.309s] Invoking command in '/home/ubuntu/ros2_ws/build/camera_info_manager': CMAKE_PREFIX_PATH=/home/ubuntu/ros2_ws/install/camera_calibration_parsers:/home/ubuntu/ros2_ws/install/vision_opencv:/home/ubuntu/ros2_ws/install/image_common:/home/ubuntu/ros2_ws/install/image_transport:/home/ubuntu/ros2_ws/install/image_geometry:/home/ubuntu/ros2_ws/install/cv_bridge:/home/ubuntu/ros2_ws/install/camera_info_manager:/home/ubuntu/ros2_ws/install/opencv_tests:/opt/ros/foxy LD_LIBRARY_PATH=/home/ubuntu/ros2_ws/install/camera_calibration_parsers/lib:/home/ubuntu/ros2_ws/install/image_transport/lib:/home/ubuntu/ros2_ws/install/image_geometry/lib:/home/ubuntu/ros2_ws/install/cv_bridge/lib:/home/ubuntu/ros2_ws/install/camera_info_manager/lib:/usr/lib/x86_64-linux-gnu/gazebo-11/plugins:/opt/ros/foxy/opt/yaml_cpp_vendor/lib:/opt/ros/foxy/opt/rviz_ogre_vendor/lib:/opt/ros/foxy/lib/x86_64-linux-gnu:/opt/ros/foxy/lib /usr/bin/cmake --install /home/ubuntu/ros2_ws/build/camera_info_manager
[0.317s] -- Install configuration: ""
[0.317s] -- Execute custom install script
[0.317s] -- Up-to-date symlink: /home/ubuntu/ros2_ws/install/camera_info_manager/lib/libcamera_info_manager.so
[0.318s] -- Up-to-date symlink: /home/ubuntu/ros2_ws/install/camera_info_manager/include/camera_info_manager/camera_info_manager.h
[0.318s] -- Up-to-date symlink: /home/ubuntu/ros2_ws/install/camera_info_manager/include/camera_info_manager/camera_info_manager.hpp
[0.318s] -- Up-to-date symlink: /home/ubuntu/ros2_ws/install/camera_info_manager/include/camera_info_manager/visibility_control.h
[0.318s] -- Up-to-date symlink: /home/ubuntu/ros2_ws/install/camera_info_manager/share/camera_info_manager/environment/library_path.sh
[0.318s] -- Up-to-date symlink: /home/ubuntu/ros2_ws/install/camera_info_manager/share/camera_info_manager/environment/library_path.dsv
[0.319s] -- Up-to-date symlink: /home/ubuntu/ros2_ws/install/camera_info_manager/share/ament_index/resource_index/package_run_dependencies/camera_info_manager
[0.319s] -- Up-to-date symlink: /home/ubuntu/ros2_ws/install/camera_info_manager/share/ament_index/resource_index/parent_prefix_path/camera_info_manager
[0.319s] -- Up-to-date symlink: /home/ubuntu/ros2_ws/install/camera_info_manager/share/camera_info_manager/environment/ament_prefix_path.sh
[0.319s] -- Up-to-date symlink: /home/ubuntu/ros2_ws/install/camera_info_manager/share/camera_info_manager/environment/ament_prefix_path.dsv
[0.319s] -- Up-to-date symlink: /home/ubuntu/ros2_ws/install/camera_info_manager/share/camera_info_manager/environment/path.sh
[0.320s] -- Up-to-date symlink: /home/ubuntu/ros2_ws/install/camera_info_manager/share/camera_info_manager/environment/path.dsv
[0.322s] -- Up-to-date symlink: /home/ubuntu/ros2_ws/install/camera_info_manager/share/camera_info_manager/local_setup.bash
[0.323s] -- Up-to-date symlink: /home/ubuntu/ros2_ws/install/camera_info_manager/share/camera_info_manager/local_setup.sh
[0.323s] -- Up-to-date symlink: /home/ubuntu/ros2_ws/install/camera_info_manager/share/camera_info_manager/local_setup.zsh
[0.323s] -- Up-to-date symlink: /home/ubuntu/ros2_ws/install/camera_info_manager/share/camera_info_manager/local_setup.dsv
[0.323s] -- Symlinking: /home/ubuntu/ros2_ws/install/camera_info_manager/share/camera_info_manager/package.dsv
[0.329s] -- Up-to-date symlink: /home/ubuntu/ros2_ws/install/camera_info_manager/share/ament_index/resource_index/packages/camera_info_manager
[0.329s] -- Up-to-date symlink: /home/ubuntu/ros2_ws/install/camera_info_manager/share/camera_info_manager/cmake/ament_cmake_export_include_directories-extras.cmake
[0.329s] -- Up-to-date symlink: /home/ubuntu/ros2_ws/install/camera_info_manager/share/camera_info_manager/cmake/ament_cmake_export_dependencies-extras.cmake
[0.329s] -- Up-to-date symlink: /home/ubuntu/ros2_ws/install/camera_info_manager/share/camera_info_manager/cmake/ament_cmake_export_libraries-extras.cmake
[0.330s] -- Up-to-date symlink: /home/ubuntu/ros2_ws/install/camera_info_manager/share/camera_info_manager/cmake/camera_info_managerConfig.cmake
[0.330s] -- Up-to-date symlink: /home/ubuntu/ros2_ws/install/camera_info_manager/share/camera_info_manager/cmake/camera_info_managerConfig-version.cmake
[0.330s] -- Up-to-date symlink: /home/ubuntu/ros2_ws/install/camera_info_manager/share/camera_info_manager/package.xml
[0.334s] Invoked command in '/home/ubuntu/ros2_ws/build/camera_info_manager' returned '0': CMAKE_PREFIX_PATH=/home/ubuntu/ros2_ws/install/camera_calibration_parsers:/home/ubuntu/ros2_ws/install/vision_opencv:/home/ubuntu/ros2_ws/install/image_common:/home/ubuntu/ros2_ws/install/image_transport:/home/ubuntu/ros2_ws/install/image_geometry:/home/ubuntu/ros2_ws/install/cv_bridge:/home/ubuntu/ros2_ws/install/camera_info_manager:/home/ubuntu/ros2_ws/install/opencv_tests:/opt/ros/foxy LD_LIBRARY_PATH=/home/ubuntu/ros2_ws/install/camera_calibration_parsers/lib:/home/ubuntu/ros2_ws/install/image_transport/lib:/home/ubuntu/ros2_ws/install/image_geometry/lib:/home/ubuntu/ros2_ws/install/cv_bridge/lib:/home/ubuntu/ros2_ws/install/camera_info_manager/lib:/usr/lib/x86_64-linux-gnu/gazebo-11/plugins:/opt/ros/foxy/opt/yaml_cpp_vendor/lib:/opt/ros/foxy/opt/rviz_ogre_vendor/lib:/opt/ros/foxy/lib/x86_64-linux-gnu:/opt/ros/foxy/lib /usr/bin/cmake --install /home/ubuntu/ros2_ws/build/camera_info_manager
