[0.021s] Invoking command in '/home/ubuntu/ros2_ws/src/build/image_transport': CMAKE_PREFIX_PATH=/opt/ros/foxy /usr/bin/cmake /home/ubuntu/ros2_ws/src/image_common/image_transport -DUSE_PANGOLIN_VIEWER=OFF -DUSE_SOCKET_PUBLISHER=OFF -DAMENT_CMAKE_SYMLINK_INSTALL=1 -DCMAKE_INSTALL_PREFIX=/home/ubuntu/ros2_ws/src/install/image_transport
[0.056s] -- The C compiler identification is GNU 9.4.0
[0.092s] -- The CXX compiler identification is GNU 9.4.0
[0.095s] -- Check for working C compiler: /usr/bin/cc
[0.144s] -- Check for working C compiler: /usr/bin/cc -- works
[0.144s] -- Detecting C compiler ABI info
[0.193s] -- Detecting C compiler ABI info - done
[0.201s] -- Detecting C compile features
[0.202s] -- Detecting C compile features - done
[0.203s] -- Check for working CXX compiler: /usr/bin/c++
[0.261s] -- Check for working CXX compiler: /usr/bin/c++ -- works
[0.262s] -- Detecting CXX compiler ABI info
[0.318s] -- Detecting CXX compiler ABI info - done
[0.326s] -- Detecting CXX compile features
[0.327s] -- Detecting CXX compile features - done
[0.329s] -- Found ament_cmake_ros: 0.9.2 (/opt/ros/foxy/share/ament_cmake_ros/cmake)
[0.353s] -- Found PythonInterp: /usr/bin/python3 (found suitable version "3.8.10", minimum required is "3") 
[0.353s] -- Using PYTHON_EXECUTABLE: /usr/bin/python3
[0.540s] -- Override CMake install command with custom implementation using symlinks instead of copying resources
[0.567s] -- Found message_filters: 3.2.5 (/opt/ros/foxy/share/message_filters/cmake)
[0.571s] -- Found pluginlib: 2.5.4 (/opt/ros/foxy/share/pluginlib/cmake)
[0.616s] -- Found rclcpp: 2.4.2 (/opt/ros/foxy/share/rclcpp/cmake)
[0.639s] -- Using all available rosidl_typesupport_c: rosidl_typesupport_fastrtps_c;rosidl_typesupport_introspection_c
[0.643s] -- Found rosidl_adapter: 1.3.0 (/opt/ros/foxy/share/rosidl_adapter/cmake)
[0.715s] -- Found OpenSSL: /usr/lib/x86_64-linux-gnu/libcrypto.so (found version "1.1.1f")  
[0.748s] -- Found FastRTPS: /opt/ros/foxy/include  
[0.823s] -- Using all available rosidl_typesupport_cpp: rosidl_typesupport_fastrtps_cpp;rosidl_typesupport_introspection_cpp
[0.864s] -- Found rmw_implementation_cmake: 1.0.3 (/opt/ros/foxy/share/rmw_implementation_cmake/cmake)
[0.865s] -- Using RMW implementation 'rmw_fastrtps_cpp' as default
[0.866s] -- Looking for pthread.h
[0.914s] -- Looking for pthread.h - found
[0.914s] -- Performing Test CMAKE_HAVE_LIBC_PTHREAD
[0.965s] -- Performing Test CMAKE_HAVE_LIBC_PTHREAD - Failed
[0.965s] -- Looking for pthread_create in pthreads
[1.005s] -- Looking for pthread_create in pthreads - not found
[1.005s] -- Looking for pthread_create in pthread
[1.053s] -- Looking for pthread_create in pthread - found
[1.054s] -- Found Threads: TRUE  
[1.175s] -- Found sensor_msgs: 2.0.5 (/opt/ros/foxy/share/sensor_msgs/cmake)
[1.267s] -- Found gtest sources under '/opt/ros/foxy/src/gtest_vendor': C++ tests using 'Google Test' will be built
[1.269s] -- Check if compiler accepts -pthread
[1.322s] -- Check if compiler accepts -pthread - yes
[1.402s] -- Configuring done
[1.454s] -- Generating done
[1.456s] CMake Warning:
[1.456s]   Manually-specified variables were not used by the project:
[1.456s] 
[1.456s]     USE_PANGOLIN_VIEWER
[1.457s]     USE_SOCKET_PUBLISHER
[1.457s] 
[1.457s] 
[1.457s] -- Build files have been written to: /home/ubuntu/ros2_ws/src/build/image_transport
[1.466s] Invoked command in '/home/ubuntu/ros2_ws/src/build/image_transport' returned '0': CMAKE_PREFIX_PATH=/opt/ros/foxy /usr/bin/cmake /home/ubuntu/ros2_ws/src/image_common/image_transport -DUSE_PANGOLIN_VIEWER=OFF -DUSE_SOCKET_PUBLISHER=OFF -DAMENT_CMAKE_SYMLINK_INSTALL=1 -DCMAKE_INSTALL_PREFIX=/home/ubuntu/ros2_ws/src/install/image_transport
[1.468s] Invoking command in '/home/ubuntu/ros2_ws/src/build/image_transport': CMAKE_PREFIX_PATH=/opt/ros/foxy /usr/bin/cmake --build /home/ubuntu/ros2_ws/src/build/image_transport -- -j16 -l16
[1.502s] [35m[1mScanning dependencies of target gtest[0m
[1.505s] [35m[1mScanning dependencies of target gtest_main[0m
[1.505s] [35m[1mScanning dependencies of target image_transport[0m
[1.516s] [  3%] [32mBuilding CXX object gtest/CMakeFiles/gtest.dir/src/gtest-all.cc.o[0m
[1.523s] [  6%] [32mBuilding CXX object gtest/CMakeFiles/gtest_main.dir/src/gtest_main.cc.o[0m
[1.566s] [ 10%] [32mBuilding CXX object CMakeFiles/image_transport.dir/src/camera_common.cpp.o[0m
[1.570s] [ 16%] [32mBuilding CXX object CMakeFiles/image_transport.dir/src/subscriber.cpp.o[0m
[1.570s] [ 16%] [32mBuilding CXX object CMakeFiles/image_transport.dir/src/publisher.cpp.o[0m
[1.578s] [ 20%] [32mBuilding CXX object CMakeFiles/image_transport.dir/src/single_subscriber_publisher.cpp.o[0m
[1.601s] [ 23%] [32mBuilding CXX object CMakeFiles/image_transport.dir/src/camera_publisher.cpp.o[0m
[1.639s] [ 26%] [32mBuilding CXX object CMakeFiles/image_transport.dir/src/camera_subscriber.cpp.o[0m
[1.680s] [ 30%] [32mBuilding CXX object CMakeFiles/image_transport.dir/src/image_transport.cpp.o[0m
[2.491s] [ 33%] [32m[1mLinking CXX static library libgtest_main.a[0m
[2.530s] [ 33%] Built target gtest_main
[4.465s] [ 36%] [32m[1mLinking CXX static library libgtest.a[0m
[4.512s] [ 36%] Built target gtest
[7.203s] [ 40%] [32m[1mLinking CXX shared library libimage_transport.so[0m
[7.486s] [ 40%] Built target image_transport
[7.494s] [35m[1mScanning dependencies of target list_transports[0m
[7.495s] [35m[1mScanning dependencies of target republish[0m
[7.495s] [35m[1mScanning dependencies of target image_transport-remapping[0m
[7.495s] [35m[1mScanning dependencies of target image_transport_plugins[0m
[7.495s] [35m[1mScanning dependencies of target image_transport-camera_common[0m
[7.495s] [35m[1mScanning dependencies of target image_transport-message_passing[0m
[7.495s] [35m[1mScanning dependencies of target image_transport-single_subscriber_publisher[0m
[7.496s] [35m[1mScanning dependencies of target image_transport-subscriber[0m
[7.497s] [35m[1mScanning dependencies of target image_transport-publisher[0m
[7.508s] [ 43%] [32mBuilding CXX object CMakeFiles/image_transport-camera_common.dir/test/test_camera_common.cpp.o[0m
[7.521s] [ 46%] [32mBuilding CXX object CMakeFiles/image_transport_plugins.dir/src/manifest.cpp.o[0m
[7.521s] [ 50%] [32mBuilding CXX object CMakeFiles/list_transports.dir/src/list_transports.cpp.o[0m
[7.527s] [ 53%] [32mBuilding CXX object CMakeFiles/image_transport-remapping.dir/test/test_remapping.cpp.o[0m
[7.528s] [ 56%] [32mBuilding CXX object CMakeFiles/image_transport-single_subscriber_publisher.dir/test/test_single_subscriber_publisher.cpp.o[0m
[7.529s] [ 60%] [32mBuilding CXX object CMakeFiles/image_transport-message_passing.dir/test/test_message_passing.cpp.o[0m
[7.530s] [ 63%] [32mBuilding CXX object CMakeFiles/republish.dir/src/republish.cpp.o[0m
[7.545s] [ 70%] [32mBuilding CXX object CMakeFiles/image_transport-publisher.dir/test/test_publisher.cpp.o[0m
[7.545s] [ 70%] [32mBuilding CXX object CMakeFiles/image_transport-subscriber.dir/test/test_subscriber.cpp.o[0m
[8.490s] [ 73%] [32m[1mLinking CXX executable image_transport-camera_common[0m
[8.931s] [ 73%] Built target image_transport-camera_common
[9.461s] [ 76%] [32m[1mLinking CXX executable image_transport-single_subscriber_publisher[0m
[9.495s] [ 80%] [32m[1mLinking CXX executable image_transport-subscriber[0m
[9.510s] [ 83%] [32m[1mLinking CXX executable image_transport-publisher[0m
[9.572s] [ 86%] [32m[1mLinking CXX executable image_transport-remapping[0m
[9.578s] [ 90%] [32m[1mLinking CXX executable image_transport-message_passing[0m
[10.231s] [ 90%] Built target image_transport-single_subscriber_publisher
[10.292s] [ 90%] Built target image_transport-subscriber
[10.309s] [ 90%] Built target image_transport-publisher
[10.337s] [ 90%] Built target image_transport-remapping
[10.344s] [ 90%] Built target image_transport-message_passing
[11.353s] [ 93%] [32m[1mLinking CXX executable list_transports[0m
[11.516s] [ 93%] Built target list_transports
[11.558s] [ 96%] [32m[1mLinking CXX executable republish[0m
[11.726s] [ 96%] Built target republish
[11.995s] [100%] [32m[1mLinking CXX shared library libimage_transport_plugins.so[0m
[12.291s] [100%] Built target image_transport_plugins
