[0.021s] Invoking command in '/home/ubuntu/ros2_ws/build/image_transport': CMAKE_PREFIX_PATH=/opt/ros/foxy /usr/bin/cmake /home/ubuntu/ros2_ws/src/image_common/image_transport -DUSE_PANGOLIN_VIEWER=ON -DUSE_SOCKET_PUBLISHER=OFF -DAMENT_CMAKE_SYMLINK_INSTALL=1 -DCMAKE_INSTALL_PREFIX=/home/ubuntu/ros2_ws/install/image_transport
[0.031s] -- Found ament_cmake_ros: 0.9.2 (/opt/ros/foxy/share/ament_cmake_ros/cmake)
[0.050s] -- Using PYTHON_EXECUTABLE: /usr/bin/python3
[0.233s] -- Override CMake install command with custom implementation using symlinks instead of copying resources
[0.239s] -- Found message_filters: 3.2.5 (/opt/ros/foxy/share/message_filters/cmake)
[0.241s] -- Found pluginlib: 2.5.4 (/opt/ros/foxy/share/pluginlib/cmake)
[0.277s] -- Found rclcpp: 2.4.2 (/opt/ros/foxy/share/rclcpp/cmake)
[0.294s] -- Using all available rosidl_typesupport_c: rosidl_typesupport_fastrtps_c;rosidl_typesupport_introspection_c
[0.296s] -- Found rosidl_adapter: 1.3.0 (/opt/ros/foxy/share/rosidl_adapter/cmake)
[0.410s] -- Using all available rosidl_typesupport_cpp: rosidl_typesupport_fastrtps_cpp;rosidl_typesupport_introspection_cpp
[0.446s] -- Found rmw_implementation_cmake: 1.0.3 (/opt/ros/foxy/share/rmw_implementation_cmake/cmake)
[0.447s] -- Using RMW implementation 'rmw_fastrtps_cpp' as default
[0.553s] -- Found sensor_msgs: 2.0.5 (/opt/ros/foxy/share/sensor_msgs/cmake)
[0.640s] -- Found gtest sources under '/opt/ros/foxy/src/gtest_vendor': C++ tests using 'Google Test' will be built
[0.708s] -- Configuring done
[0.744s] -- Generating done
[0.745s] CMake Warning:
[0.746s]   Manually-specified variables were not used by the project:
[0.746s] 
[0.746s]     USE_PANGOLIN_VIEWER
[0.746s] 
[0.746s] 
[0.746s] -- Build files have been written to: /home/ubuntu/ros2_ws/build/image_transport
[0.751s] Invoked command in '/home/ubuntu/ros2_ws/build/image_transport' returned '0': CMAKE_PREFIX_PATH=/opt/ros/foxy /usr/bin/cmake /home/ubuntu/ros2_ws/src/image_common/image_transport -DUSE_PANGOLIN_VIEWER=ON -DUSE_SOCKET_PUBLISHER=OFF -DAMENT_CMAKE_SYMLINK_INSTALL=1 -DCMAKE_INSTALL_PREFIX=/home/ubuntu/ros2_ws/install/image_transport
[0.752s] Invoking command in '/home/ubuntu/ros2_ws/build/image_transport': CMAKE_PREFIX_PATH=/opt/ros/foxy /usr/bin/cmake --build /home/ubuntu/ros2_ws/build/image_transport -- -j16 -l16
[0.789s] [ 10%] Built target gtest
[0.789s] [ 13%] Built target gtest_main
[0.805s] [ 40%] Built target image_transport
[0.834s] [ 46%] Built target image_transport-subscriber
[0.834s] [ 56%] Built target image_transport-publisher
[0.834s] [ 60%] Built target image_transport-camera_common
[0.834s] [ 66%] Built target republish
[0.835s] [ 73%] Built target image_transport_plugins
[0.835s] [ 80%] Built target image_transport-single_subscriber_publisher
[0.836s] [ 86%] Built target image_transport-remapping
[0.836s] [ 93%] Built target list_transports
[0.838s] [100%] Built target image_transport-message_passing
[0.846s] Invoked command in '/home/ubuntu/ros2_ws/build/image_transport' returned '0': CMAKE_PREFIX_PATH=/opt/ros/foxy /usr/bin/cmake --build /home/ubuntu/ros2_ws/build/image_transport -- -j16 -l16
[0.881s] Invoking command in '/home/ubuntu/ros2_ws/build/image_transport': CMAKE_PREFIX_PATH=/opt/ros/foxy /usr/bin/cmake --install /home/ubuntu/ros2_ws/build/image_transport
[0.887s] -- Install configuration: ""
[0.887s] -- Execute custom install script
[0.888s] -- Up-to-date symlink: /home/ubuntu/ros2_ws/install/image_transport/share/image_transport//default_plugins.xml
[0.888s] -- Up-to-date symlink: /home/ubuntu/ros2_ws/install/image_transport/lib/libimage_transport.so
[0.888s] -- Up-to-date symlink: /home/ubuntu/ros2_ws/install/image_transport/lib/libimage_transport_plugins.so
[0.888s] -- Up-to-date symlink: /home/ubuntu/ros2_ws/install/image_transport/lib/image_transport/list_transports
[0.888s] -- Up-to-date symlink: /home/ubuntu/ros2_ws/install/image_transport/lib/image_transport/republish
[0.889s] -- Up-to-date symlink: /home/ubuntu/ros2_ws/install/image_transport/include/image_transport/camera_common.h
[0.889s] -- Up-to-date symlink: /home/ubuntu/ros2_ws/install/image_transport/include/image_transport/camera_common.hpp
[0.889s] -- Up-to-date symlink: /home/ubuntu/ros2_ws/install/image_transport/include/image_transport/camera_publisher.h
[0.889s] -- Up-to-date symlink: /home/ubuntu/ros2_ws/install/image_transport/include/image_transport/camera_publisher.hpp
[0.890s] -- Up-to-date symlink: /home/ubuntu/ros2_ws/install/image_transport/include/image_transport/camera_subscriber.h
[0.890s] -- Up-to-date symlink: /home/ubuntu/ros2_ws/install/image_transport/include/image_transport/camera_subscriber.hpp
[0.890s] -- Up-to-date symlink: /home/ubuntu/ros2_ws/install/image_transport/include/image_transport/exception.h
[0.890s] -- Up-to-date symlink: /home/ubuntu/ros2_ws/install/image_transport/include/image_transport/exception.hpp
[0.890s] -- Up-to-date symlink: /home/ubuntu/ros2_ws/install/image_transport/include/image_transport/image_transport.h
[0.890s] -- Up-to-date symlink: /home/ubuntu/ros2_ws/install/image_transport/include/image_transport/image_transport.hpp
[0.890s] -- Up-to-date symlink: /home/ubuntu/ros2_ws/install/image_transport/include/image_transport/loader_fwds.h
[0.890s] -- Up-to-date symlink: /home/ubuntu/ros2_ws/install/image_transport/include/image_transport/loader_fwds.hpp
[0.890s] -- Up-to-date symlink: /home/ubuntu/ros2_ws/install/image_transport/include/image_transport/publisher.h
[0.891s] -- Up-to-date symlink: /home/ubuntu/ros2_ws/install/image_transport/include/image_transport/publisher.hpp
[0.891s] -- Up-to-date symlink: /home/ubuntu/ros2_ws/install/image_transport/include/image_transport/publisher_plugin.h
[0.891s] -- Up-to-date symlink: /home/ubuntu/ros2_ws/install/image_transport/include/image_transport/publisher_plugin.hpp
[0.891s] -- Up-to-date symlink: /home/ubuntu/ros2_ws/install/image_transport/include/image_transport/raw_publisher.h
[0.891s] -- Up-to-date symlink: /home/ubuntu/ros2_ws/install/image_transport/include/image_transport/raw_publisher.hpp
[0.891s] -- Up-to-date symlink: /home/ubuntu/ros2_ws/install/image_transport/include/image_transport/raw_subscriber.h
[0.891s] -- Up-to-date symlink: /home/ubuntu/ros2_ws/install/image_transport/include/image_transport/raw_subscriber.hpp
[0.891s] -- Up-to-date symlink: /home/ubuntu/ros2_ws/install/image_transport/include/image_transport/simple_publisher_plugin.h
[0.892s] -- Up-to-date symlink: /home/ubuntu/ros2_ws/install/image_transport/include/image_transport/simple_publisher_plugin.hpp
[0.892s] -- Up-to-date symlink: /home/ubuntu/ros2_ws/install/image_transport/include/image_transport/simple_subscriber_plugin.h
[0.892s] -- Up-to-date symlink: /home/ubuntu/ros2_ws/install/image_transport/include/image_transport/simple_subscriber_plugin.hpp
[0.892s] -- Up-to-date symlink: /home/ubuntu/ros2_ws/install/image_transport/include/image_transport/single_subscriber_publisher.h
[0.892s] -- Up-to-date symlink: /home/ubuntu/ros2_ws/install/image_transport/include/image_transport/single_subscriber_publisher.hpp
[0.892s] -- Up-to-date symlink: /home/ubuntu/ros2_ws/install/image_transport/include/image_transport/subscriber.h
[0.892s] -- Up-to-date symlink: /home/ubuntu/ros2_ws/install/image_transport/include/image_transport/subscriber.hpp
[0.892s] -- Up-to-date symlink: /home/ubuntu/ros2_ws/install/image_transport/include/image_transport/subscriber_filter.h
[0.892s] -- Up-to-date symlink: /home/ubuntu/ros2_ws/install/image_transport/include/image_transport/subscriber_filter.hpp
[0.893s] -- Up-to-date symlink: /home/ubuntu/ros2_ws/install/image_transport/include/image_transport/subscriber_plugin.h
[0.893s] -- Up-to-date symlink: /home/ubuntu/ros2_ws/install/image_transport/include/image_transport/subscriber_plugin.hpp
[0.893s] -- Up-to-date symlink: /home/ubuntu/ros2_ws/install/image_transport/include/image_transport/transport_hints.h
[0.893s] -- Up-to-date symlink: /home/ubuntu/ros2_ws/install/image_transport/include/image_transport/transport_hints.hpp
[0.893s] -- Up-to-date symlink: /home/ubuntu/ros2_ws/install/image_transport/include/image_transport/visibility_control.hpp
[0.893s] -- Up-to-date symlink: /home/ubuntu/ros2_ws/install/image_transport/share/image_transport/environment/library_path.sh
[0.894s] -- Up-to-date symlink: /home/ubuntu/ros2_ws/install/image_transport/share/image_transport/environment/library_path.dsv
[0.894s] -- Up-to-date symlink: /home/ubuntu/ros2_ws/install/image_transport/share/ament_index/resource_index/package_run_dependencies/image_transport
[0.894s] -- Up-to-date symlink: /home/ubuntu/ros2_ws/install/image_transport/share/ament_index/resource_index/parent_prefix_path/image_transport
[0.894s] -- Up-to-date symlink: /home/ubuntu/ros2_ws/install/image_transport/share/image_transport/environment/ament_prefix_path.sh
[0.894s] -- Up-to-date symlink: /home/ubuntu/ros2_ws/install/image_transport/share/image_transport/environment/ament_prefix_path.dsv
[0.895s] -- Up-to-date symlink: /home/ubuntu/ros2_ws/install/image_transport/share/image_transport/environment/path.sh
[0.895s] -- Up-to-date symlink: /home/ubuntu/ros2_ws/install/image_transport/share/image_transport/environment/path.dsv
[0.895s] -- Up-to-date symlink: /home/ubuntu/ros2_ws/install/image_transport/share/image_transport/local_setup.bash
[0.895s] -- Up-to-date symlink: /home/ubuntu/ros2_ws/install/image_transport/share/image_transport/local_setup.sh
[0.895s] -- Up-to-date symlink: /home/ubuntu/ros2_ws/install/image_transport/share/image_transport/local_setup.zsh
[0.895s] -- Up-to-date symlink: /home/ubuntu/ros2_ws/install/image_transport/share/image_transport/local_setup.dsv
[0.896s] -- Symlinking: /home/ubuntu/ros2_ws/install/image_transport/share/image_transport/package.dsv
[0.903s] -- Up-to-date symlink: /home/ubuntu/ros2_ws/install/image_transport/share/ament_index/resource_index/packages/image_transport
[0.903s] -- Up-to-date symlink: /home/ubuntu/ros2_ws/install/image_transport/share/ament_index/resource_index/image_transport__pluginlib__plugin/image_transport
[0.903s] -- Up-to-date symlink: /home/ubuntu/ros2_ws/install/image_transport/share/image_transport/cmake/ament_cmake_export_include_directories-extras.cmake
[0.903s] -- Up-to-date symlink: /home/ubuntu/ros2_ws/install/image_transport/share/image_transport/cmake/ament_cmake_export_libraries-extras.cmake
[0.903s] -- Up-to-date symlink: /home/ubuntu/ros2_ws/install/image_transport/share/image_transport/cmake/ament_cmake_export_dependencies-extras.cmake
[0.904s] -- Up-to-date symlink: /home/ubuntu/ros2_ws/install/image_transport/share/image_transport/cmake/image_transportConfig.cmake
[0.904s] -- Up-to-date symlink: /home/ubuntu/ros2_ws/install/image_transport/share/image_transport/cmake/image_transportConfig-version.cmake
[0.904s] -- Up-to-date symlink: /home/ubuntu/ros2_ws/install/image_transport/share/image_transport/package.xml
[0.919s] Invoked command in '/home/ubuntu/ros2_ws/build/image_transport' returned '0': CMAKE_PREFIX_PATH=/opt/ros/foxy /usr/bin/cmake --install /home/ubuntu/ros2_ws/build/image_transport
