-- Found ament_cmake_ros: 0.9.2 (/opt/ros/foxy/share/ament_cmake_ros/cmake)
-- Found PythonInterp: /usr/bin/python3 (found suitable version "3.8.10", minimum required is "3") 
-- Using PYTHON_EXECUTABLE: /usr/bin/python3
Traceback (most recent call last):
  File "/opt/ros/foxy/share/ament_cmake_core/cmake/package_templates/templates_2_cmake.py", line 21, in <module>
    from ament_package.templates import get_environment_hook_template_path
ModuleNotFoundError: No module named 'ament_package'
CMake Error at /opt/ros/foxy/share/ament_cmake_core/cmake/ament_cmake_package_templates-extras.cmake:41 (message):
  execute_process(/usr/bin/python3
  /opt/ros/foxy/share/ament_cmake_core/cmake/package_templates/templates_2_cmake.py
  /home/ubuntu/ros2_ws/build/cv_bridge/ament_cmake_package_templates/templates.cmake)
  returned error code 1
Call Stack (most recent call first):
  /opt/ros/foxy/share/ament_cmake_core/cmake/ament_cmake_coreConfig.cmake:41 (include)
  /opt/ros/foxy/share/ament_cmake_test/cmake/ament_cmake_test-extras.cmake:39 (find_package)
  /opt/ros/foxy/share/ament_cmake_test/cmake/ament_cmake_testConfig.cmake:41 (include)
  /opt/ros/foxy/share/ament_cmake_pytest/cmake/ament_cmake_pytest-extras.cmake:17 (find_package)
  /opt/ros/foxy/share/ament_cmake_pytest/cmake/ament_cmake_pytestConfig.cmake:41 (include)
  /opt/ros/foxy/share/ament_cmake_ros/cmake/ament_cmake_ros-extras.cmake:19 (find_package)
  /opt/ros/foxy/share/ament_cmake_ros/cmake/ament_cmake_rosConfig.cmake:41 (include)
  CMakeLists.txt:4 (find_package)


-- Configuring incomplete, errors occurred!
See also "/home/ubuntu/ros2_ws/build/cv_bridge/CMakeFiles/CMakeOutput.log".
See also "/home/ubuntu/ros2_ws/build/cv_bridge/CMakeFiles/CMakeError.log".
