[0.018s] Invoking command in '/home/ubuntu/ros2_ws/build/cv_bridge': /usr/bin/cmake /home/ubuntu/ros2_ws/src/vision_opencv/cv_bridge -DUSE_PANGOLIN_VIEWER=ON -DUSE_SOCKET_PUBLISHER=OFF -DAMENT_CMAKE_SYMLINK_INSTALL=1 -DCMAKE_INSTALL_PREFIX=/home/ubuntu/ros2_ws/install/cv_bridge
[0.029s] -- Found ament_cmake_ros: 0.9.2 (/opt/ros/foxy/share/ament_cmake_ros/cmake)
[0.046s] -- Found PythonInterp: /usr/bin/python3 (found suitable version "3.8.10", minimum required is "3") 
[0.046s] -- Using PYTHON_EXECUTABLE: /usr/bin/python3
[0.153s] Traceback (most recent call last):
[0.153s]   File "/opt/ros/foxy/share/ament_cmake_core/cmake/package_templates/templates_2_cmake.py", line 21, in <module>
[0.153s]     from ament_package.templates import get_environment_hook_template_path
[0.153s] ModuleNotFoundError: No module named 'ament_package'
[0.188s] CMake Error at /opt/ros/foxy/share/ament_cmake_core/cmake/ament_cmake_package_templates-extras.cmake:41 (message):
[0.188s]   execute_process(/usr/bin/python3
[0.188s]   /opt/ros/foxy/share/ament_cmake_core/cmake/package_templates/templates_2_cmake.py
[0.188s]   /home/ubuntu/ros2_ws/build/cv_bridge/ament_cmake_package_templates/templates.cmake)
[0.188s]   returned error code 1
[0.188s] Call Stack (most recent call first):
[0.188s]   /opt/ros/foxy/share/ament_cmake_core/cmake/ament_cmake_coreConfig.cmake:41 (include)
[0.188s]   /opt/ros/foxy/share/ament_cmake_test/cmake/ament_cmake_test-extras.cmake:39 (find_package)
[0.189s]   /opt/ros/foxy/share/ament_cmake_test/cmake/ament_cmake_testConfig.cmake:41 (include)
[0.189s]   /opt/ros/foxy/share/ament_cmake_pytest/cmake/ament_cmake_pytest-extras.cmake:17 (find_package)
[0.189s]   /opt/ros/foxy/share/ament_cmake_pytest/cmake/ament_cmake_pytestConfig.cmake:41 (include)
[0.189s]   /opt/ros/foxy/share/ament_cmake_ros/cmake/ament_cmake_ros-extras.cmake:19 (find_package)
[0.190s]   /opt/ros/foxy/share/ament_cmake_ros/cmake/ament_cmake_rosConfig.cmake:41 (include)
[0.190s]   CMakeLists.txt:4 (find_package)
[0.190s] 
[0.191s] 
[0.192s] -- Configuring incomplete, errors occurred!
[0.192s] See also "/home/ubuntu/ros2_ws/build/cv_bridge/CMakeFiles/CMakeOutput.log".
[0.192s] See also "/home/ubuntu/ros2_ws/build/cv_bridge/CMakeFiles/CMakeError.log".
[0.200s] Invoked command in '/home/ubuntu/ros2_ws/build/cv_bridge' returned '1': /usr/bin/cmake /home/ubuntu/ros2_ws/src/vision_opencv/cv_bridge -DUSE_PANGOLIN_VIEWER=ON -DUSE_SOCKET_PUBLISHER=OFF -DAMENT_CMAKE_SYMLINK_INSTALL=1 -DCMAKE_INSTALL_PREFIX=/home/ubuntu/ros2_ws/install/cv_bridge
