[0.019s] Invoking command in '/home/ubuntu/ros2_ws/build/image_common': CMAKE_PREFIX_PATH=/home/ubuntu/ros2_ws/install/camera_info_manager:/home/ubuntu/ros2_ws/install/image_transport:/home/ubuntu/ros2_ws/install/camera_calibration_parsers:/home/ubuntu/ros2_ws/install/vision_opencv:/home/ubuntu/ros2_ws/install/image_common:/home/ubuntu/ros2_ws/install/image_geometry:/home/ubuntu/ros2_ws/install/cv_bridge:/home/ubuntu/ros2_ws/install/opencv_tests:/opt/ros/foxy LD_LIBRARY_PATH=/home/ubuntu/ros2_ws/install/camera_info_manager/lib:/home/ubuntu/ros2_ws/install/image_transport/lib:/home/ubuntu/ros2_ws/install/camera_calibration_parsers/lib:/home/ubuntu/ros2_ws/install/image_geometry/lib:/home/ubuntu/ros2_ws/install/cv_bridge/lib:/usr/lib/x86_64-linux-gnu/gazebo-11/plugins:/opt/ros/foxy/opt/yaml_cpp_vendor/lib:/opt/ros/foxy/opt/rviz_ogre_vendor/lib:/opt/ros/foxy/lib/x86_64-linux-gnu:/opt/ros/foxy/lib /usr/bin/cmake --build /home/ubuntu/ros2_ws/build/image_common -- -j16 -l16
[0.054s] Invoked command in '/home/ubuntu/ros2_ws/build/image_common' returned '0': CMAKE_PREFIX_PATH=/home/ubuntu/ros2_ws/install/camera_info_manager:/home/ubuntu/ros2_ws/install/image_transport:/home/ubuntu/ros2_ws/install/camera_calibration_parsers:/home/ubuntu/ros2_ws/install/vision_opencv:/home/ubuntu/ros2_ws/install/image_common:/home/ubuntu/ros2_ws/install/image_geometry:/home/ubuntu/ros2_ws/install/cv_bridge:/home/ubuntu/ros2_ws/install/opencv_tests:/opt/ros/foxy LD_LIBRARY_PATH=/home/ubuntu/ros2_ws/install/camera_info_manager/lib:/home/ubuntu/ros2_ws/install/image_transport/lib:/home/ubuntu/ros2_ws/install/camera_calibration_parsers/lib:/home/ubuntu/ros2_ws/install/image_geometry/lib:/home/ubuntu/ros2_ws/install/cv_bridge/lib:/usr/lib/x86_64-linux-gnu/gazebo-11/plugins:/opt/ros/foxy/opt/yaml_cpp_vendor/lib:/opt/ros/foxy/opt/rviz_ogre_vendor/lib:/opt/ros/foxy/lib/x86_64-linux-gnu:/opt/ros/foxy/lib /usr/bin/cmake --build /home/ubuntu/ros2_ws/build/image_common -- -j16 -l16
[0.072s] Invoking command in '/home/ubuntu/ros2_ws/build/image_common': CMAKE_PREFIX_PATH=/home/ubuntu/ros2_ws/install/camera_info_manager:/home/ubuntu/ros2_ws/install/image_transport:/home/ubuntu/ros2_ws/install/camera_calibration_parsers:/home/ubuntu/ros2_ws/install/vision_opencv:/home/ubuntu/ros2_ws/install/image_common:/home/ubuntu/ros2_ws/install/image_geometry:/home/ubuntu/ros2_ws/install/cv_bridge:/home/ubuntu/ros2_ws/install/opencv_tests:/opt/ros/foxy LD_LIBRARY_PATH=/home/ubuntu/ros2_ws/install/camera_info_manager/lib:/home/ubuntu/ros2_ws/install/image_transport/lib:/home/ubuntu/ros2_ws/install/camera_calibration_parsers/lib:/home/ubuntu/ros2_ws/install/image_geometry/lib:/home/ubuntu/ros2_ws/install/cv_bridge/lib:/usr/lib/x86_64-linux-gnu/gazebo-11/plugins:/opt/ros/foxy/opt/yaml_cpp_vendor/lib:/opt/ros/foxy/opt/rviz_ogre_vendor/lib:/opt/ros/foxy/lib/x86_64-linux-gnu:/opt/ros/foxy/lib /usr/bin/cmake --install /home/ubuntu/ros2_ws/build/image_common
[0.080s] -- Install configuration: ""
[0.080s] -- Execute custom install script
[0.080s] -- Up-to-date symlink: /home/ubuntu/ros2_ws/install/image_common/share/ament_index/resource_index/package_run_dependencies/image_common
[0.080s] -- Up-to-date symlink: /home/ubuntu/ros2_ws/install/image_common/share/ament_index/resource_index/parent_prefix_path/image_common
[0.080s] -- Up-to-date symlink: /home/ubuntu/ros2_ws/install/image_common/share/image_common/environment/ament_prefix_path.sh
[0.081s] -- Up-to-date symlink: /home/ubuntu/ros2_ws/install/image_common/share/image_common/environment/ament_prefix_path.dsv
[0.081s] -- Up-to-date symlink: /home/ubuntu/ros2_ws/install/image_common/share/image_common/environment/path.sh
[0.081s] -- Up-to-date symlink: /home/ubuntu/ros2_ws/install/image_common/share/image_common/environment/path.dsv
[0.081s] -- Up-to-date symlink: /home/ubuntu/ros2_ws/install/image_common/share/image_common/local_setup.bash
[0.081s] -- Up-to-date symlink: /home/ubuntu/ros2_ws/install/image_common/share/image_common/local_setup.sh
[0.081s] -- Up-to-date symlink: /home/ubuntu/ros2_ws/install/image_common/share/image_common/local_setup.zsh
[0.082s] -- Up-to-date symlink: /home/ubuntu/ros2_ws/install/image_common/share/image_common/local_setup.dsv
[0.082s] -- Symlinking: /home/ubuntu/ros2_ws/install/image_common/share/image_common/package.dsv
[0.089s] -- Up-to-date symlink: /home/ubuntu/ros2_ws/install/image_common/share/ament_index/resource_index/packages/image_common
[0.089s] -- Up-to-date symlink: /home/ubuntu/ros2_ws/install/image_common/share/image_common/cmake/image_commonConfig.cmake
[0.089s] -- Up-to-date symlink: /home/ubuntu/ros2_ws/install/image_common/share/image_common/cmake/image_commonConfig-version.cmake
[0.089s] -- Up-to-date symlink: /home/ubuntu/ros2_ws/install/image_common/share/image_common/package.xml
[0.092s] Invoked command in '/home/ubuntu/ros2_ws/build/image_common' returned '0': CMAKE_PREFIX_PATH=/home/ubuntu/ros2_ws/install/camera_info_manager:/home/ubuntu/ros2_ws/install/image_transport:/home/ubuntu/ros2_ws/install/camera_calibration_parsers:/home/ubuntu/ros2_ws/install/vision_opencv:/home/ubuntu/ros2_ws/install/image_common:/home/ubuntu/ros2_ws/install/image_geometry:/home/ubuntu/ros2_ws/install/cv_bridge:/home/ubuntu/ros2_ws/install/opencv_tests:/opt/ros/foxy LD_LIBRARY_PATH=/home/ubuntu/ros2_ws/install/camera_info_manager/lib:/home/ubuntu/ros2_ws/install/image_transport/lib:/home/ubuntu/ros2_ws/install/camera_calibration_parsers/lib:/home/ubuntu/ros2_ws/install/image_geometry/lib:/home/ubuntu/ros2_ws/install/cv_bridge/lib:/usr/lib/x86_64-linux-gnu/gazebo-11/plugins:/opt/ros/foxy/opt/yaml_cpp_vendor/lib:/opt/ros/foxy/opt/rviz_ogre_vendor/lib:/opt/ros/foxy/lib/x86_64-linux-gnu:/opt/ros/foxy/lib /usr/bin/cmake --install /home/ubuntu/ros2_ws/build/image_common
