[0.123s] Invoking command in '/home/ubuntu/ros2_ws/build/image_geometry': CMAKE_PREFIX_PATH=/opt/ros/foxy /usr/bin/cmake /home/ubuntu/ros2_ws/src/vision_opencv/image_geometry -DUSE_PANGOLIN_VIEWER=ON -DUSE_SOCKET_PUBLISHER=OFF -DAMENT_CMAKE_SYMLINK_INSTALL=1 -DCMAKE_INSTALL_PREFIX=/home/ubuntu/ros2_ws/install/image_geometry
[2.478s] -- The C compiler identification is GNU 9.4.0
[5.354s] -- The CXX compiler identification is GNU 9.4.0
[5.405s] -- Check for working C compiler: /usr/bin/cc
[5.592s] -- Check for working C compiler: /usr/bin/cc -- works
[5.593s] -- Detecting C compiler ABI info
[5.648s] -- Detecting C compiler ABI info - done
[5.663s] -- Detecting C compile features
[5.663s] -- Detecting C compile features - done
[5.666s] -- Check for working CXX compiler: /usr/bin/c++
[5.731s] -- Check for working CXX compiler: /usr/bin/c++ -- works
[5.732s] -- Detecting CXX compiler ABI info
[5.797s] -- Detecting CXX compiler ABI info - done
[5.806s] -- Detecting CXX compile features
[5.806s] -- Detecting CXX compile features - done
[5.887s] -- Found ament_cmake_python: 0.9.11 (/opt/ros/foxy/share/ament_cmake_python/cmake)
[5.939s] -- Found ament_cmake_ros: 0.9.2 (/opt/ros/foxy/share/ament_cmake_ros/cmake)
[6.398s] -- Found PythonInterp: /usr/bin/python3 (found suitable version "3.8.10", minimum required is "3") 
[6.398s] -- Using PYTHON_EXECUTABLE: /usr/bin/python3
[6.728s] -- Override CMake install command with custom implementation using symlinks instead of copying resources
[7.622s] -- Found OpenCV: /usr (found version "4.2.0") found components: calib3d core highgui imgproc 
[7.650s] -- Found sensor_msgs: 2.0.5 (/opt/ros/foxy/share/sensor_msgs/cmake)
[8.424s] -- Using all available rosidl_typesupport_c: rosidl_typesupport_fastrtps_c;rosidl_typesupport_introspection_c
[8.563s] -- Found rosidl_adapter: 1.3.0 (/opt/ros/foxy/share/rosidl_adapter/cmake)
[9.172s] -- Found OpenSSL: /usr/lib/x86_64-linux-gnu/libcrypto.so (found version "1.1.1f")  
[9.269s] -- Found FastRTPS: /opt/ros/foxy/include  
[9.505s] -- Using all available rosidl_typesupport_cpp: rosidl_typesupport_fastrtps_cpp;rosidl_typesupport_introspection_cpp
[10.148s] -- Found gtest sources under '/opt/ros/foxy/src/gtest_vendor': C++ tests using 'Google Test' will be built
[10.150s] -- Looking for pthread.h
[10.200s] -- Looking for pthread.h - found
[10.200s] -- Performing Test CMAKE_HAVE_LIBC_PTHREAD
[10.251s] -- Performing Test CMAKE_HAVE_LIBC_PTHREAD - Failed
[10.251s] -- Check if compiler accepts -pthread
[10.303s] -- Check if compiler accepts -pthread - yes
[10.303s] -- Found Threads: TRUE  
[10.524s] -- Configuring done
[10.558s] -- Generating done
[10.559s] CMake Warning:
[10.559s]   Manually-specified variables were not used by the project:
[10.560s] 
[10.560s]     USE_PANGOLIN_VIEWER
[10.560s]     USE_SOCKET_PUBLISHER
[10.560s] 
[10.560s] 
[10.560s] -- Build files have been written to: /home/ubuntu/ros2_ws/build/image_geometry
[10.567s] Invoked command in '/home/ubuntu/ros2_ws/build/image_geometry' returned '0': CMAKE_PREFIX_PATH=/opt/ros/foxy /usr/bin/cmake /home/ubuntu/ros2_ws/src/vision_opencv/image_geometry -DUSE_PANGOLIN_VIEWER=ON -DUSE_SOCKET_PUBLISHER=OFF -DAMENT_CMAKE_SYMLINK_INSTALL=1 -DCMAKE_INSTALL_PREFIX=/home/ubuntu/ros2_ws/install/image_geometry
[10.569s] Invoking command in '/home/ubuntu/ros2_ws/build/image_geometry': CMAKE_PREFIX_PATH=/opt/ros/foxy /usr/bin/cmake --build /home/ubuntu/ros2_ws/build/image_geometry -- -j16 -l16
[10.598s] [35m[1mScanning dependencies of target gtest[0m
[10.598s] [35m[1mScanning dependencies of target gtest_main[0m
[10.598s] [35m[1mScanning dependencies of target image_geometry[0m
[12.384s] [ 18%] [32mBuilding CXX object gtest/CMakeFiles/gtest.dir/src/gtest-all.cc.o[0m
[12.384s] [ 18%] [32mBuilding CXX object gtest/CMakeFiles/gtest_main.dir/src/gtest_main.cc.o[0m
[16.456s] [ 36%] [32mBuilding CXX object CMakeFiles/image_geometry.dir/src/stereo_camera_model.cpp.o[0m
[16.456s] [ 36%] [32mBuilding CXX object CMakeFiles/image_geometry.dir/src/pinhole_camera_model.cpp.o[0m
[17.420s] [ 45%] [32m[1mLinking CXX static library libgtest_main.a[0m
[17.719s] [ 45%] Built target gtest_main
[17.748s] [ 54%] [32m[1mLinking CXX shared library libimage_geometry.so[0m
[18.948s] [ 54%] Built target image_geometry
[19.793s] [ 63%] [32m[1mLinking CXX static library libgtest.a[0m
[19.834s] [ 63%] Built target gtest
[19.842s] [35m[1mScanning dependencies of target image_geometry-utest[0m
[19.842s] [35m[1mScanning dependencies of target image_geometry-utest-equi[0m
[19.867s] [ 81%] [32mBuilding CXX object test/CMakeFiles/image_geometry-utest-equi.dir/utest_equi.cpp.o[0m
[19.867s] [ 81%] [32mBuilding CXX object test/CMakeFiles/image_geometry-utest.dir/utest.cpp.o[0m
[20.900s] [ 90%] [32m[1mLinking CXX executable image_geometry-utest-equi[0m
[21.049s] [100%] [32m[1mLinking CXX executable image_geometry-utest[0m
[21.158s] [100%] Built target image_geometry-utest-equi
[21.207s] [100%] Built target image_geometry-utest
